RUN	com.xhinliang.startup.gatling.ComputerWorld	computerworld	1544861050427	 	3.0.1
USER	XhinLiang random api	1	START	1544861052056	1544861052056
USER	XhinLiang random api	2	START	1544861052100	1544861052100
USER	XhinLiang random api	3	START	1544861052135	1544861052135
USER	XhinLiang random api	4	START	1544861052155	1544861052155
USER	XhinLiang random api	5	START	1544861052175	1544861052175
USER	XhinLiang random api	6	START	1544861052195	1544861052195
USER	XhinLiang random api	7	START	1544861052225	1544861052225
USER	XhinLiang random api	8	START	1544861052245	1544861052245
USER	XhinLiang random api	9	START	1544861052265	1544861052265
USER	XhinLiang random api	10	START	1544861052285	1544861052285
USER	XhinLiang random api	11	START	1544861052305	1544861052305
USER	XhinLiang random api	12	START	1544861052325	1544861052325
USER	XhinLiang random api	13	START	1544861052345	1544861052345
USER	XhinLiang random api	14	START	1544861052365	1544861052365
USER	XhinLiang random api	15	START	1544861052385	1544861052385
USER	XhinLiang random api	16	START	1544861052405	1544861052405
USER	XhinLiang random api	17	START	1544861052425	1544861052425
USER	XhinLiang random api	18	START	1544861052446	1544861052446
USER	XhinLiang random api	19	START	1544861052465	1544861052465
USER	XhinLiang random api	20	START	1544861052485	1544861052485
USER	XhinLiang random api	21	START	1544861052506	1544861052506
USER	XhinLiang random api	22	START	1544861052525	1544861052525
USER	XhinLiang random api	23	START	1544861052545	1544861052545
USER	XhinLiang random api	24	START	1544861052565	1544861052565
USER	XhinLiang random api	25	START	1544861052585	1544861052585
USER	XhinLiang random api	26	START	1544861052605	1544861052605
USER	XhinLiang random api	27	START	1544861052625	1544861052625
USER	XhinLiang random api	28	START	1544861052645	1544861052645
USER	XhinLiang random api	29	START	1544861052665	1544861052665
USER	XhinLiang random api	30	START	1544861052685	1544861052685
USER	XhinLiang random api	31	START	1544861052705	1544861052705
USER	XhinLiang random api	32	START	1544861052725	1544861052725
USER	XhinLiang random api	33	START	1544861052745	1544861052745
USER	XhinLiang random api	34	START	1544861052766	1544861052766
USER	XhinLiang random api	35	START	1544861052785	1544861052785
USER	XhinLiang random api	36	START	1544861052805	1544861052805
USER	XhinLiang random api	37	START	1544861052826	1544861052826
USER	XhinLiang random api	38	START	1544861052845	1544861052845
USER	XhinLiang random api	39	START	1544861052865	1544861052865
USER	XhinLiang random api	40	START	1544861052885	1544861052885
USER	XhinLiang random api	41	START	1544861052905	1544861052905
USER	XhinLiang random api	42	START	1544861052925	1544861052925
USER	XhinLiang random api	43	START	1544861052945	1544861052945
USER	XhinLiang random api	44	START	1544861052966	1544861052966
USER	XhinLiang random api	45	START	1544861052985	1544861052985
USER	XhinLiang random api	46	START	1544861053005	1544861053005
USER	XhinLiang random api	47	START	1544861053025	1544861053025
USER	XhinLiang random api	48	START	1544861053045	1544861053045
USER	XhinLiang random api	49	START	1544861053065	1544861053065
USER	XhinLiang random api	50	START	1544861053085	1544861053085
USER	XhinLiang random api	51	START	1544861053105	1544861053105
USER	XhinLiang random api	52	START	1544861053135	1544861053135
USER	XhinLiang random api	53	START	1544861053155	1544861053155
USER	XhinLiang random api	54	START	1544861053175	1544861053175
USER	XhinLiang random api	55	START	1544861053195	1544861053195
USER	XhinLiang random api	56	START	1544861053215	1544861053215
USER	XhinLiang random api	57	START	1544861053235	1544861053235
USER	XhinLiang random api	58	START	1544861053255	1544861053255
USER	XhinLiang random api	59	START	1544861053275	1544861053275
USER	XhinLiang random api	60	START	1544861053296	1544861053296
USER	XhinLiang random api	61	START	1544861053315	1544861053315
USER	XhinLiang random api	62	START	1544861053335	1544861053335
USER	XhinLiang random api	63	START	1544861053355	1544861053355
USER	XhinLiang random api	64	START	1544861053375	1544861053375
USER	XhinLiang random api	65	START	1544861053395	1544861053395
USER	XhinLiang random api	66	START	1544861053415	1544861053415
USER	XhinLiang random api	67	START	1544861053436	1544861053436
USER	XhinLiang random api	68	START	1544861053455	1544861053455
USER	XhinLiang random api	69	START	1544861053475	1544861053475
USER	XhinLiang random api	70	START	1544861053495	1544861053495
USER	XhinLiang random api	71	START	1544861053515	1544861053515
USER	XhinLiang random api	72	START	1544861053535	1544861053535
USER	XhinLiang random api	73	START	1544861053555	1544861053555
USER	XhinLiang random api	74	START	1544861053575	1544861053575
USER	XhinLiang random api	75	START	1544861053595	1544861053595
USER	XhinLiang random api	76	START	1544861053615	1544861053615
USER	XhinLiang random api	77	START	1544861053635	1544861053635
USER	XhinLiang random api	78	START	1544861053655	1544861053655
USER	XhinLiang random api	79	START	1544861053675	1544861053675
USER	XhinLiang random api	80	START	1544861053695	1544861053695
USER	XhinLiang random api	81	START	1544861053715	1544861053715
USER	XhinLiang random api	82	START	1544861053735	1544861053735
USER	XhinLiang random api	83	START	1544861053755	1544861053755
USER	XhinLiang random api	84	START	1544861053776	1544861053776
USER	XhinLiang random api	85	START	1544861053795	1544861053795
USER	XhinLiang random api	86	START	1544861053815	1544861053815
USER	XhinLiang random api	87	START	1544861053835	1544861053835
USER	XhinLiang random api	88	START	1544861053855	1544861053855
USER	XhinLiang random api	89	START	1544861053875	1544861053875
USER	XhinLiang random api	90	START	1544861053895	1544861053895
USER	XhinLiang random api	91	START	1544861053915	1544861053915
USER	XhinLiang random api	92	START	1544861053935	1544861053935
USER	XhinLiang random api	93	START	1544861053955	1544861053955
USER	XhinLiang random api	94	START	1544861053976	1544861053976
USER	XhinLiang random api	95	START	1544861053995	1544861053995
USER	XhinLiang random api	96	START	1544861054015	1544861054015
USER	XhinLiang random api	97	START	1544861054035	1544861054035
USER	XhinLiang random api	98	START	1544861054055	1544861054055
USER	XhinLiang random api	99	START	1544861054075	1544861054075
USER	XhinLiang random api	103	START	1544861054085	1544861054085
USER	XhinLiang random api	100	START	1544861054095	1544861054095
USER	XhinLiang random api	104	START	1544861054105	1544861054105
USER	XhinLiang random api	101	START	1544861054115	1544861054115
USER	XhinLiang random api	105	START	1544861054125	1544861054125
USER	XhinLiang random api	102	START	1544861054135	1544861054135
USER	XhinLiang random api	106	START	1544861054146	1544861054146
USER	XhinLiang random api	107	START	1544861054165	1544861054165
USER	XhinLiang random api	108	START	1544861054185	1544861054185
USER	XhinLiang random api	109	START	1544861054205	1544861054205
REQUEST	5		random	1544861052175	1544861054189	OK	 
REQUEST	48		random	1544861053046	1544861054206	OK	 
REQUEST	1		random	1544861052095	1544861054187	OK	 
REQUEST	4		random	1544861052156	1544861054166	OK	 
USER	XhinLiang random api	4	END	1544861052155	1544861054218
USER	XhinLiang random api	48	END	1544861053045	1544861054218
USER	XhinLiang random api	5	END	1544861052175	1544861054218
USER	XhinLiang random api	1	END	1544861052056	1544861054219
REQUEST	49		random	1544861053065	1544861054220	OK	 
USER	XhinLiang random api	49	END	1544861053065	1544861054221
USER	XhinLiang random api	110	START	1544861054225	1544861054225
REQUEST	90		random	1544861053896	1544861054230	OK	 
USER	XhinLiang random api	90	END	1544861053895	1544861054231
USER	XhinLiang random api	111	START	1544861054245	1544861054245
USER	XhinLiang random api	112	START	1544861054265	1544861054265
REQUEST	84		random	1544861053776	1544861054285	OK	 
USER	XhinLiang random api	113	START	1544861054285	1544861054285
USER	XhinLiang random api	84	END	1544861053776	1544861054286
USER	XhinLiang random api	114	START	1544861054305	1544861054305
USER	XhinLiang random api	115	START	1544861054325	1544861054325
USER	XhinLiang random api	116	START	1544861054345	1544861054345
REQUEST	99		random	1544861054076	1544861054364	OK	 
USER	XhinLiang random api	117	START	1544861054365	1544861054365
USER	XhinLiang random api	99	END	1544861054075	1544861054366
USER	XhinLiang random api	118	START	1544861054385	1544861054385
REQUEST	13		random	1544861052346	1544861054392	OK	 
REQUEST	10		random	1544861052286	1544861054392	OK	 
REQUEST	16		random	1544861052406	1544861054393	OK	 
REQUEST	15		random	1544861052385	1544861054394	OK	 
USER	XhinLiang random api	15	END	1544861052385	1544861054395
USER	XhinLiang random api	10	END	1544861052285	1544861054395
REQUEST	20		random	1544861052486	1544861054396	OK	 
USER	XhinLiang random api	13	END	1544861052345	1544861054396
USER	XhinLiang random api	16	END	1544861052405	1544861054397
USER	XhinLiang random api	20	END	1544861052485	1544861054398
USER	XhinLiang random api	119	START	1544861054406	1544861054406
REQUEST	54		random	1544861053175	1544861054408	OK	 
USER	XhinLiang random api	54	END	1544861053175	1544861054410
REQUEST	92		random	1544861053936	1544861054414	OK	 
USER	XhinLiang random api	92	END	1544861053935	1544861054416
REQUEST	73		random	1544861053556	1544861054421	OK	 
USER	XhinLiang random api	73	END	1544861053555	1544861054422
USER	XhinLiang random api	120	START	1544861054425	1544861054425
REQUEST	91		random	1544861053915	1544861054428	OK	 
USER	XhinLiang random api	91	END	1544861053915	1544861054430
REQUEST	75		random	1544861053596	1544861054438	OK	 
USER	XhinLiang random api	75	END	1544861053595	1544861054439
USER	XhinLiang random api	121	START	1544861054445	1544861054445
REQUEST	76		random	1544861053616	1544861054446	OK	 
USER	XhinLiang random api	76	END	1544861053615	1544861054447
USER	XhinLiang random api	122	START	1544861054465	1544861054465
REQUEST	89		random	1544861053876	1544861054466	OK	 
USER	XhinLiang random api	89	END	1544861053875	1544861054468
USER	XhinLiang random api	123	START	1544861054485	1544861054485
USER	XhinLiang random api	124	START	1544861054505	1544861054505
USER	XhinLiang random api	125	START	1544861054526	1544861054526
USER	XhinLiang random api	126	START	1544861054545	1544861054545
REQUEST	114		random	1544861054306	1544861054563	OK	 
USER	XhinLiang random api	114	END	1544861054305	1544861054565
USER	XhinLiang random api	127	START	1544861054565	1544861054565
USER	XhinLiang random api	128	START	1544861054585	1544861054585
REQUEST	39		random	1544861052866	1544861054598	OK	 
REQUEST	35		random	1544861052786	1544861054598	OK	 
USER	XhinLiang random api	39	END	1544861052865	1544861054599
USER	XhinLiang random api	35	END	1544861052785	1544861054599
REQUEST	19		random	1544861052466	1544861054600	OK	 
USER	XhinLiang random api	19	END	1544861052465	1544861054601
USER	XhinLiang random api	129	START	1544861054605	1544861054605
REQUEST	44		random	1544861052966	1544861054605	OK	 
USER	XhinLiang random api	44	END	1544861052966	1544861054606
REQUEST	72		random	1544861053536	1544861054618	OK	 
USER	XhinLiang random api	72	END	1544861053535	1544861054619
REQUEST	83		random	1544861053756	1544861054624	OK	 
USER	XhinLiang random api	83	END	1544861053755	1544861054625
USER	XhinLiang random api	130	START	1544861054625	1544861054625
REQUEST	87		random	1544861053836	1544861054642	OK	 
USER	XhinLiang random api	87	END	1544861053835	1544861054643
USER	XhinLiang random api	131	START	1544861054645	1544861054645
REQUEST	78		random	1544861053656	1544861054652	OK	 
USER	XhinLiang random api	78	END	1544861053655	1544861054653
USER	XhinLiang random api	132	START	1544861054665	1544861054665
REQUEST	77		random	1544861053636	1544861054683	OK	 
USER	XhinLiang random api	77	END	1544861053635	1544861054684
USER	XhinLiang random api	133	START	1544861054685	1544861054685
USER	XhinLiang random api	134	START	1544861054705	1544861054705
REQUEST	122		random	1544861054466	1544861054717	OK	 
USER	XhinLiang random api	122	END	1544861054465	1544861054718
USER	XhinLiang random api	135	START	1544861054725	1544861054725
USER	XhinLiang random api	136	START	1544861054745	1544861054745
REQUEST	106		random	1544861054146	1544861054755	OK	 
USER	XhinLiang random api	106	END	1544861054146	1544861054757
USER	XhinLiang random api	137	START	1544861054765	1544861054765
USER	XhinLiang random api	138	START	1544861054785	1544861054785
USER	XhinLiang random api	139	START	1544861054805	1544861054805
USER	XhinLiang random api	140	START	1544861054826	1544861054826
REQUEST	126		random	1544861054546	1544861054844	OK	 
USER	XhinLiang random api	126	END	1544861054545	1544861054846
USER	XhinLiang random api	141	START	1544861054845	1544861054845
USER	XhinLiang random api	142	START	1544861054865	1544861054865
USER	XhinLiang random api	143	START	1544861054886	1544861054886
USER	XhinLiang random api	144	START	1544861054905	1544861054905
USER	XhinLiang random api	145	START	1544861054925	1544861054925
USER	XhinLiang random api	146	START	1544861054945	1544861054945
USER	XhinLiang random api	147	START	1544861054965	1544861054965
USER	XhinLiang random api	148	START	1544861054985	1544861054985
USER	XhinLiang random api	149	START	1544861055005	1544861055005
REQUEST	124		random	1544861054506	1544861055009	OK	 
USER	XhinLiang random api	124	END	1544861054505	1544861055011
REQUEST	17		random	1544861052426	1544861055016	OK	 
USER	XhinLiang random api	17	END	1544861052425	1544861055017
REQUEST	12		random	1544861052325	1544861055018	OK	 
USER	XhinLiang random api	12	END	1544861052325	1544861055020
REQUEST	53		random	1544861053155	1544861055025	OK	 
USER	XhinLiang random api	150	START	1544861055025	1544861055025
USER	XhinLiang random api	53	END	1544861053155	1544861055026
REQUEST	26		random	1544861052606	1544861055031	OK	 
USER	XhinLiang random api	26	END	1544861052605	1544861055032
REQUEST	55		random	1544861053196	1544861055045	OK	 
USER	XhinLiang random api	151	START	1544861055045	1544861055045
USER	XhinLiang random api	55	END	1544861053195	1544861055046
USER	XhinLiang random api	152	START	1544861055066	1544861055066
USER	XhinLiang random api	153	START	1544861055085	1544861055085
USER	XhinLiang random api	154	START	1544861055105	1544861055105
REQUEST	120		random	1544861054425	1544861055112	OK	 
USER	XhinLiang random api	120	END	1544861054425	1544861055113
USER	XhinLiang random api	155	START	1544861055126	1544861055126
USER	XhinLiang random api	156	START	1544861055145	1544861055145
REQUEST	132		random	1544861054666	1544861055147	OK	 
USER	XhinLiang random api	132	END	1544861054665	1544861055148
USER	XhinLiang random api	157	START	1544861055165	1544861055165
REQUEST	74		random	1544861053575	1544861055179	OK	 
USER	XhinLiang random api	74	END	1544861053575	1544861055180
USER	XhinLiang random api	158	START	1544861055185	1544861055185
USER	XhinLiang random api	159	START	1544861055205	1544861055205
USER	XhinLiang random api	160	START	1544861055225	1544861055225
USER	XhinLiang random api	161	START	1544861055246	1544861055246
USER	XhinLiang random api	162	START	1544861055265	1544861055265
USER	XhinLiang random api	163	START	1544861055285	1544861055285
USER	XhinLiang random api	164	START	1544861055306	1544861055306
USER	XhinLiang random api	165	START	1544861055325	1544861055325
USER	XhinLiang random api	166	START	1544861055345	1544861055345
USER	XhinLiang random api	167	START	1544861055365	1544861055365
USER	XhinLiang random api	168	START	1544861055385	1544861055385
REQUEST	113		random	1544861054286	1544861055391	OK	 
USER	XhinLiang random api	113	END	1544861054285	1544861055392
USER	XhinLiang random api	169	START	1544861055405	1544861055405
USER	XhinLiang random api	170	START	1544861055426	1544861055426
REQUEST	157		random	1544861055166	1544861055432	OK	 
USER	XhinLiang random api	157	END	1544861055165	1544861055434
USER	XhinLiang random api	171	START	1544861055445	1544861055445
USER	XhinLiang random api	172	START	1544861055465	1544861055465
USER	XhinLiang random api	173	START	1544861055485	1544861055485
USER	XhinLiang random api	174	START	1544861055505	1544861055505
REQUEST	140		random	1544861054827	1544861055504	OK	 
USER	XhinLiang random api	140	END	1544861054826	1544861055509
USER	XhinLiang random api	175	START	1544861055526	1544861055526
USER	XhinLiang random api	176	START	1544861055546	1544861055546
USER	XhinLiang random api	177	START	1544861055565	1544861055565
REQUEST	105		random	1544861054126	1544861055571	OK	 
USER	XhinLiang random api	105	END	1544861054125	1544861055572
USER	XhinLiang random api	178	START	1544861055585	1544861055585
USER	XhinLiang random api	179	START	1544861055605	1544861055605
USER	XhinLiang random api	180	START	1544861055625	1544861055625
USER	XhinLiang random api	181	START	1544861055645	1544861055645
USER	XhinLiang random api	182	START	1544861055665	1544861055665
USER	XhinLiang random api	183	START	1544861055685	1544861055685
USER	XhinLiang random api	184	START	1544861055705	1544861055705
USER	XhinLiang random api	185	START	1544861055725	1544861055725
USER	XhinLiang random api	186	START	1544861055745	1544861055745
REQUEST	150		random	1544861055026	1544861055750	OK	 
USER	XhinLiang random api	150	END	1544861055025	1544861055752
USER	XhinLiang random api	187	START	1544861055765	1544861055765
USER	XhinLiang random api	188	START	1544861055785	1544861055785
REQUEST	143		random	1544861054886	1544861055790	OK	 
USER	XhinLiang random api	143	END	1544861054886	1544861055792
USER	XhinLiang random api	189	START	1544861055805	1544861055805
USER	XhinLiang random api	190	START	1544861055825	1544861055825
REQUEST	115		random	1544861054325	1544861055830	OK	 
USER	XhinLiang random api	115	END	1544861054325	1544861055831
REQUEST	112		random	1544861054265	1544861055836	OK	 
USER	XhinLiang random api	112	END	1544861054265	1544861055837
REQUEST	18		random	1544861052446	1544861055844	OK	 
USER	XhinLiang random api	18	END	1544861052446	1544861055845
USER	XhinLiang random api	191	START	1544861055845	1544861055845
REQUEST	14		random	1544861052366	1544861055852	OK	 
USER	XhinLiang random api	14	END	1544861052365	1544861055853
REQUEST	68		random	1544861053456	1544861055857	OK	 
USER	XhinLiang random api	68	END	1544861053455	1544861055858
REQUEST	3		random	1544861052136	1544861055864	OK	 
USER	XhinLiang random api	3	END	1544861052135	1544861055865
USER	XhinLiang random api	192	START	1544861055865	1544861055865
REQUEST	27		random	1544861052626	1544861055870	OK	 
USER	XhinLiang random api	27	END	1544861052625	1544861055871
USER	XhinLiang random api	193	START	1544861055885	1544861055885
USER	XhinLiang random api	194	START	1544861055905	1544861055905
USER	XhinLiang random api	195	START	1544861055925	1544861055925
USER	XhinLiang random api	196	START	1544861055945	1544861055945
USER	XhinLiang random api	197	START	1544861055965	1544861055965
USER	XhinLiang random api	198	START	1544861055985	1544861055985
USER	XhinLiang random api	199	START	1544861056006	1544861056006
REQUEST	154		random	1544861055106	1544861056006	OK	 
USER	XhinLiang random api	154	END	1544861055105	1544861056009
REQUEST	176		random	1544861055546	1544861056017	OK	 
USER	XhinLiang random api	176	END	1544861055546	1544861056018
USER	XhinLiang random api	200	START	1544861056025	1544861056025
USER	XhinLiang random api	201	START	1544861056045	1544861056045
USER	XhinLiang random api	202	START	1544861056065	1544861056065
USER	XhinLiang random api	203	START	1544861056085	1544861056085
REQUEST	158		random	1544861055186	1544861056105	OK	 
USER	XhinLiang random api	204	START	1544861056105	1544861056105
USER	XhinLiang random api	158	END	1544861055185	1544861056106
USER	XhinLiang random api	205	START	1544861056125	1544861056125
USER	XhinLiang random api	206	START	1544861056146	1544861056146
REQUEST	173		random	1544861055485	1544861056160	OK	 
USER	XhinLiang random api	173	END	1544861055485	1544861056162
USER	XhinLiang random api	207	START	1544861056165	1544861056165
USER	XhinLiang random api	208	START	1544861056185	1544861056185
REQUEST	184		random	1544861055706	1544861056198	OK	 
USER	XhinLiang random api	184	END	1544861055705	1544861056199
USER	XhinLiang random api	209	START	1544861056206	1544861056206
USER	XhinLiang random api	210	START	1544861056225	1544861056225
USER	XhinLiang random api	211	START	1544861056245	1544861056245
USER	XhinLiang random api	212	START	1544861056266	1544861056266
USER	XhinLiang random api	213	START	1544861056285	1544861056285
USER	XhinLiang random api	214	START	1544861056305	1544861056305
REQUEST	201		random	1544861056046	1544861056308	OK	 
USER	XhinLiang random api	201	END	1544861056045	1544861056310
USER	XhinLiang random api	215	START	1544861056326	1544861056326
USER	XhinLiang random api	216	START	1544861056345	1544861056345
USER	XhinLiang random api	217	START	1544861056365	1544861056365
REQUEST	130		random	1544861054626	1544861056379	OK	 
USER	XhinLiang random api	130	END	1544861054625	1544861056380
USER	XhinLiang random api	218	START	1544861056386	1544861056386
USER	XhinLiang random api	219	START	1544861056405	1544861056405
USER	XhinLiang random api	220	START	1544861056425	1544861056425
USER	XhinLiang random api	221	START	1544861056445	1544861056445
USER	XhinLiang random api	222	START	1544861056465	1544861056465
USER	XhinLiang random api	223	START	1544861056485	1544861056485
REQUEST	200		random	1544861056026	1544861056502	OK	 
USER	XhinLiang random api	200	END	1544861056025	1544861056504
USER	XhinLiang random api	224	START	1544861056505	1544861056505
USER	XhinLiang random api	225	START	1544861056525	1544861056525
USER	XhinLiang random api	226	START	1544861056545	1544861056545
USER	XhinLiang random api	227	START	1544861056565	1544861056565
USER	XhinLiang random api	228	START	1544861056585	1544861056585
USER	XhinLiang random api	229	START	1544861056605	1544861056605
USER	XhinLiang random api	230	START	1544861056625	1544861056625
USER	XhinLiang random api	231	START	1544861056645	1544861056645
USER	XhinLiang random api	232	START	1544861056666	1544861056666
USER	XhinLiang random api	233	START	1544861056685	1544861056685
USER	XhinLiang random api	234	START	1544861056705	1544861056705
USER	XhinLiang random api	235	START	1544861056725	1544861056725
USER	XhinLiang random api	236	START	1544861056746	1544861056746
USER	XhinLiang random api	237	START	1544861056765	1544861056765
USER	XhinLiang random api	238	START	1544861056785	1544861056785
USER	XhinLiang random api	239	START	1544861056805	1544861056805
USER	XhinLiang random api	240	START	1544861056825	1544861056825
USER	XhinLiang random api	241	START	1544861056845	1544861056845
USER	XhinLiang random api	242	START	1544861056865	1544861056865
USER	XhinLiang random api	243	START	1544861056885	1544861056885
USER	XhinLiang random api	244	START	1544861056906	1544861056906
USER	XhinLiang random api	245	START	1544861056925	1544861056925
USER	XhinLiang random api	246	START	1544861056945	1544861056945
USER	XhinLiang random api	247	START	1544861056965	1544861056965
USER	XhinLiang random api	248	START	1544861056985	1544861056985
USER	XhinLiang random api	249	START	1544861057005	1544861057005
REQUEST	226		random	1544861056546	1544861057010	OK	 
USER	XhinLiang random api	226	END	1544861056545	1544861057011
USER	XhinLiang random api	250	START	1544861057025	1544861057025
REQUEST	227		random	1544861056565	1544861057026	OK	 
USER	XhinLiang random api	227	END	1544861056565	1544861057027
USER	XhinLiang random api	251	START	1544861057045	1544861057045
REQUEST	156		random	1544861055146	1544861057056	OK	 
USER	XhinLiang random api	156	END	1544861055145	1544861057057
USER	XhinLiang random api	252	START	1544861057066	1544861057066
USER	XhinLiang random api	253	START	1544861057085	1544861057085
USER	XhinLiang random api	254	START	1544861057105	1544861057105
USER	XhinLiang random api	255	START	1544861057125	1544861057125
USER	XhinLiang random api	256	START	1544861057145	1544861057145
REQUEST	170		random	1544861055426	1544861057158	OK	 
USER	XhinLiang random api	170	END	1544861055426	1544861057159
USER	XhinLiang random api	257	START	1544861057165	1544861057165
REQUEST	118		random	1544861054386	1544861057168	OK	 
USER	XhinLiang random api	118	END	1544861054385	1544861057169
USER	XhinLiang random api	258	START	1544861057185	1544861057185
USER	XhinLiang random api	259	START	1544861057206	1544861057206
REQUEST	215		random	1544861056327	1544861057221	OK	 
USER	XhinLiang random api	215	END	1544861056326	1544861057223
USER	XhinLiang random api	260	START	1544861057225	1544861057225
USER	XhinLiang random api	261	START	1544861057245	1544861057245
USER	XhinLiang random api	262	START	1544861057266	1544861057266
USER	XhinLiang random api	263	START	1544861057285	1544861057285
USER	XhinLiang random api	264	START	1544861057305	1544861057305
REQUEST	172		random	1544861055466	1544861057314	OK	 
USER	XhinLiang random api	172	END	1544861055465	1544861057315
USER	XhinLiang random api	265	START	1544861057326	1544861057326
USER	XhinLiang random api	266	START	1544861057345	1544861057345
USER	XhinLiang random api	267	START	1544861057365	1544861057365
USER	XhinLiang random api	268	START	1544861057385	1544861057385
USER	XhinLiang random api	269	START	1544861057405	1544861057405
USER	XhinLiang random api	270	START	1544861057425	1544861057425
USER	XhinLiang random api	271	START	1544861057445	1544861057445
USER	XhinLiang random api	272	START	1544861057465	1544861057465
USER	XhinLiang random api	273	START	1544861057485	1544861057485
USER	XhinLiang random api	274	START	1544861057506	1544861057506
REQUEST	50		random	1544861053085	1544861057515	OK	 
USER	XhinLiang random api	50	END	1544861053085	1544861057516
REQUEST	69		random	1544861053476	1544861057518	OK	 
USER	XhinLiang random api	69	END	1544861053475	1544861057520
REQUEST	30		random	1544861052686	1544861057522	OK	 
USER	XhinLiang random api	30	END	1544861052685	1544861057523
USER	XhinLiang random api	275	START	1544861057525	1544861057525
REQUEST	6		random	1544861052196	1544861057534	OK	 
USER	XhinLiang random api	6	END	1544861052195	1544861057535
REQUEST	25		random	1544861052586	1544861057538	OK	 
USER	XhinLiang random api	25	END	1544861052585	1544861057539
USER	XhinLiang random api	276	START	1544861057545	1544861057545
REQUEST	71		random	1544861053516	1544861057550	OK	 
USER	XhinLiang random api	71	END	1544861053515	1544861057551
USER	XhinLiang random api	277	START	1544861057565	1544861057565
USER	XhinLiang random api	278	START	1544861057585	1544861057585
USER	XhinLiang random api	279	START	1544861057605	1544861057605
USER	XhinLiang random api	280	START	1544861057626	1544861057626
USER	XhinLiang random api	281	START	1544861057645	1544861057645
USER	XhinLiang random api	282	START	1544861057665	1544861057665
USER	XhinLiang random api	283	START	1544861057685	1544861057685
USER	XhinLiang random api	284	START	1544861057705	1544861057705
USER	XhinLiang random api	285	START	1544861057725	1544861057725
USER	XhinLiang random api	286	START	1544861057745	1544861057745
REQUEST	79		random	1544861053676	1544861057748	OK	 
USER	XhinLiang random api	79	END	1544861053675	1544861057750
USER	XhinLiang random api	287	START	1544861057765	1544861057765
REQUEST	190		random	1544861055826	1544861057781	OK	 
USER	XhinLiang random api	190	END	1544861055825	1544861057782
USER	XhinLiang random api	288	START	1544861057785	1544861057785
USER	XhinLiang random api	289	START	1544861057805	1544861057805
USER	XhinLiang random api	290	START	1544861057826	1544861057826
USER	XhinLiang random api	291	START	1544861057845	1544861057845
REQUEST	104		random	1544861054106	1544861057846	OK	 
USER	XhinLiang random api	104	END	1544861054105	1544861057847
USER	XhinLiang random api	292	START	1544861057865	1544861057865
USER	XhinLiang random api	293	START	1544861057885	1544861057885
USER	XhinLiang random api	294	START	1544861057906	1544861057906
USER	XhinLiang random api	295	START	1544861057925	1544861057925
REQUEST	209		random	1544861056206	1544861057938	OK	 
USER	XhinLiang random api	209	END	1544861056206	1544861057940
USER	XhinLiang random api	296	START	1544861057945	1544861057945
REQUEST	273		random	1544861057486	1544861057953	OK	 
USER	XhinLiang random api	273	END	1544861057485	1544861057954
REQUEST	242		random	1544861056866	1544861057956	OK	 
USER	XhinLiang random api	242	END	1544861056865	1544861057957
USER	XhinLiang random api	297	START	1544861057966	1544861057966
USER	XhinLiang random api	298	START	1544861057985	1544861057985
USER	XhinLiang random api	299	START	1544861058005	1544861058005
USER	XhinLiang random api	300	START	1544861058026	1544861058026
REQUEST	277		random	1544861057565	1544861058031	OK	 
USER	XhinLiang random api	277	END	1544861057565	1544861058033
USER	XhinLiang random api	301	START	1544861058045	1544861058045
REQUEST	257		random	1544861057166	1544861058056	OK	 
USER	XhinLiang random api	257	END	1544861057165	1544861058057
USER	XhinLiang random api	302	START	1544861058065	1544861058065
USER	XhinLiang random api	303	START	1544861058085	1544861058085
REQUEST	248		random	1544861056986	1544861058091	OK	 
USER	XhinLiang random api	248	END	1544861056985	1544861058092
USER	XhinLiang random api	304	START	1544861058105	1544861058105
USER	XhinLiang random api	305	START	1544861058125	1544861058125
USER	XhinLiang random api	306	START	1544861058146	1544861058146
USER	XhinLiang random api	307	START	1544861058165	1544861058165
USER	XhinLiang random api	308	START	1544861058185	1544861058185
USER	XhinLiang random api	309	START	1544861058206	1544861058206
USER	XhinLiang random api	310	START	1544861058225	1544861058225
USER	XhinLiang random api	311	START	1544861058245	1544861058245
USER	XhinLiang random api	312	START	1544861058266	1544861058266
USER	XhinLiang random api	313	START	1544861058285	1544861058285
USER	XhinLiang random api	314	START	1544861058305	1544861058305
REQUEST	208		random	1544861056186	1544861058307	OK	 
USER	XhinLiang random api	208	END	1544861056185	1544861058308
USER	XhinLiang random api	315	START	1544861058325	1544861058325
USER	XhinLiang random api	316	START	1544861058345	1544861058345
REQUEST	164		random	1544861055306	1544861058355	OK	 
USER	XhinLiang random api	164	END	1544861055306	1544861058356
REQUEST	220		random	1544861056426	1544861058359	OK	 
USER	XhinLiang random api	220	END	1544861056425	1544861058360
USER	XhinLiang random api	317	START	1544861058365	1544861058365
USER	XhinLiang random api	318	START	1544861058385	1544861058385
USER	XhinLiang random api	319	START	1544861058405	1544861058405
USER	XhinLiang random api	320	START	1544861058425	1544861058425
REQUEST	149		random	1544861055005	1544861058439	OK	 
USER	XhinLiang random api	149	END	1544861055005	1544861058440
REQUEST	235		random	1544861056726	1544861058443	OK	 
USER	XhinLiang random api	235	END	1544861056725	1544861058445
USER	XhinLiang random api	321	START	1544861058445	1544861058445
USER	XhinLiang random api	322	START	1544861058465	1544861058465
USER	XhinLiang random api	323	START	1544861058485	1544861058485
REQUEST	139		random	1544861054806	1544861058499	OK	 
USER	XhinLiang random api	139	END	1544861054805	1544861058500
USER	XhinLiang random api	324	START	1544861058505	1544861058505
USER	XhinLiang random api	325	START	1544861058525	1544861058525
USER	XhinLiang random api	326	START	1544861058545	1544861058545
REQUEST	168		random	1544861055386	1544861058547	OK	 
USER	XhinLiang random api	168	END	1544861055385	1544861058548
REQUEST	148		random	1544861054986	1544861058556	OK	 
USER	XhinLiang random api	148	END	1544861054985	1544861058557
USER	XhinLiang random api	327	START	1544861058565	1544861058565
USER	XhinLiang random api	328	START	1544861058585	1544861058585
USER	XhinLiang random api	329	START	1544861058605	1544861058605
USER	XhinLiang random api	330	START	1544861058625	1544861058625
REQUEST	188		random	1544861055786	1544861058628	OK	 
USER	XhinLiang random api	188	END	1544861055785	1544861058630
USER	XhinLiang random api	331	START	1544861058645	1544861058645
USER	XhinLiang random api	332	START	1544861058665	1544861058665
REQUEST	247		random	1544861056966	1544861058677	OK	 
USER	XhinLiang random api	247	END	1544861056965	1544861058678
USER	XhinLiang random api	333	START	1544861058685	1544861058685
USER	XhinLiang random api	334	START	1544861058705	1544861058705
REQUEST	259		random	1544861057206	1544861058711	OK	 
USER	XhinLiang random api	259	END	1544861057206	1544861058712
USER	XhinLiang random api	335	START	1544861058725	1544861058725
USER	XhinLiang random api	336	START	1544861058745	1544861058745
USER	XhinLiang random api	337	START	1544861058765	1544861058765
USER	XhinLiang random api	338	START	1544861058785	1544861058785
USER	XhinLiang random api	339	START	1544861058805	1544861058805
REQUEST	180		random	1544861055626	1544861058822	OK	 
USER	XhinLiang random api	180	END	1544861055625	1544861058823
USER	XhinLiang random api	340	START	1544861058825	1544861058825
USER	XhinLiang random api	341	START	1544861058845	1544861058845
REQUEST	308		random	1544861058186	1544861058864	OK	 
USER	XhinLiang random api	308	END	1544861058185	1544861058865
USER	XhinLiang random api	342	START	1544861058865	1544861058865
USER	XhinLiang random api	343	START	1544861058885	1544861058885
USER	XhinLiang random api	344	START	1544861058905	1544861058905
USER	XhinLiang random api	345	START	1544861058925	1544861058925
USER	XhinLiang random api	346	START	1544861058945	1544861058945
USER	XhinLiang random api	347	START	1544861058966	1544861058966
USER	XhinLiang random api	348	START	1544861058985	1544861058985
REQUEST	322		random	1544861058466	1544861058999	OK	 
USER	XhinLiang random api	322	END	1544861058465	1544861059000
USER	XhinLiang random api	349	START	1544861059005	1544861059005
USER	XhinLiang random api	350	START	1544861059025	1544861059025
USER	XhinLiang random api	351	START	1544861059045	1544861059045
USER	XhinLiang random api	352	START	1544861059065	1544861059065
USER	XhinLiang random api	353	START	1544861059086	1544861059086
USER	XhinLiang random api	354	START	1544861059105	1544861059105
USER	XhinLiang random api	355	START	1544861059125	1544861059125
USER	XhinLiang random api	356	START	1544861059146	1544861059146
USER	XhinLiang random api	357	START	1544861059165	1544861059165
REQUEST	293		random	1544861057886	1544861059177	OK	 
USER	XhinLiang random api	293	END	1544861057885	1544861059178
USER	XhinLiang random api	358	START	1544861059185	1544861059185
REQUEST	182		random	1544861055666	1544861059186	OK	 
USER	XhinLiang random api	182	END	1544861055665	1544861059187
REQUEST	301		random	1544861058046	1544861059204	OK	 
USER	XhinLiang random api	301	END	1544861058045	1544861059205
USER	XhinLiang random api	359	START	1544861059205	1544861059205
REQUEST	312		random	1544861058267	1544861059209	OK	 
USER	XhinLiang random api	312	END	1544861058266	1544861059210
USER	XhinLiang random api	360	START	1544861059225	1544861059225
USER	XhinLiang random api	361	START	1544861059245	1544861059245
USER	XhinLiang random api	362	START	1544861059265	1544861059265
USER	XhinLiang random api	363	START	1544861059285	1544861059285
REQUEST	319		random	1544861058406	1544861059303	OK	 
USER	XhinLiang random api	319	END	1544861058405	1544861059304
USER	XhinLiang random api	364	START	1544861059305	1544861059305
USER	XhinLiang random api	365	START	1544861059325	1544861059325
USER	XhinLiang random api	366	START	1544861059346	1544861059346
REQUEST	288		random	1544861057786	1544861059354	OK	 
USER	XhinLiang random api	288	END	1544861057785	1544861059355
REQUEST	269		random	1544861057406	1544861059358	OK	 
USER	XhinLiang random api	269	END	1544861057405	1544861059359
USER	XhinLiang random api	367	START	1544861059365	1544861059365
REQUEST	342		random	1544861058866	1544861059375	OK	 
USER	XhinLiang random api	342	END	1544861058865	1544861059376
USER	XhinLiang random api	368	START	1544861059385	1544861059385
REQUEST	231		random	1544861056646	1544861059397	OK	 
USER	XhinLiang random api	231	END	1544861056645	1544861059398
USER	XhinLiang random api	369	START	1544861059406	1544861059406
USER	XhinLiang random api	370	START	1544861059425	1544861059425
USER	XhinLiang random api	371	START	1544861059445	1544861059445
USER	XhinLiang random api	372	START	1544861059465	1544861059465
USER	XhinLiang random api	373	START	1544861059485	1544861059485
REQUEST	339		random	1544861058806	1544861059486	OK	 
USER	XhinLiang random api	339	END	1544861058805	1544861059487
REQUEST	119		random	1544861054406	1544861059495	OK	 
USER	XhinLiang random api	119	END	1544861054406	1544861059496
USER	XhinLiang random api	374	START	1544861059505	1544861059505
USER	XhinLiang random api	375	START	1544861059525	1544861059525
USER	XhinLiang random api	376	START	1544861059545	1544861059545
USER	XhinLiang random api	377	START	1544861059565	1544861059565
USER	XhinLiang random api	378	START	1544861059585	1544861059585
REQUEST	251		random	1544861057046	1544861059595	OK	 
USER	XhinLiang random api	251	END	1544861057045	1544861059596
USER	XhinLiang random api	379	START	1544861059605	1544861059605
REQUEST	210		random	1544861056226	1544861059613	OK	 
USER	XhinLiang random api	210	END	1544861056225	1544861059614
USER	XhinLiang random api	380	START	1544861059625	1544861059625
USER	XhinLiang random api	381	START	1544861059645	1544861059645
REQUEST	221		random	1544861056446	1544861059653	OK	 
USER	XhinLiang random api	221	END	1544861056445	1544861059654
USER	XhinLiang random api	382	START	1544861059665	1544861059665
USER	XhinLiang random api	383	START	1544861059685	1544861059685
USER	XhinLiang random api	384	START	1544861059705	1544861059705
REQUEST	214		random	1544861056306	1544861059717	OK	 
USER	XhinLiang random api	214	END	1544861056305	1544861059717
USER	XhinLiang random api	385	START	1544861059725	1544861059725
USER	XhinLiang random api	386	START	1544861059745	1544861059745
REQUEST	280		random	1544861057626	1544861059757	OK	 
USER	XhinLiang random api	280	END	1544861057626	1544861059758
USER	XhinLiang random api	387	START	1544861059765	1544861059765
USER	XhinLiang random api	388	START	1544861059785	1544861059785
REQUEST	315		random	1544861058326	1544861059799	OK	 
USER	XhinLiang random api	315	END	1544861058325	1544861059800
USER	XhinLiang random api	389	START	1544861059806	1544861059806
USER	XhinLiang random api	390	START	1544861059825	1544861059825
USER	XhinLiang random api	391	START	1544861059845	1544861059845
USER	XhinLiang random api	392	START	1544861059865	1544861059865
USER	XhinLiang random api	393	START	1544861059885	1544861059885
REQUEST	223		random	1544861056486	1544861059888	OK	 
USER	XhinLiang random api	223	END	1544861056485	1544861059889
USER	XhinLiang random api	394	START	1544861059905	1544861059905
REQUEST	236		random	1544861056746	1544861059919	OK	 
USER	XhinLiang random api	236	END	1544861056746	1544861059920
USER	XhinLiang random api	395	START	1544861059925	1544861059925
USER	XhinLiang random api	396	START	1544861059945	1544861059945
REQUEST	228		random	1544861056586	1544861059955	OK	 
USER	XhinLiang random api	228	END	1544861056585	1544861059956
USER	XhinLiang random api	397	START	1544861059965	1544861059965
USER	XhinLiang random api	398	START	1544861059985	1544861059985
USER	XhinLiang random api	399	START	1544861060006	1544861060006
USER	XhinLiang random api	400	START	1544861060025	1544861060025
USER	XhinLiang random api	401	START	1544861060045	1544861060045
USER	XhinLiang random api	402	START	1544861060065	1544861060065
USER	XhinLiang random api	403	START	1544861060085	1544861060085
USER	XhinLiang random api	404	START	1544861060105	1544861060105
USER	XhinLiang random api	405	START	1544861060125	1544861060125
USER	XhinLiang random api	406	START	1544861060145	1544861060145
USER	XhinLiang random api	407	START	1544861060165	1544861060165
USER	XhinLiang random api	408	START	1544861060185	1544861060185
USER	XhinLiang random api	409	START	1544861060205	1544861060205
REQUEST	230		random	1544861056626	1544861060215	OK	 
USER	XhinLiang random api	230	END	1544861056625	1544861060216
USER	XhinLiang random api	410	START	1544861060225	1544861060225
USER	XhinLiang random api	411	START	1544861060246	1544861060246
USER	XhinLiang random api	412	START	1544861060265	1544861060265
REQUEST	397		random	1544861059966	1544861060276	OK	 
USER	XhinLiang random api	397	END	1544861059965	1544861060277
REQUEST	254		random	1544861057106	1544861060277	OK	 
USER	XhinLiang random api	254	END	1544861057105	1544861060278
USER	XhinLiang random api	413	START	1544861060285	1544861060285
REQUEST	388		random	1544861059786	1544861060288	OK	 
USER	XhinLiang random api	388	END	1544861059785	1544861060289
USER	XhinLiang random api	414	START	1544861060305	1544861060305
USER	XhinLiang random api	415	START	1544861060326	1544861060326
USER	XhinLiang random api	416	START	1544861060345	1544861060345
USER	XhinLiang random api	417	START	1544861060365	1544861060365
USER	XhinLiang random api	418	START	1544861060386	1544861060386
USER	XhinLiang random api	419	START	1544861060405	1544861060405
REQUEST	363		random	1544861059285	1544861060417	OK	 
USER	XhinLiang random api	363	END	1544861059285	1544861060418
USER	XhinLiang random api	420	START	1544861060425	1544861060425
REQUEST	405		random	1544861060126	1544861060436	OK	 
USER	XhinLiang random api	405	END	1544861060125	1544861060437
USER	XhinLiang random api	421	START	1544861060446	1544861060446
USER	XhinLiang random api	422	START	1544861060465	1544861060465
USER	XhinLiang random api	423	START	1544861060485	1544861060485
REQUEST	375		random	1544861059526	1544861060489	OK	 
USER	XhinLiang random api	375	END	1544861059525	1544861060490
USER	XhinLiang random api	424	START	1544861060505	1544861060505
USER	XhinLiang random api	425	START	1544861060525	1544861060525
USER	XhinLiang random api	426	START	1544861060545	1544861060545
USER	XhinLiang random api	427	START	1544861060565	1544861060565
USER	XhinLiang random api	428	START	1544861060585	1544861060585
USER	XhinLiang random api	429	START	1544861060605	1544861060605
USER	XhinLiang random api	430	START	1544861060625	1544861060625
REQUEST	195		random	1544861055926	1544861060630	OK	 
USER	XhinLiang random api	195	END	1544861055925	1544861060631
USER	XhinLiang random api	431	START	1544861060645	1544861060645
USER	XhinLiang random api	432	START	1544861060665	1544861060665
USER	XhinLiang random api	433	START	1544861060685	1544861060685
REQUEST	276		random	1544861057546	1544861060704	OK	 
USER	XhinLiang random api	276	END	1544861057545	1544861060706
USER	XhinLiang random api	434	START	1544861060705	1544861060705
USER	XhinLiang random api	435	START	1544861060725	1544861060725
USER	XhinLiang random api	436	START	1544861060745	1544861060745
REQUEST	97		random	1544861054037	1544861060749	OK	 
USER	XhinLiang random api	97	END	1544861054035	1544861060751
REQUEST	96		random	1544861054016	1544861060761	OK	 
USER	XhinLiang random api	96	END	1544861054015	1544861060762
USER	XhinLiang random api	437	START	1544861060765	1544861060765
USER	XhinLiang random api	438	START	1544861060785	1544861060785
USER	XhinLiang random api	439	START	1544861060805	1544861060805
REQUEST	21		random	1544861052506	1544861060822	OK	 
USER	XhinLiang random api	21	END	1544861052506	1544861060823
USER	XhinLiang random api	440	START	1544861060825	1544861060825
REQUEST	59		random	1544861053276	1544861060838	OK	 
USER	XhinLiang random api	59	END	1544861053275	1544861060839
REQUEST	51		random	1544861053106	1544861060839	OK	 
USER	XhinLiang random api	51	END	1544861053105	1544861060840
USER	XhinLiang random api	441	START	1544861060845	1544861060845
REQUEST	229		random	1544861056606	1544861060847	OK	 
USER	XhinLiang random api	229	END	1544861056605	1544861060848
REQUEST	37		random	1544861052826	1544861060854	OK	 
USER	XhinLiang random api	37	END	1544861052826	1544861060855
REQUEST	232		random	1544861056666	1544861060863	OK	 
USER	XhinLiang random api	232	END	1544861056666	1544861060864
USER	XhinLiang random api	442	START	1544861060865	1544861060865
REQUEST	58		random	1544861053256	1544861060870	OK	 
USER	XhinLiang random api	58	END	1544861053255	1544861060871
USER	XhinLiang random api	443	START	1544861060885	1544861060885
REQUEST	28		random	1544861052646	1544861060888	OK	 
USER	XhinLiang random api	28	END	1544861052645	1544861060889
USER	XhinLiang random api	444	START	1544861060905	1544861060905
REQUEST	337		random	1544861058765	1544861060920	OK	 
USER	XhinLiang random api	337	END	1544861058765	1544861060921
USER	XhinLiang random api	445	START	1544861060926	1544861060926
REQUEST	204		random	1544861056106	1544861060928	OK	 
USER	XhinLiang random api	204	END	1544861056105	1544861060929
USER	XhinLiang random api	446	START	1544861060945	1544861060945
USER	XhinLiang random api	447	START	1544861060965	1544861060965
USER	XhinLiang random api	448	START	1544861060985	1544861060985
USER	XhinLiang random api	449	START	1544861061005	1544861061005
REQUEST	271		random	1544861057445	1544861061013	OK	 
USER	XhinLiang random api	271	END	1544861057445	1544861061013
USER	XhinLiang random api	450	START	1544861061025	1544861061025
REQUEST	292		random	1544861057866	1544861061041	OK	 
USER	XhinLiang random api	292	END	1544861057865	1544861061042
USER	XhinLiang random api	451	START	1544861061045	1544861061045
USER	XhinLiang random api	452	START	1544861061066	1544861061066
USER	XhinLiang random api	453	START	1544861061085	1544861061085
USER	XhinLiang random api	454	START	1544861061105	1544861061105
REQUEST	222		random	1544861056466	1544861061121	OK	 
USER	XhinLiang random api	222	END	1544861056465	1544861061121
USER	XhinLiang random api	455	START	1544861061125	1544861061125
USER	XhinLiang random api	456	START	1544861061145	1544861061145
USER	XhinLiang random api	457	START	1544861061165	1544861061165
USER	XhinLiang random api	458	START	1544861061185	1544861061185
USER	XhinLiang random api	459	START	1544861061205	1544861061205
USER	XhinLiang random api	460	START	1544861061225	1544861061225
USER	XhinLiang random api	461	START	1544861061245	1544861061245
USER	XhinLiang random api	462	START	1544861061266	1544861061266
USER	XhinLiang random api	463	START	1544861061285	1544861061285
USER	XhinLiang random api	464	START	1544861061305	1544861061305
REQUEST	286		random	1544861057746	1544861061313	OK	 
USER	XhinLiang random api	286	END	1544861057745	1544861061314
USER	XhinLiang random api	465	START	1544861061326	1544861061326
USER	XhinLiang random api	466	START	1544861061345	1544861061345
REQUEST	453		random	1544861061085	1544861061365	OK	 
USER	XhinLiang random api	453	END	1544861061085	1544861061366
USER	XhinLiang random api	467	START	1544861061365	1544861061365
REQUEST	278		random	1544861057586	1544861061366	OK	 
USER	XhinLiang random api	278	END	1544861057585	1544861061367
USER	XhinLiang random api	468	START	1544861061385	1544861061385
USER	XhinLiang random api	469	START	1544861061405	1544861061405
USER	XhinLiang random api	470	START	1544861061425	1544861061425
REQUEST	384		random	1544861059706	1544861061427	OK	 
USER	XhinLiang random api	384	END	1544861059705	1544861061428
USER	XhinLiang random api	471	START	1544861061445	1544861061445
USER	XhinLiang random api	472	START	1544861061465	1544861061465
USER	XhinLiang random api	473	START	1544861061485	1544861061485
USER	XhinLiang random api	474	START	1544861061505	1544861061505
REQUEST	398		random	1544861059986	1544861061509	OK	 
USER	XhinLiang random api	398	END	1544861059985	1544861061510
USER	XhinLiang random api	475	START	1544861061525	1544861061525
USER	XhinLiang random api	476	START	1544861061545	1544861061545
USER	XhinLiang random api	477	START	1544861061565	1544861061565
REQUEST	152		random	1544861055066	1544861061578	OK	 
USER	XhinLiang random api	152	END	1544861055066	1544861061578
USER	XhinLiang random api	478	START	1544861061585	1544861061585
USER	XhinLiang random api	479	START	1544861061605	1544861061605
REQUEST	392		random	1544861059866	1544861061610	OK	 
USER	XhinLiang random api	392	END	1544861059865	1544861061610
USER	XhinLiang random api	480	START	1544861061625	1544861061625
USER	XhinLiang random api	481	START	1544861061645	1544861061645
REQUEST	437		random	1544861060765	1544861061654	OK	 
USER	XhinLiang random api	437	END	1544861060765	1544861061655
USER	XhinLiang random api	482	START	1544861061665	1544861061665
USER	XhinLiang random api	483	START	1544861061685	1544861061685
USER	XhinLiang random api	484	START	1544861061705	1544861061705
USER	XhinLiang random api	485	START	1544861061726	1544861061726
REQUEST	129		random	1544861054605	1544861061727	OK	 
USER	XhinLiang random api	129	END	1544861054605	1544861061728
USER	XhinLiang random api	486	START	1544861061745	1544861061745
USER	XhinLiang random api	487	START	1544861061765	1544861061765
USER	XhinLiang random api	488	START	1544861061785	1544861061785
REQUEST	155		random	1544861055126	1544861061799	OK	 
USER	XhinLiang random api	155	END	1544861055126	1544861061800
USER	XhinLiang random api	489	START	1544861061805	1544861061805
USER	XhinLiang random api	490	START	1544861061825	1544861061825
REQUEST	295		random	1544861057926	1544861061834	OK	 
USER	XhinLiang random api	295	END	1544861057925	1544861061835
USER	XhinLiang random api	491	START	1544861061845	1544861061845
REQUEST	404		random	1544861060105	1544861061849	OK	 
USER	XhinLiang random api	404	END	1544861060105	1544861061850
USER	XhinLiang random api	492	START	1544861061865	1544861061865
USER	XhinLiang random api	493	START	1544861061885	1544861061885
USER	XhinLiang random api	494	START	1544861061905	1544861061905
REQUEST	460		random	1544861061226	1544861061908	OK	 
USER	XhinLiang random api	460	END	1544861061225	1544861061909
USER	XhinLiang random api	495	START	1544861061925	1544861061925
REQUEST	357		random	1544861059165	1544861061943	OK	 
USER	XhinLiang random api	357	END	1544861059165	1544861061944
USER	XhinLiang random api	496	START	1544861061946	1544861061946
USER	XhinLiang random api	497	START	1544861061965	1544861061965
REQUEST	474		random	1544861061506	1544861061968	OK	 
USER	XhinLiang random api	474	END	1544861061505	1544861061968
USER	XhinLiang random api	498	START	1544861061985	1544861061985
USER	XhinLiang random api	499	START	1544861062005	1544861062005
USER	XhinLiang random api	500	START	1544861062026	1544861062026
REQUEST	166		random	1544861055346	1544861062041	OK	 
USER	XhinLiang random api	166	END	1544861055345	1544861062041
REQUEST	410		random	1544861060226	1544861062047	OK	 
USER	XhinLiang random api	410	END	1544861060225	1544861062047
REQUEST	426		random	1544861060545	1544861062076	OK	 
USER	XhinLiang random api	426	END	1544861060545	1544861062077
REQUEST	179		random	1544861055606	1544861062105	OK	 
USER	XhinLiang random api	179	END	1544861055605	1544861062106
REQUEST	419		random	1544861060405	1544861062128	OK	 
USER	XhinLiang random api	419	END	1544861060405	1544861062129
REQUEST	472		random	1544861061465	1544861062137	OK	 
USER	XhinLiang random api	472	END	1544861061465	1544861062138
REQUEST	131		random	1544861054646	1544861062203	OK	 
USER	XhinLiang random api	131	END	1544861054645	1544861062204
REQUEST	340		random	1544861058825	1544861062206	OK	 
USER	XhinLiang random api	340	END	1544861058825	1544861062207
REQUEST	85		random	1544861053796	1544861062216	OK	 
USER	XhinLiang random api	85	END	1544861053795	1544861062217
REQUEST	351		random	1544861059046	1544861062279	OK	 
USER	XhinLiang random api	351	END	1544861059045	1544861062280
REQUEST	469		random	1544861061406	1544861062288	OK	 
USER	XhinLiang random api	469	END	1544861061405	1544861062289
REQUEST	144		random	1544861054906	1544861062296	OK	 
USER	XhinLiang random api	144	END	1544861054905	1544861062297
REQUEST	151		random	1544861055046	1544861062336	OK	 
USER	XhinLiang random api	151	END	1544861055045	1544861062337
REQUEST	473		random	1544861061486	1544861062376	OK	 
USER	XhinLiang random api	473	END	1544861061485	1544861062377
REQUEST	463		random	1544861061285	1544861062390	OK	 
USER	XhinLiang random api	463	END	1544861061285	1544861062391
REQUEST	476		random	1544861061546	1544861062431	OK	 
USER	XhinLiang random api	476	END	1544861061545	1544861062431
REQUEST	333		random	1544861058685	1544861062461	OK	 
USER	XhinLiang random api	333	END	1544861058685	1544861062462
REQUEST	376		random	1544861059546	1544861062550	OK	 
USER	XhinLiang random api	376	END	1544861059545	1544861062551
REQUEST	356		random	1544861059146	1544861062579	OK	 
USER	XhinLiang random api	356	END	1544861059146	1544861062580
REQUEST	174		random	1544861055506	1544861062616	OK	 
USER	XhinLiang random api	174	END	1544861055505	1544861062617
REQUEST	422		random	1544861060465	1544861062645	OK	 
USER	XhinLiang random api	422	END	1544861060465	1544861062646
REQUEST	199		random	1544861056007	1544861062690	OK	 
USER	XhinLiang random api	199	END	1544861056006	1544861062692
REQUEST	429		random	1544861060605	1544861062735	OK	 
USER	XhinLiang random api	429	END	1544861060605	1544861062736
REQUEST	300		random	1544861058027	1544861062765	OK	 
USER	XhinLiang random api	300	END	1544861058026	1544861062766
REQUEST	349		random	1544861059006	1544861062806	OK	 
USER	XhinLiang random api	349	END	1544861059005	1544861062807
REQUEST	367		random	1544861059366	1544861062820	OK	 
USER	XhinLiang random api	367	END	1544861059365	1544861062821
REQUEST	434		random	1544861060706	1544861062840	OK	 
USER	XhinLiang random api	434	END	1544861060705	1544861062841
REQUEST	186		random	1544861055746	1544861062922	OK	 
USER	XhinLiang random api	186	END	1544861055745	1544861062923
REQUEST	449		random	1544861061005	1544861062934	OK	 
USER	XhinLiang random api	449	END	1544861061005	1544861062934
REQUEST	471		random	1544861061446	1544861062942	OK	 
USER	XhinLiang random api	471	END	1544861061445	1544861062942
REQUEST	365		random	1544861059326	1544861062955	OK	 
USER	XhinLiang random api	365	END	1544861059325	1544861062955
REQUEST	399		random	1544861060006	1544861062981	OK	 
USER	XhinLiang random api	399	END	1544861060006	1544861062982
REQUEST	377		random	1544861059566	1544861063006	OK	 
USER	XhinLiang random api	377	END	1544861059565	1544861063007
REQUEST	216		random	1544861056346	1544861063033	OK	 
USER	XhinLiang random api	216	END	1544861056345	1544861063033
REQUEST	145		random	1544861054926	1544861063041	OK	 
USER	XhinLiang random api	145	END	1544861054925	1544861063042
REQUEST	153		random	1544861055086	1544861063061	OK	 
USER	XhinLiang random api	153	END	1544861055085	1544861063062
REQUEST	81		random	1544861053716	1544861063130	OK	 
USER	XhinLiang random api	81	END	1544861053715	1544861063130
REQUEST	225		random	1544861056526	1544861063212	OK	 
USER	XhinLiang random api	225	END	1544861056525	1544861063213
REQUEST	331		random	1544861058646	1544861063267	OK	 
USER	XhinLiang random api	331	END	1544861058645	1544861063268
REQUEST	400		random	1544861060025	1544861063290	OK	 
USER	XhinLiang random api	400	END	1544861060025	1544861063291
REQUEST	160		random	1544861055226	1544861063326	OK	 
USER	XhinLiang random api	160	END	1544861055225	1544861063328
REQUEST	478		random	1544861061586	1544861063347	OK	 
USER	XhinLiang random api	478	END	1544861061585	1544861063348
REQUEST	378		random	1544861059586	1544861063351	OK	 
USER	XhinLiang random api	378	END	1544861059585	1544861063352
REQUEST	450		random	1544861061025	1544861063359	OK	 
USER	XhinLiang random api	450	END	1544861061025	1544861063360
REQUEST	136		random	1544861054746	1544861063391	OK	 
USER	XhinLiang random api	136	END	1544861054745	1544861063392
REQUEST	327		random	1544861058565	1544861063398	OK	 
USER	XhinLiang random api	327	END	1544861058565	1544861063399
REQUEST	344		random	1544861058905	1544861063408	OK	 
USER	XhinLiang random api	344	END	1544861058905	1544861063409
REQUEST	133		random	1544861054685	1544861063430	OK	 
USER	XhinLiang random api	133	END	1544861054685	1544861063431
REQUEST	134		random	1544861054705	1544861063478	OK	 
USER	XhinLiang random api	134	END	1544861054705	1544861063479
REQUEST	237		random	1544861056766	1544861063494	OK	 
USER	XhinLiang random api	237	END	1544861056765	1544861063495
REQUEST	413		random	1544861060286	1544861063519	OK	 
USER	XhinLiang random api	413	END	1544861060285	1544861063520
REQUEST	240		random	1544861056825	1544861063554	OK	 
USER	XhinLiang random api	240	END	1544861056825	1544861063555
REQUEST	468		random	1544861061386	1544861063556	OK	 
USER	XhinLiang random api	468	END	1544861061385	1544861063557
REQUEST	255		random	1544861057126	1544861063606	OK	 
USER	XhinLiang random api	255	END	1544861057125	1544861063607
REQUEST	246		random	1544861056946	1544861063641	OK	 
USER	XhinLiang random api	246	END	1544861056945	1544861063643
REQUEST	370		random	1544861059425	1544861063664	OK	 
USER	XhinLiang random api	370	END	1544861059425	1544861063665
REQUEST	418		random	1544861060386	1544861063700	OK	 
USER	XhinLiang random api	418	END	1544861060386	1544861063701
REQUEST	252		random	1544861057066	1544861063761	OK	 
USER	XhinLiang random api	252	END	1544861057066	1544861063762
REQUEST	80		random	1544861053696	1544861063749	KO	j.n.s.SSLException: handshake timed out
USER	XhinLiang random api	80	END	1544861053695	1544861063772
REQUEST	82		random	1544861053736	1544861063779	KO	j.n.s.SSLException: handshake timed out
USER	XhinLiang random api	82	END	1544861053735	1544861063780
REQUEST	203		random	1544861056085	1544861063793	OK	 
USER	XhinLiang random api	203	END	1544861056085	1544861063794
REQUEST	86		random	1544861053816	1544861063829	KO	j.n.s.SSLException: handshake timed out
REQUEST	183		random	1544861055686	1544861063830	OK	 
USER	XhinLiang random api	86	END	1544861053815	1544861063830
USER	XhinLiang random api	183	END	1544861055685	1544861063831
REQUEST	88		random	1544861053855	1544861063868	KO	j.n.s.SSLException: handshake timed out
USER	XhinLiang random api	88	END	1544861053855	1544861063870
REQUEST	258		random	1544861057186	1544861063882	OK	 
USER	XhinLiang random api	258	END	1544861057185	1544861063883
REQUEST	239		random	1544861056806	1544861063910	OK	 
USER	XhinLiang random api	239	END	1544861056805	1544861063911
REQUEST	428		random	1544861060586	1544861063953	OK	 
USER	XhinLiang random api	428	END	1544861060585	1544861063954
REQUEST	262		random	1544861057266	1544861063965	OK	 
REQUEST	93		random	1544861053956	1544861063965	KO	j.n.s.SSLException: handshake timed out
USER	XhinLiang random api	93	END	1544861053955	1544861063966
USER	XhinLiang random api	262	END	1544861057266	1544861063966
REQUEST	385		random	1544861059726	1544861063974	OK	 
USER	XhinLiang random api	385	END	1544861059725	1544861063975
REQUEST	94		random	1544861053976	1544861063984	KO	j.n.s.SSLException: handshake timed out
USER	XhinLiang random api	94	END	1544861053976	1544861063985
REQUEST	95		random	1544861053996	1544861064005	KO	j.n.s.SSLException: handshake timed out
USER	XhinLiang random api	95	END	1544861053995	1544861064006
REQUEST	265		random	1544861057326	1544861064012	OK	 
USER	XhinLiang random api	265	END	1544861057326	1544861064013
REQUEST	439		random	1544861060806	1544861064037	OK	 
USER	XhinLiang random api	439	END	1544861060805	1544861064038
REQUEST	427		random	1544861060566	1544861064052	OK	 
USER	XhinLiang random api	427	END	1544861060565	1544861064053
REQUEST	98		random	1544861054056	1544861064066	KO	j.n.s.SSLException: handshake timed out
USER	XhinLiang random api	98	END	1544861054055	1544861064067
REQUEST	270		random	1544861057426	1544861064086	OK	 
USER	XhinLiang random api	270	END	1544861057425	1544861064086
REQUEST	435		random	1544861060726	1544861064090	OK	 
USER	XhinLiang random api	435	END	1544861060725	1544861064090
REQUEST	100		random	1544861054095	1544861064113	KO	j.n.s.SSLException: handshake timed out
REQUEST	103		random	1544861054086	1544861064113	KO	j.n.s.SSLException: handshake timed out
USER	XhinLiang random api	100	END	1544861054095	1544861064114
USER	XhinLiang random api	103	END	1544861054085	1544861064114
REQUEST	101		random	1544861054116	1544861064128	KO	j.n.s.SSLException: handshake timed out
USER	XhinLiang random api	101	END	1544861054115	1544861064129
REQUEST	433		random	1544861060685	1544861064151	OK	 
USER	XhinLiang random api	433	END	1544861060685	1544861064152
REQUEST	102		random	1544861054136	1544861064159	KO	j.n.s.SSLException: handshake timed out
USER	XhinLiang random api	102	END	1544861054135	1544861064160
REQUEST	250		random	1544861057025	1544861064166	OK	 
USER	XhinLiang random api	250	END	1544861057025	1544861064167
REQUEST	275		random	1544861057526	1544861064187	OK	 
USER	XhinLiang random api	275	END	1544861057525	1544861064189
REQUEST	107		random	1544861054166	1544861064189	KO	j.n.s.SSLException: handshake timed out
USER	XhinLiang random api	107	END	1544861054165	1544861064191
REQUEST	354		random	1544861059105	1544861064220	OK	 
USER	XhinLiang random api	354	END	1544861059105	1544861064221
REQUEST	111		random	1544861054246	1544861064254	KO	j.n.s.SSLException: handshake timed out
USER	XhinLiang random api	111	END	1544861054245	1544861064255
REQUEST	381		random	1544861059646	1544861064263	OK	 
USER	XhinLiang random api	381	END	1544861059645	1544861064264
REQUEST	423		random	1544861060486	1544861064291	OK	 
USER	XhinLiang random api	423	END	1544861060485	1544861064292
REQUEST	447		random	1544861060966	1544861064333	OK	 
USER	XhinLiang random api	447	END	1544861060965	1544861064334
REQUEST	260		random	1544861057226	1544861064338	OK	 
USER	XhinLiang random api	260	END	1544861057225	1544861064339
REQUEST	116		random	1544861054346	1544861064354	KO	j.n.s.SSLException: handshake timed out
USER	XhinLiang random api	116	END	1544861054345	1544861064355
REQUEST	414		random	1544861060306	1544861064356	OK	 
USER	XhinLiang random api	414	END	1544861060305	1544861064357
REQUEST	117		random	1544861054366	1544861064374	KO	j.n.s.SSLException: handshake timed out
USER	XhinLiang random api	117	END	1544861054365	1544861064375
REQUEST	263		random	1544861057286	1544861064398	OK	 
USER	XhinLiang random api	263	END	1544861057285	1544861064399
REQUEST	461		random	1544861061246	1544861064418	OK	 
USER	XhinLiang random api	461	END	1544861061245	1544861064419
REQUEST	121		random	1544861054446	1544861064455	KO	j.n.s.SSLException: handshake timed out
USER	XhinLiang random api	121	END	1544861054445	1544861064456
REQUEST	266		random	1544861057346	1544861064462	OK	 
USER	XhinLiang random api	266	END	1544861057345	1544861064463
REQUEST	454		random	1544861061106	1544861064476	OK	 
USER	XhinLiang random api	454	END	1544861061105	1544861064476
REQUEST	123		random	1544861054486	1544861064494	KO	j.n.s.SSLException: handshake timed out
USER	XhinLiang random api	123	END	1544861054485	1544861064495
REQUEST	289		random	1544861057806	1544861064509	OK	 
USER	XhinLiang random api	289	END	1544861057805	1544861064510
REQUEST	467		random	1544861061366	1544861064518	OK	 
USER	XhinLiang random api	467	END	1544861061365	1544861064519
REQUEST	125		random	1544861054526	1544861064535	KO	j.n.s.SSLException: handshake timed out
USER	XhinLiang random api	125	END	1544861054526	1544861064536
REQUEST	146		random	1544861054945	1544861064554	OK	 
USER	XhinLiang random api	146	END	1544861054945	1544861064555
REQUEST	127		random	1544861054566	1544861064574	KO	j.n.s.SSLException: handshake timed out
USER	XhinLiang random api	127	END	1544861054565	1544861064576
REQUEST	128		random	1544861054587	1544861064595	KO	j.n.s.SSLException: handshake timed out
USER	XhinLiang random api	128	END	1544861054585	1544861064596
REQUEST	307		random	1544861058166	1544861064649	OK	 
USER	XhinLiang random api	307	END	1544861058165	1544861064650
REQUEST	452		random	1544861061066	1544861064670	OK	 
USER	XhinLiang random api	452	END	1544861061066	1544861064671
REQUEST	368		random	1544861059386	1544861064689	OK	 
USER	XhinLiang random api	368	END	1544861059385	1544861064690
REQUEST	135		random	1544861054726	1544861064734	KO	j.n.s.SSLException: handshake timed out
USER	XhinLiang random api	135	END	1544861054725	1544861064735
REQUEST	137		random	1544861054765	1544861064773	KO	j.n.s.SSLException: handshake timed out
USER	XhinLiang random api	137	END	1544861054765	1544861064774
REQUEST	138		random	1544861054786	1544861064793	KO	j.n.s.SSLException: handshake timed out
USER	XhinLiang random api	138	END	1544861054785	1544861064794
REQUEST	302		random	1544861058066	1544861064815	OK	 
REQUEST	458		random	1544861061186	1544861064815	OK	 
USER	XhinLiang random api	458	END	1544861061185	1544861064816
USER	XhinLiang random api	302	END	1544861058065	1544861064816
REQUEST	432		random	1544861060666	1544861064815	OK	 
USER	XhinLiang random api	432	END	1544861060665	1544861064817
REQUEST	462		random	1544861061266	1544861064839	OK	 
USER	XhinLiang random api	462	END	1544861061266	1544861064840
REQUEST	141		random	1544861054846	1544861064854	KO	j.n.s.SSLException: handshake timed out
USER	XhinLiang random api	141	END	1544861054845	1544861064854
REQUEST	142		random	1544861054866	1544861064874	KO	j.n.s.SSLException: handshake timed out
USER	XhinLiang random api	142	END	1544861054865	1544861064875
REQUEST	477		random	1544861061566	1544861064903	OK	 
USER	XhinLiang random api	477	END	1544861061565	1544861064904
REQUEST	465		random	1544861061326	1544861064905	OK	 
USER	XhinLiang random api	465	END	1544861061326	1544861064906
REQUEST	466		random	1544861061345	1544861064913	OK	 
USER	XhinLiang random api	466	END	1544861061345	1544861064914
REQUEST	380		random	1544861059626	1544861064938	OK	 
USER	XhinLiang random api	380	END	1544861059625	1544861064939
REQUEST	320		random	1544861058426	1544861064972	OK	 
USER	XhinLiang random api	320	END	1544861058425	1544861064973
REQUEST	147		random	1544861054966	1544861064975	KO	j.n.s.SSLException: handshake timed out
USER	XhinLiang random api	147	END	1544861054965	1544861064976
REQUEST	480		random	1544861061626	1544861064986	OK	 
USER	XhinLiang random api	480	END	1544861061625	1544861064987
REQUEST	253		random	1544861057085	1544861065015	OK	 
USER	XhinLiang random api	253	END	1544861057085	1544861065016
REQUEST	408		random	1544861060185	1544861065059	OK	 
USER	XhinLiang random api	408	END	1544861060185	1544861065059
REQUEST	244		random	1544861056906	1544861065108	OK	 
REQUEST	297		random	1544861057967	1544861065108	OK	 
USER	XhinLiang random api	297	END	1544861057966	1544861065108
USER	XhinLiang random api	244	END	1544861056906	1544861065108
REQUEST	475		random	1544861061526	1544861065110	OK	 
REQUEST	470		random	1544861061426	1544861065111	OK	 
USER	XhinLiang random api	475	END	1544861061525	1544861065111
USER	XhinLiang random api	470	END	1544861061425	1544861065111
REQUEST	306		random	1544861058146	1544861065114	OK	 
USER	XhinLiang random api	306	END	1544861058146	1544861065115
REQUEST	324		random	1544861058506	1544861065176	OK	 
USER	XhinLiang random api	324	END	1544861058505	1544861065177
REQUEST	159		random	1544861055206	1544861065220	KO	j.n.s.SSLException: handshake timed out
USER	XhinLiang random api	159	END	1544861055205	1544861065221
REQUEST	411		random	1544861060246	1544861065222	OK	 
USER	XhinLiang random api	411	END	1544861060246	1544861065223
REQUEST	109		random	1544861054206	1544861065228	KO	j.n.s.SSLException: handshake timed out
REQUEST	108		random	1544861054186	1544861065228	KO	j.n.s.SSLException: handshake timed out
USER	XhinLiang random api	109	END	1544861054205	1544861065229
USER	XhinLiang random api	108	END	1544861054185	1544861065229
REQUEST	110		random	1544861054226	1544861065233	KO	j.n.s.SSLException: handshake timed out
USER	XhinLiang random api	110	END	1544861054225	1544861065234
REQUEST	303		random	1544861058085	1544861065247	OK	 
USER	XhinLiang random api	303	END	1544861058085	1544861065248
REQUEST	161		random	1544861055246	1544861065255	KO	j.n.s.SSLException: handshake timed out
USER	XhinLiang random api	161	END	1544861055246	1544861065256
REQUEST	299		random	1544861058006	1544861065264	OK	 
USER	XhinLiang random api	299	END	1544861058005	1544861065265
REQUEST	162		random	1544861055266	1544861065273	KO	j.n.s.SSLException: handshake timed out
USER	XhinLiang random api	162	END	1544861055265	1544861065274
REQUEST	163		random	1544861055286	1544861065295	KO	j.n.s.SSLException: handshake timed out
USER	XhinLiang random api	163	END	1544861055285	1544861065296
REQUEST	500		random	1544861062026	1544861065305	OK	 
USER	XhinLiang random api	500	END	1544861062026	1544861065306
REQUEST	167		random	1544861055367	1544861065326	OK	 
USER	XhinLiang random api	167	END	1544861055365	1544861065327
REQUEST	323		random	1544861058486	1544861065335	OK	 
USER	XhinLiang random api	323	END	1544861058485	1544861065336
REQUEST	165		random	1544861055326	1544861065339	KO	j.n.s.SSLException: handshake timed out
USER	XhinLiang random api	165	END	1544861055325	1544861065340
REQUEST	431		random	1544861060646	1544861065351	OK	 
USER	XhinLiang random api	431	END	1544861060645	1544861065352
REQUEST	487		random	1544861061766	1544861065381	OK	 
USER	XhinLiang random api	487	END	1544861061765	1544861065382
REQUEST	334		random	1544861058705	1544861065392	OK	 
USER	XhinLiang random api	334	END	1544861058705	1544861065393
REQUEST	272		random	1544861057466	1544861065404	OK	 
USER	XhinLiang random api	272	END	1544861057465	1544861065405
REQUEST	169		random	1544861055406	1544861065414	KO	j.n.s.SSLException: handshake timed out
USER	XhinLiang random api	169	END	1544861055405	1544861065415
REQUEST	335		random	1544861058726	1544861065420	OK	 
USER	XhinLiang random api	335	END	1544861058725	1544861065421
REQUEST	336		random	1544861058746	1544861065445	OK	 
USER	XhinLiang random api	336	END	1544861058745	1544861065446
REQUEST	171		random	1544861055446	1544861065455	KO	j.n.s.SSLException: handshake timed out
USER	XhinLiang random api	171	END	1544861055445	1544861065456
REQUEST	347		random	1544861058966	1544861065483	OK	 
REQUEST	481		random	1544861061646	1544861065484	OK	 
USER	XhinLiang random api	347	END	1544861058966	1544861065484
USER	XhinLiang random api	481	END	1544861061645	1544861065484
REQUEST	313		random	1544861058286	1544861065531	OK	 
USER	XhinLiang random api	313	END	1544861058285	1544861065532
REQUEST	175		random	1544861055526	1544861065535	KO	j.n.s.SSLException: handshake timed out
USER	XhinLiang random api	175	END	1544861055526	1544861065536
REQUEST	445		random	1544861060926	1544861065550	OK	 
USER	XhinLiang random api	445	END	1544861060926	1544861065550
REQUEST	177		random	1544861055566	1544861065574	KO	j.n.s.SSLException: handshake timed out
USER	XhinLiang random api	177	END	1544861055565	1544861065575
REQUEST	178		random	1544861055586	1544861065594	KO	j.n.s.SSLException: handshake timed out
USER	XhinLiang random api	178	END	1544861055585	1544861065595
REQUEST	192		random	1544861055867	1544861065612	OK	 
USER	XhinLiang random api	192	END	1544861055865	1544861065613
REQUEST	355		random	1544861059126	1544861065621	OK	 
USER	XhinLiang random api	355	END	1544861059125	1544861065622
REQUEST	181		random	1544861055646	1544861065654	KO	j.n.s.SSLException: handshake timed out
USER	XhinLiang random api	181	END	1544861055645	1544861065655
REQUEST	284		random	1544861057706	1544861065672	OK	 
USER	XhinLiang random api	284	END	1544861057705	1544861065673
REQUEST	185		random	1544861055725	1544861065733	KO	j.n.s.SSLException: handshake timed out
USER	XhinLiang random api	185	END	1544861055725	1544861065734
REQUEST	353		random	1544861059086	1544861065758	OK	 
REQUEST	358		random	1544861059186	1544861065758	OK	 
USER	XhinLiang random api	353	END	1544861059086	1544861065759
USER	XhinLiang random api	358	END	1544861059185	1544861065759
REQUEST	457		random	1544861061166	1544861065771	OK	 
USER	XhinLiang random api	457	END	1544861061165	1544861065772
REQUEST	187		random	1544861055766	1544861065774	KO	j.n.s.SSLException: handshake timed out
USER	XhinLiang random api	187	END	1544861055765	1544861065775
REQUEST	346		random	1544861058946	1544861065784	OK	 
USER	XhinLiang random api	346	END	1544861058945	1544861065785
REQUEST	189		random	1544861055805	1544861065813	KO	j.n.s.SSLException: handshake timed out
USER	XhinLiang random api	189	END	1544861055805	1544861065814
REQUEST	350		random	1544861059026	1544861065848	OK	 
USER	XhinLiang random api	350	END	1544861059025	1544861065849
REQUEST	191		random	1544861055846	1544861065854	KO	j.n.s.SSLException: handshake timed out
USER	XhinLiang random api	191	END	1544861055845	1544861065856
REQUEST	360		random	1544861059225	1544861065858	OK	 
REQUEST	361		random	1544861059246	1544861065858	OK	 
USER	XhinLiang random api	360	END	1544861059225	1544861065859
USER	XhinLiang random api	361	END	1544861059245	1544861065859
REQUEST	352		random	1544861059066	1544861065892	OK	 
USER	XhinLiang random api	352	END	1544861059065	1544861065893
REQUEST	193		random	1544861055886	1544861065894	KO	j.n.s.SSLException: handshake timed out
USER	XhinLiang random api	193	END	1544861055885	1544861065895
REQUEST	194		random	1544861055906	1544861065914	KO	j.n.s.SSLException: handshake timed out
USER	XhinLiang random api	194	END	1544861055905	1544861065914
REQUEST	196		random	1544861055946	1544861065961	KO	j.n.s.SSLException: handshake timed out
USER	XhinLiang random api	196	END	1544861055945	1544861065962
REQUEST	343		random	1544861058886	1544861065965	OK	 
USER	XhinLiang random api	343	END	1544861058885	1544861065966
REQUEST	197		random	1544861055966	1544861065976	KO	j.n.s.SSLException: handshake timed out
USER	XhinLiang random api	197	END	1544861055965	1544861065977
REQUEST	198		random	1544861055986	1544861065996	KO	j.n.s.SSLException: handshake timed out
USER	XhinLiang random api	198	END	1544861055985	1544861065997
REQUEST	202		random	1544861056066	1544861066074	KO	j.n.s.SSLException: handshake timed out
USER	XhinLiang random api	202	END	1544861056065	1544861066075
REQUEST	373		random	1544861059485	1544861066090	OK	 
USER	XhinLiang random api	373	END	1544861059485	1544861066091
REQUEST	464		random	1544861061306	1544861066123	OK	 
USER	XhinLiang random api	464	END	1544861061305	1544861066124
REQUEST	205		random	1544861056126	1544861066135	KO	j.n.s.SSLException: handshake timed out
USER	XhinLiang random api	205	END	1544861056125	1544861066136
REQUEST	366		random	1544861059346	1544861066137	OK	 
USER	XhinLiang random api	366	END	1544861059346	1544861066138
REQUEST	309		random	1544861058206	1544861066145	OK	 
USER	XhinLiang random api	309	END	1544861058206	1544861066146
REQUEST	206		random	1544861056146	1544861066155	KO	j.n.s.SSLException: handshake timed out
USER	XhinLiang random api	206	END	1544861056146	1544861066161
REQUEST	207		random	1544861056165	1544861066174	KO	j.n.s.SSLException: handshake timed out
USER	XhinLiang random api	207	END	1544861056165	1544861066175
REQUEST	369		random	1544861059406	1544861066180	OK	 
USER	XhinLiang random api	369	END	1544861059406	1544861066181
REQUEST	372		random	1544861059466	1544861066195	OK	 
USER	XhinLiang random api	372	END	1544861059465	1544861066196
REQUEST	371		random	1544861059446	1544861066208	OK	 
USER	XhinLiang random api	371	END	1544861059445	1544861066209
REQUEST	382		random	1544861059665	1544861066237	OK	 
USER	XhinLiang random api	382	END	1544861059665	1544861066238
REQUEST	211		random	1544861056246	1544861066254	KO	j.n.s.SSLException: handshake timed out
USER	XhinLiang random api	211	END	1544861056245	1544861066255
REQUEST	383		random	1544861059686	1544861066262	OK	 
REQUEST	386		random	1544861059745	1544861066262	OK	 
USER	XhinLiang random api	383	END	1544861059685	1544861066262
USER	XhinLiang random api	386	END	1544861059745	1544861066262
REQUEST	212		random	1544861056266	1544861066275	KO	j.n.s.SSLException: handshake timed out
USER	XhinLiang random api	212	END	1544861056266	1544861066275
REQUEST	213		random	1544861056286	1544861066294	KO	j.n.s.SSLException: handshake timed out
USER	XhinLiang random api	213	END	1544861056285	1544861066294
REQUEST	387		random	1544861059766	1544861066321	OK	 
USER	XhinLiang random api	387	END	1544861059765	1544861066322
REQUEST	389		random	1544861059806	1544861066359	OK	 
USER	XhinLiang random api	389	END	1544861059806	1544861066360
REQUEST	390		random	1544861059825	1544861066373	OK	 
USER	XhinLiang random api	390	END	1544861059825	1544861066374
REQUEST	217		random	1544861056366	1544861066375	KO	j.n.s.SSLException: handshake timed out
USER	XhinLiang random api	217	END	1544861056365	1544861066376
REQUEST	218		random	1544861056386	1544861066395	KO	j.n.s.SSLException: handshake timed out
USER	XhinLiang random api	218	END	1544861056386	1544861066396
REQUEST	219		random	1544861056406	1544861066413	KO	j.n.s.SSLException: handshake timed out
USER	XhinLiang random api	219	END	1544861056405	1544861066415
REQUEST	238		random	1544861056786	1544861066427	OK	 
USER	XhinLiang random api	238	END	1544861056785	1544861066428
REQUEST	391		random	1544861059846	1544861066434	OK	 
USER	XhinLiang random api	391	END	1544861059845	1544861066436
REQUEST	396		random	1544861059945	1544861066474	OK	 
REQUEST	407		random	1544861060165	1544861066474	OK	 
USER	XhinLiang random api	396	END	1544861059945	1544861066475
USER	XhinLiang random api	407	END	1544861060165	1544861066475
REQUEST	328		random	1544861058586	1544861066510	OK	 
USER	XhinLiang random api	328	END	1544861058585	1544861066511
REQUEST	224		random	1544861056505	1544861066514	KO	j.n.s.SSLException: handshake timed out
USER	XhinLiang random api	224	END	1544861056505	1544861066515
REQUEST	499		random	1544861062006	1544861066544	OK	 
USER	XhinLiang random api	499	END	1544861062005	1544861066545
REQUEST	249		random	1544861057005	1544861066602	OK	 
USER	XhinLiang random api	249	END	1544861057005	1544861066603
REQUEST	321		random	1544861058445	1544861066609	OK	 
USER	XhinLiang random api	321	END	1544861058445	1544861066610
REQUEST	401		random	1544861060046	1544861066689	OK	 
USER	XhinLiang random api	401	END	1544861060045	1544861066690
REQUEST	233		random	1544861056685	1544861066694	KO	j.n.s.SSLException: handshake timed out
USER	XhinLiang random api	233	END	1544861056685	1544861066695
REQUEST	234		random	1544861056706	1544861066714	KO	j.n.s.SSLException: handshake timed out
USER	XhinLiang random api	234	END	1544861056705	1544861066715
REQUEST	402		random	1544861060066	1544861066723	OK	 
USER	XhinLiang random api	402	END	1544861060065	1544861066724
REQUEST	403		random	1544861060085	1544861066734	OK	 
USER	XhinLiang random api	403	END	1544861060085	1544861066735
REQUEST	374		random	1544861059506	1544861066740	OK	 
USER	XhinLiang random api	374	END	1544861059505	1544861066741
REQUEST	256		random	1544861057145	1544861066751	OK	 
USER	XhinLiang random api	256	END	1544861057145	1544861066752
REQUEST	406		random	1544861060146	1544861066757	OK	 
USER	XhinLiang random api	406	END	1544861060145	1544861066758
REQUEST	409		random	1544861060206	1544861066772	OK	 
USER	XhinLiang random api	409	END	1544861060205	1544861066774
REQUEST	241		random	1544861056845	1544861066853	KO	j.n.s.SSLException: handshake timed out
REQUEST	394		random	1544861059906	1544861066854	OK	 
USER	XhinLiang random api	241	END	1544861056845	1544861066855
USER	XhinLiang random api	394	END	1544861059905	1544861066855
REQUEST	415		random	1544861060326	1544861066878	OK	 
USER	XhinLiang random api	415	END	1544861060326	1544861066880
REQUEST	243		random	1544861056886	1544861066894	KO	j.n.s.SSLException: handshake timed out
USER	XhinLiang random api	243	END	1544861056885	1544861066897
REQUEST	417		random	1544861060366	1544861066916	OK	 
USER	XhinLiang random api	417	END	1544861060365	1544861066918
REQUEST	416		random	1544861060346	1544861066932	OK	 
USER	XhinLiang random api	416	END	1544861060345	1544861066933
REQUEST	245		random	1544861056925	1544861066933	KO	j.n.s.SSLException: handshake timed out
USER	XhinLiang random api	245	END	1544861056925	1544861066934
REQUEST	420		random	1544861060426	1544861066972	OK	 
USER	XhinLiang random api	420	END	1544861060425	1544861066973
REQUEST	393		random	1544861059886	1544861067215	OK	 
REQUEST	421		random	1544861060446	1544861067215	OK	 
REQUEST	362		random	1544861059266	1544861067215	OK	 
REQUEST	379		random	1544861059605	1544861067215	OK	 
USER	XhinLiang random api	379	END	1544861059605	1544861067215
USER	XhinLiang random api	362	END	1544861059265	1544861067215
USER	XhinLiang random api	421	END	1544861060446	1544861067215
USER	XhinLiang random api	393	END	1544861059885	1544861067216
REQUEST	395		random	1544861059926	1544861067216	OK	 
USER	XhinLiang random api	395	END	1544861059925	1544861067217
REQUEST	424		random	1544861060506	1544861067233	OK	 
USER	XhinLiang random api	424	END	1544861060505	1544861067234
REQUEST	425		random	1544861060525	1544861067247	OK	 
USER	XhinLiang random api	425	END	1544861060525	1544861067248
REQUEST	261		random	1544861057246	1544861067253	KO	j.n.s.SSLException: handshake timed out
USER	XhinLiang random api	261	END	1544861057245	1544861067255
REQUEST	282		random	1544861057666	1544861067263	OK	 
USER	XhinLiang random api	282	END	1544861057665	1544861067264
REQUEST	264		random	1544861057306	1544861067324	KO	j.n.s.SSLException: handshake timed out
USER	XhinLiang random api	264	END	1544861057305	1544861067325
REQUEST	430		random	1544861060626	1544861067332	OK	 
USER	XhinLiang random api	430	END	1544861060625	1544861067333
REQUEST	267		random	1544861057366	1544861067379	KO	j.n.s.SSLException: handshake timed out
USER	XhinLiang random api	267	END	1544861057365	1544861067380
REQUEST	268		random	1544861057385	1544861067393	KO	j.n.s.SSLException: handshake timed out
USER	XhinLiang random api	268	END	1544861057385	1544861067394
REQUEST	442		random	1544861060865	1544861067430	OK	 
USER	XhinLiang random api	442	END	1544861060865	1544861067431
REQUEST	441		random	1544861060845	1544861067435	OK	 
USER	XhinLiang random api	441	END	1544861060845	1544861067436
REQUEST	436		random	1544861060746	1544861067444	OK	 
USER	XhinLiang random api	436	END	1544861060745	1544861067445
REQUEST	444		random	1544861060906	1544861067446	OK	 
USER	XhinLiang random api	444	END	1544861060905	1544861067446
REQUEST	443		random	1544861060886	1544861067447	OK	 
USER	XhinLiang random api	443	END	1544861060885	1544861067448
REQUEST	446		random	1544861060946	1544861067463	OK	 
USER	XhinLiang random api	446	END	1544861060945	1544861067464
REQUEST	40		random	1544861052886	1544861067469	OK	 
REQUEST	31		random	1544861052705	1544861067469	OK	 
REQUEST	36		random	1544861052806	1544861067470	OK	 
REQUEST	24		random	1544861052566	1544861067471	OK	 
REQUEST	34		random	1544861052767	1544861067471	OK	 
USER	XhinLiang random api	40	END	1544861052885	1544861067470
USER	XhinLiang random api	31	END	1544861052705	1544861067470
USER	XhinLiang random api	36	END	1544861052805	1544861067470
USER	XhinLiang random api	24	END	1544861052565	1544861067471
USER	XhinLiang random api	34	END	1544861052766	1544861067472
REQUEST	32		random	1544861052726	1544861067471	OK	 
REQUEST	45		random	1544861052985	1544861067472	OK	 
USER	XhinLiang random api	32	END	1544861052725	1544861067472
REQUEST	42		random	1544861052926	1544861067472	OK	 
REQUEST	33		random	1544861052746	1544861067473	OK	 
REQUEST	22		random	1544861052526	1544861067469	OK	 
USER	XhinLiang random api	45	END	1544861052985	1544861067473
USER	XhinLiang random api	22	END	1544861052525	1544861067474
REQUEST	46		random	1544861053006	1544861067475	OK	 
USER	XhinLiang random api	46	END	1544861053005	1544861067476
REQUEST	23		random	1544861052546	1544861067471	OK	 
REQUEST	43		random	1544861052947	1544861067469	OK	 
USER	XhinLiang random api	23	END	1544861052545	1544861067477
USER	XhinLiang random api	43	END	1544861052945	1544861067477
USER	XhinLiang random api	42	END	1544861052925	1544861067477
REQUEST	47		random	1544861053026	1544861067477	OK	 
USER	XhinLiang random api	33	END	1544861052745	1544861067477
USER	XhinLiang random api	47	END	1544861053025	1544861067478
REQUEST	41		random	1544861052906	1544861067478	OK	 
USER	XhinLiang random api	41	END	1544861052905	1544861067478
REQUEST	66		random	1544861053416	1544861067482	OK	 
REQUEST	61		random	1544861053315	1544861067482	OK	 
REQUEST	56		random	1544861053216	1544861067483	OK	 
USER	XhinLiang random api	66	END	1544861053415	1544861067483
USER	XhinLiang random api	61	END	1544861053315	1544861067483
USER	XhinLiang random api	56	END	1544861053215	1544861067483
REQUEST	60		random	1544861053296	1544861067482	OK	 
REQUEST	70		random	1544861053496	1544861067484	OK	 
USER	XhinLiang random api	60	END	1544861053296	1544861067484
REQUEST	67		random	1544861053437	1544861067484	OK	 
USER	XhinLiang random api	70	END	1544861053495	1544861067484
USER	XhinLiang random api	67	END	1544861053436	1544861067485
REQUEST	52		random	1544861053136	1544861067485	OK	 
USER	XhinLiang random api	52	END	1544861053135	1544861067485
REQUEST	65		random	1544861053396	1544861067486	OK	 
USER	XhinLiang random api	65	END	1544861053395	1544861067486
REQUEST	7		random	1544861052226	1544861067488	OK	 
REQUEST	57		random	1544861053235	1544861067488	OK	 
REQUEST	11		random	1544861052306	1544861067488	OK	 
USER	XhinLiang random api	7	END	1544861052225	1544861067488
USER	XhinLiang random api	57	END	1544861053235	1544861067488
USER	XhinLiang random api	11	END	1544861052305	1544861067488
REQUEST	9		random	1544861052266	1544861067489	OK	 
USER	XhinLiang random api	9	END	1544861052265	1544861067489
REQUEST	62		random	1544861053336	1544861067489	OK	 
USER	XhinLiang random api	62	END	1544861053335	1544861067492
REQUEST	274		random	1544861057506	1544861067515	KO	j.n.s.SSLException: handshake timed out
USER	XhinLiang random api	274	END	1544861057506	1544861067516
REQUEST	38		random	1544861052846	1544861067527	OK	 
USER	XhinLiang random api	38	END	1544861052845	1544861067528
REQUEST	451		random	1544861061046	1544861067533	OK	 
USER	XhinLiang random api	451	END	1544861061045	1544861067533
REQUEST	63		random	1544861053356	1544861067544	OK	 
REQUEST	64		random	1544861053376	1544861067545	OK	 
USER	XhinLiang random api	63	END	1544861053355	1544861067544
USER	XhinLiang random api	64	END	1544861053375	1544861067545
REQUEST	29		random	1544861052666	1544861067592	OK	 
USER	XhinLiang random api	29	END	1544861052665	1544861067593
REQUEST	279		random	1544861057606	1544861067614	KO	j.n.s.SSLException: handshake timed out
USER	XhinLiang random api	279	END	1544861057605	1544861067615
REQUEST	455		random	1544861061126	1544861067619	OK	 
USER	XhinLiang random api	455	END	1544861061125	1544861067620
REQUEST	456		random	1544861061145	1544861067625	OK	 
USER	XhinLiang random api	456	END	1544861061145	1544861067626
REQUEST	281		random	1544861057646	1544861067654	KO	j.n.s.SSLException: handshake timed out
USER	XhinLiang random api	281	END	1544861057645	1544861067655
REQUEST	283		random	1544861057685	1544861067693	KO	j.n.s.SSLException: handshake timed out
USER	XhinLiang random api	283	END	1544861057685	1544861067693
REQUEST	285		random	1544861057726	1544861067734	KO	j.n.s.SSLException: handshake timed out
USER	XhinLiang random api	285	END	1544861057725	1544861067735
REQUEST	412		random	1544861060265	1544861067742	OK	 
USER	XhinLiang random api	412	END	1544861060265	1544861067743
REQUEST	448		random	1544861060986	1544861067759	OK	 
USER	XhinLiang random api	448	END	1544861060985	1544861067760
REQUEST	287		random	1544861057765	1544861067773	KO	j.n.s.SSLException: handshake timed out
USER	XhinLiang random api	287	END	1544861057765	1544861067774
REQUEST	290		random	1544861057826	1544861067834	KO	j.n.s.SSLException: handshake timed out
USER	XhinLiang random api	290	END	1544861057826	1544861067835
REQUEST	291		random	1544861057845	1544861067853	KO	j.n.s.SSLException: handshake timed out
USER	XhinLiang random api	291	END	1544861057845	1544861067854
REQUEST	459		random	1544861061205	1544861067910	OK	 
USER	XhinLiang random api	459	END	1544861061205	1544861067911
REQUEST	294		random	1544861057906	1544861067915	KO	j.n.s.SSLException: handshake timed out
USER	XhinLiang random api	294	END	1544861057906	1544861067916
REQUEST	296		random	1544861057946	1544861067955	KO	j.n.s.SSLException: handshake timed out
USER	XhinLiang random api	296	END	1544861057945	1544861067956
REQUEST	298		random	1544861057986	1544861067994	KO	j.n.s.SSLException: handshake timed out
USER	XhinLiang random api	298	END	1544861057985	1544861067995
REQUEST	479		random	1544861061605	1544861068085	OK	 
USER	XhinLiang random api	479	END	1544861061605	1544861068086
REQUEST	304		random	1544861058106	1544861068113	KO	j.n.s.SSLException: handshake timed out
USER	XhinLiang random api	304	END	1544861058105	1544861068114
REQUEST	305		random	1544861058126	1544861068134	KO	j.n.s.SSLException: handshake timed out
USER	XhinLiang random api	305	END	1544861058125	1544861068135
REQUEST	310		random	1544861058226	1544861068233	KO	j.n.s.SSLException: handshake timed out
USER	XhinLiang random api	310	END	1544861058225	1544861068235
REQUEST	311		random	1544861058246	1544861068254	KO	j.n.s.SSLException: handshake timed out
USER	XhinLiang random api	311	END	1544861058245	1544861068255
REQUEST	314		random	1544861058306	1544861068314	KO	j.n.s.SSLException: handshake timed out
USER	XhinLiang random api	314	END	1544861058305	1544861068316
REQUEST	316		random	1544861058346	1544861068354	KO	j.n.s.SSLException: handshake timed out
USER	XhinLiang random api	316	END	1544861058345	1544861068355
REQUEST	317		random	1544861058366	1544861068374	KO	j.n.s.SSLException: handshake timed out
USER	XhinLiang random api	317	END	1544861058365	1544861068375
REQUEST	318		random	1544861058385	1544861068395	KO	j.n.s.SSLException: handshake timed out
USER	XhinLiang random api	318	END	1544861058385	1544861068396
REQUEST	325		random	1544861058526	1544861068536	KO	j.n.s.SSLException: handshake timed out
USER	XhinLiang random api	325	END	1544861058525	1544861068538
REQUEST	326		random	1544861058547	1544861068555	KO	j.n.s.SSLException: handshake timed out
USER	XhinLiang random api	326	END	1544861058545	1544861068556
REQUEST	329		random	1544861058606	1544861068615	KO	j.n.s.SSLException: handshake timed out
USER	XhinLiang random api	329	END	1544861058605	1544861068616
REQUEST	330		random	1544861058625	1544861068633	KO	j.n.s.SSLException: handshake timed out
USER	XhinLiang random api	330	END	1544861058625	1544861068634
REQUEST	332		random	1544861058666	1544861068674	KO	j.n.s.SSLException: handshake timed out
USER	XhinLiang random api	332	END	1544861058665	1544861068676
REQUEST	482		random	1544861061665	1544861068703	OK	 
USER	XhinLiang random api	482	END	1544861061665	1544861068704
REQUEST	483		random	1544861061686	1544861068726	OK	 
REQUEST	438		random	1544861060786	1544861068726	OK	 
USER	XhinLiang random api	438	END	1544861060785	1544861068727
USER	XhinLiang random api	483	END	1544861061685	1544861068727
REQUEST	484		random	1544861061706	1544861068754	OK	 
REQUEST	440		random	1544861060826	1544861068754	OK	 
USER	XhinLiang random api	484	END	1544861061705	1544861068755
USER	XhinLiang random api	440	END	1544861060825	1544861068755
REQUEST	485		random	1544861061726	1544861068768	OK	 
USER	XhinLiang random api	485	END	1544861061726	1544861068769
REQUEST	486		random	1544861061746	1544861068782	OK	 
USER	XhinLiang random api	486	END	1544861061745	1544861068784
REQUEST	338		random	1544861058786	1544861068794	KO	j.n.s.SSLException: handshake timed out
USER	XhinLiang random api	338	END	1544861058785	1544861068795
REQUEST	488		random	1544861061786	1544861068829	OK	 
USER	XhinLiang random api	488	END	1544861061785	1544861068830
REQUEST	489		random	1544861061805	1544861068848	OK	 
USER	XhinLiang random api	489	END	1544861061805	1544861068848
REQUEST	341		random	1544861058846	1544861068853	KO	j.n.s.SSLException: handshake timed out
USER	XhinLiang random api	341	END	1544861058845	1544861068853
REQUEST	490		random	1544861061826	1544861068863	OK	 
USER	XhinLiang random api	490	END	1544861061825	1544861068864
REQUEST	491		random	1544861061846	1544861068886	OK	 
USER	XhinLiang random api	491	END	1544861061845	1544861068886
REQUEST	492		random	1544861061865	1544861068910	OK	 
USER	XhinLiang random api	492	END	1544861061865	1544861068911
REQUEST	493		random	1544861061886	1544861068925	OK	 
USER	XhinLiang random api	493	END	1544861061885	1544861068926
REQUEST	494		random	1544861061906	1544861068942	OK	 
USER	XhinLiang random api	494	END	1544861061905	1544861068943
REQUEST	495		random	1544861061926	1544861068965	OK	 
USER	XhinLiang random api	495	END	1544861061925	1544861068966
REQUEST	345		random	1544861058926	1544861068979	KO	j.n.s.SSLException: handshake timed out
USER	XhinLiang random api	345	END	1544861058925	1544861068979
REQUEST	496		random	1544861061946	1544861068989	OK	 
USER	XhinLiang random api	496	END	1544861061946	1544861068990
REQUEST	348		random	1544861058986	1544861068995	KO	j.n.s.SSLException: handshake timed out
USER	XhinLiang random api	348	END	1544861058985	1544861068996
REQUEST	497		random	1544861061965	1544861069006	OK	 
USER	XhinLiang random api	497	END	1544861061965	1544861069007
REQUEST	498		random	1544861061985	1544861069021	OK	 
USER	XhinLiang random api	498	END	1544861061985	1544861069022
REQUEST	359		random	1544861059206	1544861069214	KO	j.n.s.SSLException: handshake timed out
USER	XhinLiang random api	359	END	1544861059205	1544861069216
REQUEST	364		random	1544861059305	1544861069313	KO	j.n.s.SSLException: handshake timed out
USER	XhinLiang random api	364	END	1544861059305	1544861069314
REQUEST	2		random	1544861052101	1544861080870	OK	 
REQUEST	8		random	1544861052246	1544861080870	OK	 
USER	XhinLiang random api	8	END	1544861052245	1544861080871
USER	XhinLiang random api	2	END	1544861052100	1544861080871
