RUN	com.xhinliang.startup.gatling.ComputerWorld	computerworld	1544861111358	 	3.0.1
USER	XhinLiang random api	1	START	1544861112950	1544861112950
USER	XhinLiang random api	2	START	1544861113010	1544861113010
USER	XhinLiang random api	3	START	1544861113040	1544861113040
USER	XhinLiang random api	4	START	1544861113060	1544861113060
USER	XhinLiang random api	5	START	1544861113089	1544861113089
USER	XhinLiang random api	6	START	1544861113120	1544861113120
USER	XhinLiang random api	7	START	1544861113150	1544861113150
USER	XhinLiang random api	8	START	1544861113170	1544861113170
USER	XhinLiang random api	9	START	1544861113199	1544861113199
USER	XhinLiang random api	10	START	1544861113220	1544861113220
USER	XhinLiang random api	11	START	1544861113250	1544861113250
USER	XhinLiang random api	12	START	1544861113270	1544861113270
USER	XhinLiang random api	13	START	1544861113300	1544861113300
USER	XhinLiang random api	14	START	1544861113320	1544861113320
USER	XhinLiang random api	15	START	1544861113350	1544861113350
USER	XhinLiang random api	16	START	1544861113369	1544861113369
USER	XhinLiang random api	17	START	1544861113400	1544861113400
USER	XhinLiang random api	18	START	1544861113420	1544861113420
USER	XhinLiang random api	19	START	1544861113450	1544861113450
USER	XhinLiang random api	20	START	1544861113470	1544861113470
USER	XhinLiang random api	21	START	1544861113500	1544861113500
USER	XhinLiang random api	22	START	1544861113520	1544861113520
USER	XhinLiang random api	23	START	1544861113550	1544861113550
USER	XhinLiang random api	24	START	1544861113569	1544861113569
USER	XhinLiang random api	25	START	1544861113600	1544861113600
USER	XhinLiang random api	26	START	1544861113620	1544861113620
USER	XhinLiang random api	27	START	1544861113650	1544861113650
USER	XhinLiang random api	28	START	1544861113670	1544861113670
USER	XhinLiang random api	29	START	1544861113700	1544861113700
USER	XhinLiang random api	30	START	1544861113720	1544861113720
USER	XhinLiang random api	31	START	1544861113750	1544861113750
USER	XhinLiang random api	32	START	1544861113770	1544861113770
USER	XhinLiang random api	33	START	1544861113800	1544861113800
USER	XhinLiang random api	34	START	1544861113820	1544861113820
USER	XhinLiang random api	35	START	1544861113850	1544861113850
USER	XhinLiang random api	36	START	1544861113870	1544861113870
USER	XhinLiang random api	37	START	1544861113900	1544861113900
USER	XhinLiang random api	38	START	1544861113920	1544861113920
USER	XhinLiang random api	39	START	1544861113950	1544861113950
REQUEST	14		random	1544861113321	1544861113952	OK	 
USER	XhinLiang random api	40	START	1544861113980	1544861113980
REQUEST	36		random	1544861113870	1544861113940	OK	 
REQUEST	35		random	1544861113852	1544861113950	OK	 
REQUEST	34		random	1544861113820	1544861113949	OK	 
REQUEST	13		random	1544861113300	1544861113950	OK	 
REQUEST	8		random	1544861113171	1544861113950	OK	 
REQUEST	7		random	1544861113151	1544861113951	OK	 
REQUEST	33		random	1544861113801	1544861113949	OK	 
USER	XhinLiang random api	8	END	1544861113170	1544861113988
USER	XhinLiang random api	14	END	1544861113320	1544861113989
USER	XhinLiang random api	7	END	1544861113150	1544861113992
USER	XhinLiang random api	13	END	1544861113300	1544861113992
USER	XhinLiang random api	36	END	1544861113870	1544861113993
USER	XhinLiang random api	35	END	1544861113850	1544861113993
USER	XhinLiang random api	33	END	1544861113800	1544861113993
USER	XhinLiang random api	34	END	1544861113820	1544861113994
REQUEST	22		random	1544861113521	1544861113994	OK	 
REQUEST	9		random	1544861113200	1544861113994	OK	 
USER	XhinLiang random api	9	END	1544861113199	1544861113996
USER	XhinLiang random api	22	END	1544861113520	1544861113996
REQUEST	11		random	1544861113251	1544861113994	OK	 
REQUEST	10		random	1544861113221	1544861113995	OK	 
REQUEST	21		random	1544861113501	1544861113996	OK	 
USER	XhinLiang random api	10	END	1544861113220	1544861113999
USER	XhinLiang random api	11	END	1544861113250	1544861113999
USER	XhinLiang random api	21	END	1544861113500	1544861114000
REQUEST	15		random	1544861113351	1544861113994	OK	 
REQUEST	16		random	1544861113370	1544861113995	OK	 
REQUEST	17		random	1544861113400	1544861113997	OK	 
USER	XhinLiang random api	17	END	1544861113400	1544861114001
USER	XhinLiang random api	16	END	1544861113369	1544861114001
REQUEST	30		random	1544861113721	1544861113997	OK	 
REQUEST	12		random	1544861113271	1544861113998	OK	 
REQUEST	24		random	1544861113570	1544861114002	OK	 
REQUEST	6		random	1544861113120	1544861114003	OK	 
USER	XhinLiang random api	30	END	1544861113720	1544861114002
USER	XhinLiang random api	12	END	1544861113270	1544861114003
USER	XhinLiang random api	24	END	1544861113569	1544861114003
USER	XhinLiang random api	6	END	1544861113120	1544861114004
USER	XhinLiang random api	15	END	1544861113350	1544861114004
REQUEST	19		random	1544861113450	1544861114000	OK	 
REQUEST	18		random	1544861113421	1544861114000	OK	 
REQUEST	23		random	1544861113551	1544861114005	OK	 
USER	XhinLiang random api	19	END	1544861113450	1544861114006
USER	XhinLiang random api	23	END	1544861113550	1544861114006
REQUEST	26		random	1544861113621	1544861114006	OK	 
USER	XhinLiang random api	18	END	1544861113420	1544861114006
REQUEST	27		random	1544861113651	1544861114006	OK	 
USER	XhinLiang random api	26	END	1544861113620	1544861114007
REQUEST	32		random	1544861113771	1544861114007	OK	 
USER	XhinLiang random api	27	END	1544861113650	1544861114008
USER	XhinLiang random api	32	END	1544861113770	1544861114008
REQUEST	29		random	1544861113700	1544861114000	OK	 
USER	XhinLiang random api	29	END	1544861113700	1544861114009
REQUEST	25		random	1544861113601	1544861114001	OK	 
REQUEST	3		random	1544861113041	1544861114010	OK	 
REQUEST	20		random	1544861113470	1544861114007	OK	 
USER	XhinLiang random api	20	END	1544861113470	1544861114011
USER	XhinLiang random api	25	END	1544861113600	1544861114011
USER	XhinLiang random api	3	END	1544861113040	1544861114011
REQUEST	28		random	1544861113671	1544861114011	OK	 
USER	XhinLiang random api	28	END	1544861113670	1544861114012
REQUEST	2		random	1544861113011	1544861114008	OK	 
REQUEST	31		random	1544861113751	1544861114014	OK	 
USER	XhinLiang random api	2	END	1544861113010	1544861114014
USER	XhinLiang random api	31	END	1544861113750	1544861114015
REQUEST	1		random	1544861112982	1544861114012	OK	 
REQUEST	4		random	1544861113061	1544861114013	OK	 
USER	XhinLiang random api	41	START	1544861114010	1544861114010
USER	XhinLiang random api	4	END	1544861113060	1544861114016
REQUEST	5		random	1544861113090	1544861114010	OK	 
USER	XhinLiang random api	1	END	1544861112950	1544861114016
USER	XhinLiang random api	5	END	1544861113089	1544861114017
USER	XhinLiang random api	42	START	1544861114029	1544861114029
REQUEST	37		random	1544861113901	1544861114047	OK	 
USER	XhinLiang random api	37	END	1544861113900	1544861114048
REQUEST	38		random	1544861113921	1544861114054	OK	 
USER	XhinLiang random api	38	END	1544861113920	1544861114055
USER	XhinLiang random api	43	START	1544861114060	1544861114060
REQUEST	40		random	1544861113981	1544861114068	OK	 
USER	XhinLiang random api	40	END	1544861113980	1544861114069
REQUEST	39		random	1544861113951	1544861114074	OK	 
USER	XhinLiang random api	39	END	1544861113950	1544861114075
REQUEST	42		random	1544861114030	1544861114080	OK	 
USER	XhinLiang random api	44	START	1544861114080	1544861114080
USER	XhinLiang random api	42	END	1544861114029	1544861114082
REQUEST	43		random	1544861114060	1544861114105	OK	 
REQUEST	41		random	1544861114016	1544861114106	OK	 
USER	XhinLiang random api	43	END	1544861114060	1544861114107
USER	XhinLiang random api	41	END	1544861114010	1544861114107
USER	XhinLiang random api	45	START	1544861114109	1544861114109
REQUEST	44		random	1544861114081	1544861114113	OK	 
USER	XhinLiang random api	44	END	1544861114080	1544861114114
USER	XhinLiang random api	46	START	1544861114130	1544861114130
REQUEST	45		random	1544861114110	1544861114141	OK	 
USER	XhinLiang random api	45	END	1544861114109	1544861114142
USER	XhinLiang random api	47	START	1544861114160	1544861114160
REQUEST	46		random	1544861114130	1544861114160	OK	 
USER	XhinLiang random api	46	END	1544861114130	1544861114162
USER	XhinLiang random api	48	START	1544861114179	1544861114179
REQUEST	47		random	1544861114161	1544861114192	OK	 
USER	XhinLiang random api	47	END	1544861114160	1544861114193
USER	XhinLiang random api	49	START	1544861114210	1544861114210
REQUEST	48		random	1544861114180	1544861114211	OK	 
USER	XhinLiang random api	48	END	1544861114179	1544861114213
USER	XhinLiang random api	50	START	1544861114230	1544861114230
REQUEST	49		random	1544861114211	1544861114242	OK	 
USER	XhinLiang random api	49	END	1544861114210	1544861114244
USER	XhinLiang random api	51	START	1544861114260	1544861114260
REQUEST	50		random	1544861114231	1544861114263	OK	 
USER	XhinLiang random api	50	END	1544861114230	1544861114264
USER	XhinLiang random api	52	START	1544861114280	1544861114280
REQUEST	51		random	1544861114261	1544861114295	OK	 
USER	XhinLiang random api	51	END	1544861114260	1544861114297
USER	XhinLiang random api	53	START	1544861114310	1544861114310
REQUEST	52		random	1544861114281	1544861114313	OK	 
USER	XhinLiang random api	52	END	1544861114280	1544861114314
USER	XhinLiang random api	54	START	1544861114330	1544861114330
REQUEST	53		random	1544861114312	1544861114344	OK	 
USER	XhinLiang random api	53	END	1544861114310	1544861114346
USER	XhinLiang random api	55	START	1544861114360	1544861114360
REQUEST	54		random	1544861114331	1544861114362	OK	 
USER	XhinLiang random api	54	END	1544861114330	1544861114365
USER	XhinLiang random api	56	START	1544861114380	1544861114380
REQUEST	55		random	1544861114361	1544861114393	OK	 
USER	XhinLiang random api	55	END	1544861114360	1544861114395
USER	XhinLiang random api	57	START	1544861114410	1544861114410
REQUEST	56		random	1544861114381	1544861114415	OK	 
USER	XhinLiang random api	56	END	1544861114380	1544861114416
USER	XhinLiang random api	58	START	1544861114430	1544861114430
REQUEST	57		random	1544861114410	1544861114440	OK	 
USER	XhinLiang random api	57	END	1544861114410	1544861114441
USER	XhinLiang random api	59	START	1544861114459	1544861114459
REQUEST	58		random	1544861114431	1544861114461	OK	 
USER	XhinLiang random api	58	END	1544861114430	1544861114462
USER	XhinLiang random api	60	START	1544861114480	1544861114480
REQUEST	59		random	1544861114460	1544861114494	OK	 
USER	XhinLiang random api	59	END	1544861114459	1544861114496
USER	XhinLiang random api	61	START	1544861114510	1544861114510
REQUEST	60		random	1544861114481	1544861114515	OK	 
USER	XhinLiang random api	60	END	1544861114480	1544861114517
USER	XhinLiang random api	62	START	1544861114529	1544861114529
REQUEST	61		random	1544861114511	1544861114548	OK	 
USER	XhinLiang random api	61	END	1544861114510	1544861114549
USER	XhinLiang random api	63	START	1544861114560	1544861114560
REQUEST	62		random	1544861114530	1544861114563	OK	 
USER	XhinLiang random api	62	END	1544861114529	1544861114564
USER	XhinLiang random api	64	START	1544861114580	1544861114580
REQUEST	63		random	1544861114561	1544861114604	OK	 
USER	XhinLiang random api	63	END	1544861114560	1544861114605
USER	XhinLiang random api	65	START	1544861114610	1544861114610
REQUEST	64		random	1544861114581	1544861114619	OK	 
USER	XhinLiang random api	64	END	1544861114580	1544861114620
USER	XhinLiang random api	66	START	1544861114630	1544861114630
REQUEST	65		random	1544861114610	1544861114643	OK	 
USER	XhinLiang random api	65	END	1544861114610	1544861114644
USER	XhinLiang random api	67	START	1544861114659	1544861114659
REQUEST	66		random	1544861114631	1544861114665	OK	 
USER	XhinLiang random api	66	END	1544861114630	1544861114666
USER	XhinLiang random api	68	START	1544861114680	1544861114680
REQUEST	67		random	1544861114660	1544861114691	OK	 
USER	XhinLiang random api	67	END	1544861114659	1544861114692
USER	XhinLiang random api	69	START	1544861114710	1544861114710
REQUEST	68		random	1544861114680	1544861114712	OK	 
USER	XhinLiang random api	68	END	1544861114680	1544861114713
USER	XhinLiang random api	70	START	1544861114730	1544861114730
REQUEST	69		random	1544861114711	1544861114760	OK	 
USER	XhinLiang random api	69	END	1544861114710	1544861114761
USER	XhinLiang random api	71	START	1544861114760	1544861114760
USER	XhinLiang random api	72	START	1544861114780	1544861114780
USER	XhinLiang random api	73	START	1544861114810	1544861114810
USER	XhinLiang random api	74	START	1544861114830	1544861114830
REQUEST	72		random	1544861114781	1544861114839	OK	 
USER	XhinLiang random api	72	END	1544861114780	1544861114840
USER	XhinLiang random api	75	START	1544861114860	1544861114860
USER	XhinLiang random api	76	START	1544861114879	1544861114879
USER	XhinLiang random api	77	START	1544861114910	1544861114910
USER	XhinLiang random api	78	START	1544861114930	1544861114930
REQUEST	76		random	1544861114880	1544861114933	OK	 
USER	XhinLiang random api	76	END	1544861114879	1544861114934
REQUEST	77		random	1544861114910	1544861114959	OK	 
USER	XhinLiang random api	77	END	1544861114910	1544861114960
USER	XhinLiang random api	79	START	1544861114960	1544861114960
USER	XhinLiang random api	80	START	1544861114980	1544861114980
USER	XhinLiang random api	82	START	1544861114980	1544861114980
USER	XhinLiang random api	81	START	1544861115010	1544861115010
USER	XhinLiang random api	83	START	1544861115010	1544861115010
REQUEST	79		random	1544861114961	1544861115011	OK	 
USER	XhinLiang random api	79	END	1544861114960	1544861115012
REQUEST	71		random	1544861114761	1544861115021	OK	 
USER	XhinLiang random api	71	END	1544861114760	1544861115021
USER	XhinLiang random api	84	START	1544861115030	1544861115030
USER	XhinLiang random api	85	START	1544861115060	1544861115060
USER	XhinLiang random api	86	START	1544861115080	1544861115080
USER	XhinLiang random api	87	START	1544861115110	1544861115110
USER	XhinLiang random api	88	START	1544861115130	1544861115130
USER	XhinLiang random api	89	START	1544861115160	1544861115160
REQUEST	87		random	1544861115111	1544861115165	OK	 
USER	XhinLiang random api	87	END	1544861115110	1544861115166
USER	XhinLiang random api	90	START	1544861115180	1544861115180
REQUEST	70		random	1544861114730	1544861115203	OK	 
USER	XhinLiang random api	70	END	1544861114730	1544861115204
USER	XhinLiang random api	91	START	1544861115210	1544861115210
REQUEST	89		random	1544861115161	1544861115212	OK	 
USER	XhinLiang random api	89	END	1544861115160	1544861115213
USER	XhinLiang random api	92	START	1544861115229	1544861115229
USER	XhinLiang random api	93	START	1544861115260	1544861115260
USER	XhinLiang random api	94	START	1544861115280	1544861115280
USER	XhinLiang random api	95	START	1544861115310	1544861115310
REQUEST	85		random	1544861115060	1544861115328	OK	 
USER	XhinLiang random api	85	END	1544861115060	1544861115330
USER	XhinLiang random api	96	START	1544861115330	1544861115330
USER	XhinLiang random api	97	START	1544861115360	1544861115360
USER	XhinLiang random api	98	START	1544861115380	1544861115380
REQUEST	96		random	1544861115331	1544861115387	OK	 
USER	XhinLiang random api	96	END	1544861115330	1544861115388
REQUEST	88		random	1544861115131	1544861115399	OK	 
USER	XhinLiang random api	88	END	1544861115130	1544861115400
USER	XhinLiang random api	99	START	1544861115410	1544861115410
USER	XhinLiang random api	100	START	1544861115429	1544861115429
USER	XhinLiang random api	101	START	1544861115460	1544861115460
REQUEST	99		random	1544861115411	1544861115462	OK	 
USER	XhinLiang random api	99	END	1544861115410	1544861115464
USER	XhinLiang random api	102	START	1544861115479	1544861115479
REQUEST	73		random	1544861114810	1544861115495	OK	 
USER	XhinLiang random api	73	END	1544861114810	1544861115496
USER	XhinLiang random api	103	START	1544861115510	1544861115510
REQUEST	75		random	1544861114861	1544861115519	OK	 
USER	XhinLiang random api	75	END	1544861114860	1544861115521
USER	XhinLiang random api	104	START	1544861115530	1544861115530
USER	XhinLiang random api	105	START	1544861115560	1544861115560
REQUEST	95		random	1544861115311	1544861115566	OK	 
USER	XhinLiang random api	95	END	1544861115310	1544861115567
USER	XhinLiang random api	106	START	1544861115580	1544861115580
USER	XhinLiang random api	107	START	1544861115610	1544861115610
USER	XhinLiang random api	108	START	1544861115630	1544861115630
REQUEST	98		random	1544861115381	1544861115645	OK	 
USER	XhinLiang random api	98	END	1544861115380	1544861115646
USER	XhinLiang random api	109	START	1544861115660	1544861115660
USER	XhinLiang random api	110	START	1544861115680	1544861115680
USER	XhinLiang random api	111	START	1544861115710	1544861115710
USER	XhinLiang random api	112	START	1544861115729	1544861115729
USER	XhinLiang random api	113	START	1544861115760	1544861115760
REQUEST	103		random	1544861115511	1544861115763	OK	 
USER	XhinLiang random api	103	END	1544861115510	1544861115764
USER	XhinLiang random api	114	START	1544861115780	1544861115780
USER	XhinLiang random api	115	START	1544861115810	1544861115810
REQUEST	78		random	1544861114930	1544861115823	OK	 
USER	XhinLiang random api	78	END	1544861114930	1544861115824
USER	XhinLiang random api	116	START	1544861115830	1544861115830
USER	XhinLiang random api	117	START	1544861115860	1544861115860
USER	XhinLiang random api	118	START	1544861115880	1544861115880
USER	XhinLiang random api	119	START	1544861115910	1544861115910
USER	XhinLiang random api	120	START	1544861115930	1544861115930
REQUEST	101		random	1544861115461	1544861115934	OK	 
USER	XhinLiang random api	101	END	1544861115460	1544861115935
USER	XhinLiang random api	121	START	1544861115960	1544861115960
USER	XhinLiang random api	122	START	1544861115980	1544861115980
REQUEST	112		random	1544861115730	1544861115997	OK	 
USER	XhinLiang random api	112	END	1544861115729	1544861115998
USER	XhinLiang random api	123	START	1544861116009	1544861116009
REQUEST	113		random	1544861115761	1544861116023	OK	 
USER	XhinLiang random api	113	END	1544861115760	1544861116024
USER	XhinLiang random api	124	START	1544861116030	1544861116030
REQUEST	106		random	1544861115581	1544861116052	OK	 
USER	XhinLiang random api	106	END	1544861115580	1544861116053
USER	XhinLiang random api	125	START	1544861116060	1544861116060
USER	XhinLiang random api	126	START	1544861116080	1544861116080
REQUEST	116		random	1544861115831	1544861116092	OK	 
USER	XhinLiang random api	116	END	1544861115830	1544861116094
REQUEST	91		random	1544861115211	1544861116105	OK	 
USER	XhinLiang random api	91	END	1544861115210	1544861116106
USER	XhinLiang random api	127	START	1544861116110	1544861116110
USER	XhinLiang random api	128	START	1544861116130	1544861116130
REQUEST	93		random	1544861115261	1544861116142	OK	 
USER	XhinLiang random api	93	END	1544861115260	1544861116143
REQUEST	110		random	1544861115680	1544861116148	OK	 
USER	XhinLiang random api	110	END	1544861115680	1544861116149
USER	XhinLiang random api	129	START	1544861116160	1544861116160
USER	XhinLiang random api	130	START	1544861116180	1544861116180
USER	XhinLiang random api	131	START	1544861116209	1544861116209
USER	XhinLiang random api	132	START	1544861116230	1544861116230
USER	XhinLiang random api	133	START	1544861116260	1544861116260
USER	XhinLiang random api	134	START	1544861116280	1544861116280
USER	XhinLiang random api	135	START	1544861116310	1544861116310
REQUEST	84		random	1544861115031	1544861116325	OK	 
USER	XhinLiang random api	84	END	1544861115030	1544861116327
USER	XhinLiang random api	136	START	1544861116330	1544861116330
REQUEST	118		random	1544861115881	1544861116341	OK	 
USER	XhinLiang random api	118	END	1544861115880	1544861116343
USER	XhinLiang random api	137	START	1544861116360	1544861116360
REQUEST	86		random	1544861115080	1544861116372	OK	 
USER	XhinLiang random api	86	END	1544861115080	1544861116373
USER	XhinLiang random api	138	START	1544861116380	1544861116380
USER	XhinLiang random api	139	START	1544861116409	1544861116409
REQUEST	104		random	1544861115531	1544861116414	OK	 
USER	XhinLiang random api	104	END	1544861115530	1544861116415
USER	XhinLiang random api	140	START	1544861116430	1544861116430
REQUEST	122		random	1544861115981	1544861116442	OK	 
USER	XhinLiang random api	122	END	1544861115980	1544861116442
USER	XhinLiang random api	141	START	1544861116460	1544861116460
USER	XhinLiang random api	142	START	1544861116480	1544861116480
REQUEST	107		random	1544861115610	1544861116485	OK	 
USER	XhinLiang random api	107	END	1544861115610	1544861116486
REQUEST	133		random	1544861116261	1544861116509	OK	 
USER	XhinLiang random api	133	END	1544861116260	1544861116510
USER	XhinLiang random api	143	START	1544861116510	1544861116510
REQUEST	125		random	1544861116061	1544861116530	OK	 
USER	XhinLiang random api	144	START	1544861116530	1544861116530
USER	XhinLiang random api	125	END	1544861116060	1544861116531
USER	XhinLiang random api	145	START	1544861116560	1544861116560
USER	XhinLiang random api	146	START	1544861116579	1544861116579
REQUEST	111		random	1544861115711	1544861116597	OK	 
USER	XhinLiang random api	111	END	1544861115710	1544861116598
REQUEST	128		random	1544861116132	1544861116605	OK	 
USER	XhinLiang random api	128	END	1544861116130	1544861116606
USER	XhinLiang random api	147	START	1544861116610	1544861116610
USER	XhinLiang random api	148	START	1544861116630	1544861116630
USER	XhinLiang random api	149	START	1544861116660	1544861116660
USER	XhinLiang random api	150	START	1544861116680	1544861116680
REQUEST	131		random	1544861116210	1544861116684	OK	 
USER	XhinLiang random api	131	END	1544861116209	1544861116685
REQUEST	123		random	1544861116010	1544861116686	OK	 
USER	XhinLiang random api	123	END	1544861116009	1544861116687
USER	XhinLiang random api	151	START	1544861116710	1544861116710
REQUEST	81		random	1544861115011	1544861116717	OK	 
USER	XhinLiang random api	81	END	1544861115010	1544861116718
USER	XhinLiang random api	152	START	1544861116730	1544861116730
USER	XhinLiang random api	153	START	1544861116760	1544861116760
USER	XhinLiang random api	154	START	1544861116780	1544861116780
REQUEST	94		random	1544861115282	1544861116786	OK	 
USER	XhinLiang random api	94	END	1544861115280	1544861116787
USER	XhinLiang random api	155	START	1544861116810	1544861116810
REQUEST	120		random	1544861115931	1544861116814	OK	 
USER	XhinLiang random api	120	END	1544861115930	1544861116815
USER	XhinLiang random api	156	START	1544861116830	1544861116830
USER	XhinLiang random api	157	START	1544861116860	1544861116860
USER	XhinLiang random api	158	START	1544861116880	1544861116880
USER	XhinLiang random api	159	START	1544861116910	1544861116910
USER	XhinLiang random api	160	START	1544861116930	1544861116930
REQUEST	74		random	1544861114830	1544861116949	OK	 
USER	XhinLiang random api	74	END	1544861114830	1544861116950
USER	XhinLiang random api	161	START	1544861116959	1544861116959
USER	XhinLiang random api	162	START	1544861116980	1544861116980
USER	XhinLiang random api	163	START	1544861117010	1544861117010
USER	XhinLiang random api	164	START	1544861117030	1544861117030
USER	XhinLiang random api	165	START	1544861117060	1544861117060
USER	XhinLiang random api	166	START	1544861117079	1544861117079
REQUEST	139		random	1544861116410	1544861117087	OK	 
USER	XhinLiang random api	139	END	1544861116409	1544861117088
REQUEST	156		random	1544861116831	1544861117094	OK	 
USER	XhinLiang random api	156	END	1544861116830	1544861117096
USER	XhinLiang random api	167	START	1544861117110	1544861117110
USER	XhinLiang random api	168	START	1544861117130	1544861117130
USER	XhinLiang random api	169	START	1544861117160	1544861117160
USER	XhinLiang random api	170	START	1544861117180	1544861117180
USER	XhinLiang random api	171	START	1544861117210	1544861117210
USER	XhinLiang random api	172	START	1544861117230	1544861117230
REQUEST	137		random	1544861116360	1544861117244	OK	 
USER	XhinLiang random api	137	END	1544861116360	1544861117245
REQUEST	121		random	1544861115960	1544861117260	OK	 
USER	XhinLiang random api	121	END	1544861115960	1544861117261
USER	XhinLiang random api	173	START	1544861117259	1544861117259
USER	XhinLiang random api	174	START	1544861117280	1544861117280
USER	XhinLiang random api	175	START	1544861117310	1544861117310
USER	XhinLiang random api	176	START	1544861117330	1544861117330
REQUEST	149		random	1544861116660	1544861117341	OK	 
USER	XhinLiang random api	149	END	1544861116660	1544861117342
REQUEST	166		random	1544861117080	1544861117349	OK	 
USER	XhinLiang random api	166	END	1544861117079	1544861117350
USER	XhinLiang random api	177	START	1544861117360	1544861117360
USER	XhinLiang random api	178	START	1544861117380	1544861117380
REQUEST	143		random	1544861116511	1544861117395	OK	 
USER	XhinLiang random api	143	END	1544861116510	1544861117396
USER	XhinLiang random api	179	START	1544861117410	1544861117410
REQUEST	169		random	1544861117161	1544861117420	OK	 
USER	XhinLiang random api	169	END	1544861117160	1544861117421
USER	XhinLiang random api	180	START	1544861117430	1544861117430
REQUEST	161		random	1544861116960	1544861117435	OK	 
USER	XhinLiang random api	161	END	1544861116959	1544861117436
USER	XhinLiang random api	181	START	1544861117460	1544861117460
USER	XhinLiang random api	182	START	1544861117480	1544861117480
REQUEST	155		random	1544861116810	1544861117486	OK	 
USER	XhinLiang random api	155	END	1544861116810	1544861117487
USER	XhinLiang random api	183	START	1544861117510	1544861117510
USER	XhinLiang random api	184	START	1544861117530	1544861117530
USER	XhinLiang random api	185	START	1544861117560	1544861117560
REQUEST	183		random	1544861117511	1544861117561	OK	 
USER	XhinLiang random api	183	END	1544861117510	1544861117562
USER	XhinLiang random api	186	START	1544861117580	1544861117580
USER	XhinLiang random api	187	START	1544861117610	1544861117610
USER	XhinLiang random api	188	START	1544861117630	1544861117630
USER	XhinLiang random api	189	START	1544861117660	1544861117660
USER	XhinLiang random api	190	START	1544861117680	1544861117680
USER	XhinLiang random api	191	START	1544861117710	1544861117710
REQUEST	164		random	1544861117030	1544861117716	OK	 
USER	XhinLiang random api	164	END	1544861117030	1544861117718
USER	XhinLiang random api	192	START	1544861117730	1544861117730
USER	XhinLiang random api	193	START	1544861117760	1544861117760
USER	XhinLiang random api	194	START	1544861117780	1544861117780
USER	XhinLiang random api	195	START	1544861117810	1544861117810
REQUEST	159		random	1544861116911	1544861117818	OK	 
USER	XhinLiang random api	159	END	1544861116910	1544861117819
REQUEST	127		random	1544861116111	1544861117826	OK	 
USER	XhinLiang random api	127	END	1544861116110	1544861117827
USER	XhinLiang random api	196	START	1544861117830	1544861117830
USER	XhinLiang random api	197	START	1544861117859	1544861117859
REQUEST	162		random	1544861116981	1544861117867	OK	 
USER	XhinLiang random api	162	END	1544861116980	1544861117868
REQUEST	154		random	1544861116782	1544861117877	OK	 
USER	XhinLiang random api	154	END	1544861116780	1544861117878
USER	XhinLiang random api	198	START	1544861117880	1544861117880
USER	XhinLiang random api	199	START	1544861117910	1544861117910
USER	XhinLiang random api	200	START	1544861117930	1544861117930
USER	XhinLiang random api	201	START	1544861117960	1544861117960
REQUEST	191		random	1544861117711	1544861117975	OK	 
USER	XhinLiang random api	191	END	1544861117710	1544861117977
USER	XhinLiang random api	202	START	1544861117980	1544861117980
USER	XhinLiang random api	203	START	1544861118000	1544861118000
REQUEST	152		random	1544861116730	1544861118024	OK	 
USER	XhinLiang random api	152	END	1544861116730	1544861118026
USER	XhinLiang random api	204	START	1544861118029	1544861118029
USER	XhinLiang random api	205	START	1544861118050	1544861118050
REQUEST	145		random	1544861116561	1544861118056	OK	 
USER	XhinLiang random api	145	END	1544861116560	1544861118057
USER	XhinLiang random api	206	START	1544861118080	1544861118080
USER	XhinLiang random api	207	START	1544861118100	1544861118100
USER	XhinLiang random api	208	START	1544861118130	1544861118130
REQUEST	189		random	1544861117661	1544861118135	OK	 
USER	XhinLiang random api	189	END	1544861117660	1544861118136
USER	XhinLiang random api	209	START	1544861118150	1544861118150
USER	XhinLiang random api	210	START	1544861118180	1544861118180
USER	XhinLiang random api	211	START	1544861118200	1544861118200
USER	XhinLiang random api	212	START	1544861118230	1544861118230
USER	XhinLiang random api	213	START	1544861118250	1544861118250
REQUEST	153		random	1544861116761	1544861118262	OK	 
USER	XhinLiang random api	153	END	1544861116760	1544861118263
USER	XhinLiang random api	214	START	1544861118279	1544861118279
USER	XhinLiang random api	215	START	1544861118300	1544861118300
REQUEST	163		random	1544861117011	1544861118315	OK	 
USER	XhinLiang random api	163	END	1544861117010	1544861118316
USER	XhinLiang random api	216	START	1544861118330	1544861118330
USER	XhinLiang random api	217	START	1544861118350	1544861118350
REQUEST	198		random	1544861117880	1544861118352	OK	 
USER	XhinLiang random api	198	END	1544861117880	1544861118353
USER	XhinLiang random api	218	START	1544861118380	1544861118380
REQUEST	83		random	1544861115011	1544861118389	OK	 
USER	XhinLiang random api	83	END	1544861115010	1544861118390
USER	XhinLiang random api	219	START	1544861118399	1544861118399
USER	XhinLiang random api	220	START	1544861118430	1544861118430
USER	XhinLiang random api	221	START	1544861118450	1544861118450
REQUEST	211		random	1544861118201	1544861118471	OK	 
USER	XhinLiang random api	211	END	1544861118200	1544861118472
USER	XhinLiang random api	222	START	1544861118480	1544861118480
USER	XhinLiang random api	223	START	1544861118500	1544861118500
USER	XhinLiang random api	224	START	1544861118529	1544861118529
USER	XhinLiang random api	225	START	1544861118550	1544861118550
REQUEST	190		random	1544861117681	1544861118566	OK	 
USER	XhinLiang random api	190	END	1544861117680	1544861118567
USER	XhinLiang random api	226	START	1544861118580	1544861118580
USER	XhinLiang random api	227	START	1544861118600	1544861118600
REQUEST	192		random	1544861117731	1544861118604	OK	 
USER	XhinLiang random api	192	END	1544861117730	1544861118605
REQUEST	109		random	1544861115661	1544861118613	OK	 
USER	XhinLiang random api	109	END	1544861115660	1544861118614
USER	XhinLiang random api	228	START	1544861118630	1544861118630
REQUEST	160		random	1544861116931	1544861118645	OK	 
USER	XhinLiang random api	160	END	1544861116930	1544861118646
USER	XhinLiang random api	229	START	1544861118650	1544861118650
USER	XhinLiang random api	230	START	1544861118680	1544861118680
REQUEST	220		random	1544861118431	1544861118693	OK	 
USER	XhinLiang random api	220	END	1544861118430	1544861118695
USER	XhinLiang random api	231	START	1544861118699	1544861118699
USER	XhinLiang random api	232	START	1544861118730	1544861118730
USER	XhinLiang random api	233	START	1544861118750	1544861118750
REQUEST	214		random	1544861118280	1544861118755	OK	 
USER	XhinLiang random api	214	END	1544861118279	1544861118756
REQUEST	215		random	1544861118301	1544861118765	OK	 
USER	XhinLiang random api	215	END	1544861118300	1544861118766
USER	XhinLiang random api	234	START	1544861118780	1544861118780
REQUEST	108		random	1544861115631	1544861118794	OK	 
REQUEST	80		random	1544861114980	1544861118794	OK	 
USER	XhinLiang random api	80	END	1544861114980	1544861118795
USER	XhinLiang random api	108	END	1544861115630	1544861118795
USER	XhinLiang random api	235	START	1544861118800	1544861118800
REQUEST	158		random	1544861116881	1544861118808	OK	 
USER	XhinLiang random api	158	END	1544861116880	1544861118809
REQUEST	126		random	1544861116080	1544861118818	OK	 
USER	XhinLiang random api	126	END	1544861116080	1544861118819
USER	XhinLiang random api	236	START	1544861118829	1544861118829
USER	XhinLiang random api	237	START	1544861118850	1544861118850
USER	XhinLiang random api	238	START	1544861118880	1544861118880
USER	XhinLiang random api	239	START	1544861118900	1544861118900
REQUEST	229		random	1544861118651	1544861118913	OK	 
USER	XhinLiang random api	229	END	1544861118650	1544861118914
USER	XhinLiang random api	240	START	1544861118930	1544861118930
REQUEST	196		random	1544861117831	1544861118931	OK	 
USER	XhinLiang random api	196	END	1544861117830	1544861118932
USER	XhinLiang random api	241	START	1544861118950	1544861118950
REQUEST	181		random	1544861117461	1544861118960	OK	 
USER	XhinLiang random api	181	END	1544861117460	1544861118961
USER	XhinLiang random api	242	START	1544861118980	1544861118980
USER	XhinLiang random api	243	START	1544861119010	1544861119010
REQUEST	175		random	1544861117311	1544861119020	OK	 
USER	XhinLiang random api	175	END	1544861117310	1544861119021
USER	XhinLiang random api	244	START	1544861119030	1544861119030
USER	XhinLiang random api	245	START	1544861119059	1544861119059
USER	XhinLiang random api	246	START	1544861119080	1544861119080
REQUEST	194		random	1544861117781	1544861119089	OK	 
USER	XhinLiang random api	194	END	1544861117780	1544861119089
REQUEST	228		random	1544861118631	1544861119097	OK	 
USER	XhinLiang random api	228	END	1544861118630	1544861119097
USER	XhinLiang random api	247	START	1544861119110	1544861119110
USER	XhinLiang random api	248	START	1544861119130	1544861119130
REQUEST	213		random	1544861118251	1544861119139	OK	 
USER	XhinLiang random api	213	END	1544861118250	1544861119140
USER	XhinLiang random api	249	START	1544861119160	1544861119160
USER	XhinLiang random api	250	START	1544861119180	1544861119180
USER	XhinLiang random api	251	START	1544861119210	1544861119210
USER	XhinLiang random api	252	START	1544861119229	1544861119229
REQUEST	184		random	1544861117531	1544861119242	OK	 
USER	XhinLiang random api	184	END	1544861117530	1544861119243
USER	XhinLiang random api	253	START	1544861119260	1544861119260
USER	XhinLiang random api	254	START	1544861119280	1544861119280
REQUEST	244		random	1544861119031	1544861119299	OK	 
REQUEST	203		random	1544861118001	1544861119299	OK	 
USER	XhinLiang random api	203	END	1544861118000	1544861119300
USER	XhinLiang random api	244	END	1544861119030	1544861119300
USER	XhinLiang random api	255	START	1544861119310	1544861119310
USER	XhinLiang random api	256	START	1544861119330	1544861119330
USER	XhinLiang random api	257	START	1544861119360	1544861119360
USER	XhinLiang random api	258	START	1544861119380	1544861119380
REQUEST	240		random	1544861118930	1544861119401	OK	 
USER	XhinLiang random api	240	END	1544861118930	1544861119402
USER	XhinLiang random api	259	START	1544861119410	1544861119410
REQUEST	224		random	1544861118530	1544861119412	OK	 
USER	XhinLiang random api	224	END	1544861118529	1544861119413
USER	XhinLiang random api	260	START	1544861119430	1544861119430
USER	XhinLiang random api	261	START	1544861119460	1544861119460
USER	XhinLiang random api	262	START	1544861119480	1544861119480
REQUEST	235		random	1544861118801	1544861119482	OK	 
USER	XhinLiang random api	235	END	1544861118800	1544861119482
REQUEST	178		random	1544861117381	1544861119506	OK	 
USER	XhinLiang random api	178	END	1544861117380	1544861119507
USER	XhinLiang random api	263	START	1544861119510	1544861119510
USER	XhinLiang random api	264	START	1544861119530	1544861119530
REQUEST	246		random	1544861119080	1544861119551	OK	 
USER	XhinLiang random api	246	END	1544861119080	1544861119552
USER	XhinLiang random api	265	START	1544861119560	1544861119560
REQUEST	222		random	1544861118480	1544861119577	OK	 
USER	XhinLiang random api	222	END	1544861118480	1544861119578
REQUEST	231		random	1544861118700	1544861119579	OK	 
USER	XhinLiang random api	266	START	1544861119580	1544861119580
USER	XhinLiang random api	231	END	1544861118699	1544861119580
USER	XhinLiang random api	267	START	1544861119610	1544861119610
USER	XhinLiang random api	268	START	1544861119629	1544861119629
USER	XhinLiang random api	269	START	1544861119660	1544861119660
USER	XhinLiang random api	270	START	1544861119680	1544861119680
REQUEST	202		random	1544861117980	1544861119684	OK	 
USER	XhinLiang random api	202	END	1544861117980	1544861119685
USER	XhinLiang random api	271	START	1544861119710	1544861119710
USER	XhinLiang random api	272	START	1544861119730	1544861119730
USER	XhinLiang random api	273	START	1544861119760	1544861119760
REQUEST	197		random	1544861117860	1544861119772	OK	 
USER	XhinLiang random api	197	END	1544861117859	1544861119773
USER	XhinLiang random api	274	START	1544861119780	1544861119780
USER	XhinLiang random api	275	START	1544861119810	1544861119810
USER	XhinLiang random api	276	START	1544861119829	1544861119829
REQUEST	241		random	1544861118951	1544861119834	OK	 
USER	XhinLiang random api	241	END	1544861118950	1544861119835
REQUEST	216		random	1544861118331	1544861119841	OK	 
USER	XhinLiang random api	216	END	1544861118330	1544861119842
USER	XhinLiang random api	277	START	1544861119860	1544861119860
USER	XhinLiang random api	278	START	1544861119880	1544861119880
USER	XhinLiang random api	279	START	1544861119910	1544861119910
USER	XhinLiang random api	280	START	1544861119930	1544861119930
REQUEST	204		random	1544861118030	1544861119952	OK	 
USER	XhinLiang random api	204	END	1544861118029	1544861119953
USER	XhinLiang random api	281	START	1544861119960	1544861119960
USER	XhinLiang random api	282	START	1544861119980	1544861119980
REQUEST	255		random	1544861119311	1544861119984	OK	 
USER	XhinLiang random api	255	END	1544861119310	1544861119985
USER	XhinLiang random api	283	START	1544861120010	1544861120010
USER	XhinLiang random api	284	START	1544861120030	1544861120030
REQUEST	150		random	1544861116681	1544861120041	OK	 
USER	XhinLiang random api	150	END	1544861116680	1544861120042
USER	XhinLiang random api	285	START	1544861120060	1544861120060
REQUEST	234		random	1544861118780	1544861120063	OK	 
USER	XhinLiang random api	234	END	1544861118780	1544861120064
USER	XhinLiang random api	286	START	1544861120079	1544861120079
REQUEST	135		random	1544861116311	1544861120082	OK	 
USER	XhinLiang random api	135	END	1544861116310	1544861120083
REQUEST	251		random	1544861119211	1544861120091	OK	 
USER	XhinLiang random api	251	END	1544861119210	1544861120091
USER	XhinLiang random api	287	START	1544861120110	1544861120110
USER	XhinLiang random api	288	START	1544861120130	1544861120130
REQUEST	245		random	1544861119060	1544861120148	OK	 
USER	XhinLiang random api	245	END	1544861119059	1544861120149
REQUEST	254		random	1544861119282	1544861120159	OK	 
USER	XhinLiang random api	254	END	1544861119280	1544861120160
USER	XhinLiang random api	289	START	1544861120159	1544861120159
REQUEST	138		random	1544861116381	1544861120160	OK	 
USER	XhinLiang random api	138	END	1544861116380	1544861120161
USER	XhinLiang random api	290	START	1544861120180	1544861120180
USER	XhinLiang random api	291	START	1544861120210	1544861120210
USER	XhinLiang random api	292	START	1544861120229	1544861120229
USER	XhinLiang random api	293	START	1544861120260	1544861120260
USER	XhinLiang random api	294	START	1544861120280	1544861120280
USER	XhinLiang random api	295	START	1544861120310	1544861120310
USER	XhinLiang random api	296	START	1544861120330	1544861120330
REQUEST	284		random	1544861120030	1544861120351	OK	 
USER	XhinLiang random api	284	END	1544861120030	1544861120353
USER	XhinLiang random api	297	START	1544861120360	1544861120360
USER	XhinLiang random api	298	START	1544861120380	1544861120380
USER	XhinLiang random api	299	START	1544861120410	1544861120410
USER	XhinLiang random api	300	START	1544861120430	1544861120430
REQUEST	174		random	1544861117281	1544861120437	OK	 
USER	XhinLiang random api	174	END	1544861117280	1544861120439
USER	XhinLiang random api	301	START	1544861120460	1544861120460
USER	XhinLiang random api	302	START	1544861120480	1544861120480
USER	XhinLiang random api	303	START	1544861120510	1544861120510
USER	XhinLiang random api	304	START	1544861120530	1544861120530
REQUEST	248		random	1544861119131	1544861120559	OK	 
USER	XhinLiang random api	305	START	1544861120560	1544861120560
USER	XhinLiang random api	248	END	1544861119130	1544861120562
USER	XhinLiang random api	306	START	1544861120580	1544861120580
USER	XhinLiang random api	307	START	1544861120610	1544861120610
REQUEST	247		random	1544861119110	1544861120611	OK	 
USER	XhinLiang random api	247	END	1544861119110	1544861120612
USER	XhinLiang random api	308	START	1544861120630	1544861120630
USER	XhinLiang random api	309	START	1544861120660	1544861120660
USER	XhinLiang random api	310	START	1544861120680	1544861120680
REQUEST	292		random	1544861120230	1544861120700	OK	 
USER	XhinLiang random api	292	END	1544861120229	1544861120701
USER	XhinLiang random api	311	START	1544861120709	1544861120709
USER	XhinLiang random api	312	START	1544861120730	1544861120730
REQUEST	236		random	1544861118830	1544861120746	OK	 
USER	XhinLiang random api	236	END	1544861118829	1544861120747
REQUEST	261		random	1544861119461	1544861120750	OK	 
USER	XhinLiang random api	261	END	1544861119460	1544861120751
USER	XhinLiang random api	313	START	1544861120760	1544861120760
REQUEST	295		random	1544861120311	1544861120778	OK	 
USER	XhinLiang random api	295	END	1544861120310	1544861120779
USER	XhinLiang random api	314	START	1544861120780	1544861120780
REQUEST	296		random	1544861120331	1544861120802	OK	 
USER	XhinLiang random api	296	END	1544861120330	1544861120803
USER	XhinLiang random api	315	START	1544861120810	1544861120810
USER	XhinLiang random api	316	START	1544861120829	1544861120829
USER	XhinLiang random api	317	START	1544861120860	1544861120860
REQUEST	282		random	1544861119981	1544861120865	OK	 
USER	XhinLiang random api	282	END	1544861119980	1544861120866
USER	XhinLiang random api	318	START	1544861120880	1544861120880
REQUEST	167		random	1544861117111	1544861120896	OK	 
USER	XhinLiang random api	167	END	1544861117110	1544861120896
USER	XhinLiang random api	319	START	1544861120910	1544861120910
USER	XhinLiang random api	320	START	1544861120930	1544861120930
USER	XhinLiang random api	321	START	1544861120960	1544861120960
USER	XhinLiang random api	322	START	1544861120980	1544861120980
USER	XhinLiang random api	323	START	1544861121009	1544861121009
USER	XhinLiang random api	324	START	1544861121030	1544861121030
REQUEST	157		random	1544861116860	1544861121054	OK	 
USER	XhinLiang random api	157	END	1544861116860	1544861121055
USER	XhinLiang random api	325	START	1544861121060	1544861121060
USER	XhinLiang random api	326	START	1544861121080	1544861121080
USER	XhinLiang random api	327	START	1544861121110	1544861121110
USER	XhinLiang random api	328	START	1544861121130	1544861121130
USER	XhinLiang random api	329	START	1544861121160	1544861121160
REQUEST	319		random	1544861120910	1544861121172	OK	 
USER	XhinLiang random api	319	END	1544861120910	1544861121173
USER	XhinLiang random api	330	START	1544861121180	1544861121180
USER	XhinLiang random api	331	START	1544861121210	1544861121210
REQUEST	171		random	1544861117211	1544861121228	OK	 
USER	XhinLiang random api	171	END	1544861117210	1544861121229
USER	XhinLiang random api	332	START	1544861121229	1544861121229
REQUEST	264		random	1544861119531	1544861121234	OK	 
USER	XhinLiang random api	264	END	1544861119530	1544861121236
REQUEST	289		random	1544861120160	1544861121254	OK	 
USER	XhinLiang random api	289	END	1544861120159	1544861121255
USER	XhinLiang random api	333	START	1544861121260	1544861121260
USER	XhinLiang random api	334	START	1544861121280	1544861121280
REQUEST	250		random	1544861119180	1544861121295	OK	 
USER	XhinLiang random api	250	END	1544861119180	1544861121296
USER	XhinLiang random api	335	START	1544861121310	1544861121310
REQUEST	317		random	1544861120861	1544861121330	OK	 
USER	XhinLiang random api	336	START	1544861121330	1544861121330
USER	XhinLiang random api	317	END	1544861120860	1544861121331
USER	XhinLiang random api	337	START	1544861121360	1544861121360
USER	XhinLiang random api	338	START	1544861121380	1544861121380
REQUEST	187		random	1544861117611	1544861121392	OK	 
USER	XhinLiang random api	187	END	1544861117610	1544861121394
USER	XhinLiang random api	339	START	1544861121410	1544861121410
USER	XhinLiang random api	340	START	1544861121430	1544861121430
USER	XhinLiang random api	341	START	1544861121460	1544861121460
USER	XhinLiang random api	342	START	1544861121480	1544861121480
USER	XhinLiang random api	343	START	1544861121510	1544861121510
USER	XhinLiang random api	344	START	1544861121530	1544861121530
REQUEST	151		random	1544861116711	1544861121536	OK	 
USER	XhinLiang random api	151	END	1544861116710	1544861121537
USER	XhinLiang random api	345	START	1544861121560	1544861121560
USER	XhinLiang random api	346	START	1544861121580	1544861121580
REQUEST	336		random	1544861121330	1544861121583	OK	 
USER	XhinLiang random api	336	END	1544861121330	1544861121583
USER	XhinLiang random api	347	START	1544861121609	1544861121609
REQUEST	312		random	1544861120731	1544861121624	OK	 
USER	XhinLiang random api	312	END	1544861120730	1544861121625
USER	XhinLiang random api	348	START	1544861121630	1544861121630
REQUEST	313		random	1544861120761	1544861121635	OK	 
USER	XhinLiang random api	313	END	1544861120760	1544861121636
REQUEST	272		random	1544861119730	1544861121655	OK	 
USER	XhinLiang random api	272	END	1544861119730	1544861121656
USER	XhinLiang random api	349	START	1544861121660	1544861121660
REQUEST	297		random	1544861120361	1544861121664	OK	 
USER	XhinLiang random api	297	END	1544861120360	1544861121664
USER	XhinLiang random api	350	START	1544861121680	1544861121680
REQUEST	257		random	1544861119361	1544861121686	OK	 
USER	XhinLiang random api	257	END	1544861119360	1544861121687
USER	XhinLiang random api	351	START	1544861121710	1544861121710
REQUEST	324		random	1544861121030	1544861121711	OK	 
USER	XhinLiang random api	324	END	1544861121030	1544861121712
USER	XhinLiang random api	352	START	1544861121730	1544861121730
USER	XhinLiang random api	353	START	1544861121760	1544861121760
USER	XhinLiang random api	354	START	1544861121780	1544861121780
USER	XhinLiang random api	355	START	1544861121810	1544861121810
USER	XhinLiang random api	356	START	1544861121830	1544861121830
REQUEST	337		random	1544861121361	1544861121830	OK	 
USER	XhinLiang random api	337	END	1544861121360	1544861121831
USER	XhinLiang random api	357	START	1544861121860	1544861121860
USER	XhinLiang random api	358	START	1544861121880	1544861121880
USER	XhinLiang random api	359	START	1544861121910	1544861121910
USER	XhinLiang random api	360	START	1544861121930	1544861121930
REQUEST	200		random	1544861117931	1544861121942	OK	 
USER	XhinLiang random api	200	END	1544861117930	1544861121944
USER	XhinLiang random api	361	START	1544861121960	1544861121960
REQUEST	219		random	1544861118400	1544861121967	OK	 
USER	XhinLiang random api	219	END	1544861118399	1544861121968
USER	XhinLiang random api	362	START	1544861121980	1544861121980
REQUEST	278		random	1544861119881	1544861122001	OK	 
USER	XhinLiang random api	278	END	1544861119880	1544861122002
USER	XhinLiang random api	363	START	1544861122000	1544861122000
USER	XhinLiang random api	364	START	1544861122030	1544861122030
USER	XhinLiang random api	365	START	1544861122050	1544861122050
REQUEST	355		random	1544861121810	1544861122067	OK	 
USER	XhinLiang random api	355	END	1544861121810	1544861122068
USER	XhinLiang random api	366	START	1544861122080	1544861122080
USER	XhinLiang random api	367	START	1544861122100	1544861122100
USER	XhinLiang random api	368	START	1544861122130	1544861122130
REQUEST	217		random	1544861118350	1544861122147	OK	 
USER	XhinLiang random api	217	END	1544861118350	1544861122148
USER	XhinLiang random api	369	START	1544861122150	1544861122150
REQUEST	100		random	1544861115431	1544861122167	OK	 
USER	XhinLiang random api	100	END	1544861115429	1544861122168
USER	XhinLiang random api	370	START	1544861122180	1544861122180
USER	XhinLiang random api	371	START	1544861122200	1544861122200
REQUEST	311		random	1544861120710	1544861122215	OK	 
USER	XhinLiang random api	311	END	1544861120709	1544861122216
REQUEST	320		random	1544861120930	1544861122231	OK	 
USER	XhinLiang random api	320	END	1544861120930	1544861122232
USER	XhinLiang random api	372	START	1544861122230	1544861122230
USER	XhinLiang random api	373	START	1544861122250	1544861122250
REQUEST	338		random	1544861121380	1544861122266	OK	 
USER	XhinLiang random api	338	END	1544861121380	1544861122267
USER	XhinLiang random api	374	START	1544861122280	1544861122280
USER	XhinLiang random api	375	START	1544861122299	1544861122299
USER	XhinLiang random api	376	START	1544861122330	1544861122330
REQUEST	316		random	1544861120831	1544861122335	OK	 
USER	XhinLiang random api	316	END	1544861120829	1544861122336
USER	XhinLiang random api	377	START	1544861122350	1544861122350
USER	XhinLiang random api	378	START	1544861122380	1544861122380
USER	XhinLiang random api	379	START	1544861122400	1544861122400
REQUEST	243		random	1544861119010	1544861122430	OK	 
USER	XhinLiang random api	243	END	1544861119010	1544861122431
USER	XhinLiang random api	380	START	1544861122429	1544861122429
USER	XhinLiang random api	381	START	1544861122450	1544861122450
REQUEST	321		random	1544861120960	1544861122460	OK	 
USER	XhinLiang random api	321	END	1544861120960	1544861122461
USER	XhinLiang random api	382	START	1544861122480	1544861122480
USER	XhinLiang random api	383	START	1544861122499	1544861122499
USER	XhinLiang random api	384	START	1544861122530	1544861122530
REQUEST	315		random	1544861120811	1544861122534	OK	 
USER	XhinLiang random api	315	END	1544861120810	1544861122534
REQUEST	365		random	1544861122051	1544861122545	OK	 
USER	XhinLiang random api	365	END	1544861122050	1544861122546
USER	XhinLiang random api	385	START	1544861122550	1544861122550
USER	XhinLiang random api	386	START	1544861122580	1544861122580
REQUEST	359		random	1544861121911	1544861122593	OK	 
USER	XhinLiang random api	359	END	1544861121910	1544861122594
USER	XhinLiang random api	387	START	1544861122600	1544861122600
REQUEST	368		random	1544861122131	1544861122607	OK	 
USER	XhinLiang random api	368	END	1544861122130	1544861122608
USER	XhinLiang random api	388	START	1544861122629	1544861122629
USER	XhinLiang random api	389	START	1544861122650	1544861122650
REQUEST	362		random	1544861121980	1544861122664	OK	 
USER	XhinLiang random api	362	END	1544861121980	1544861122665
USER	XhinLiang random api	390	START	1544861122680	1544861122680
USER	XhinLiang random api	391	START	1544861122700	1544861122700
USER	XhinLiang random api	392	START	1544861122729	1544861122729
USER	XhinLiang random api	393	START	1544861122750	1544861122750
USER	XhinLiang random api	394	START	1544861122780	1544861122780
USER	XhinLiang random api	395	START	1544861122799	1544861122799
USER	XhinLiang random api	396	START	1544861122830	1544861122830
USER	XhinLiang random api	397	START	1544861122850	1544861122850
REQUEST	345		random	1544861121560	1544861122857	OK	 
USER	XhinLiang random api	345	END	1544861121560	1544861122858
USER	XhinLiang random api	398	START	1544861122880	1544861122880
USER	XhinLiang random api	399	START	1544861122900	1544861122900
USER	XhinLiang random api	400	START	1544861122930	1544861122930
REQUEST	134		random	1544861116281	1544861122960	OK	 
USER	XhinLiang random api	134	END	1544861116280	1544861122961
REQUEST	268		random	1544861119630	1544861122989	OK	 
USER	XhinLiang random api	268	END	1544861119629	1544861122990
REQUEST	367		random	1544861122100	1544861122995	OK	 
USER	XhinLiang random api	367	END	1544861122100	1544861122996
REQUEST	387		random	1544861122601	1544861123096	OK	 
USER	XhinLiang random api	387	END	1544861122600	1544861123097
REQUEST	377		random	1544861122351	1544861123120	OK	 
REQUEST	364		random	1544861122030	1544861123121	OK	 
USER	XhinLiang random api	377	END	1544861122350	1544861123122
USER	XhinLiang random api	364	END	1544861122030	1544861123122
REQUEST	271		random	1544861119710	1544861123178	OK	 
USER	XhinLiang random api	271	END	1544861119710	1544861123179
REQUEST	305		random	1544861120561	1544861123302	OK	 
USER	XhinLiang random api	305	END	1544861120560	1544861123304
REQUEST	395		random	1544861122800	1544861123314	OK	 
USER	XhinLiang random api	395	END	1544861122799	1544861123315
REQUEST	340		random	1544861121430	1544861123361	OK	 
USER	XhinLiang random api	340	END	1544861121430	1544861123362
REQUEST	383		random	1544861122501	1544861123394	OK	 
USER	XhinLiang random api	383	END	1544861122499	1544861123395
REQUEST	277		random	1544861119861	1544861123426	OK	 
USER	XhinLiang random api	277	END	1544861119860	1544861123427
REQUEST	385		random	1544861122551	1544861123459	OK	 
USER	XhinLiang random api	385	END	1544861122550	1544861123461
REQUEST	386		random	1544861122581	1544861123474	OK	 
USER	XhinLiang random api	386	END	1544861122580	1544861123475
REQUEST	288		random	1544861120131	1544861123494	OK	 
USER	XhinLiang random api	288	END	1544861120130	1544861123495
REQUEST	148		random	1544861116631	1544861123508	OK	 
USER	XhinLiang random api	148	END	1544861116630	1544861123509
REQUEST	124		random	1544861116031	1544861123525	OK	 
USER	XhinLiang random api	124	END	1544861116030	1544861123526
REQUEST	342		random	1544861121481	1544861123649	OK	 
USER	XhinLiang random api	342	END	1544861121480	1544861123650
REQUEST	299		random	1544861120410	1544861123666	OK	 
USER	XhinLiang random api	299	END	1544861120410	1544861123668
REQUEST	253		random	1544861119261	1544861123684	OK	 
REQUEST	170		random	1544861117181	1544861123684	OK	 
USER	XhinLiang random api	253	END	1544861119260	1544861123685
USER	XhinLiang random api	170	END	1544861117180	1544861123685
REQUEST	339		random	1544861121411	1544861123776	OK	 
USER	XhinLiang random api	339	END	1544861121410	1544861123777
REQUEST	397		random	1544861122851	1544861123785	OK	 
USER	XhinLiang random api	397	END	1544861122850	1544861123786
REQUEST	119		random	1544861115910	1544861123836	OK	 
USER	XhinLiang random api	119	END	1544861115910	1544861123837
REQUEST	384		random	1544861122531	1544861123872	OK	 
USER	XhinLiang random api	384	END	1544861122530	1544861123873
REQUEST	142		random	1544861116481	1544861123877	OK	 
USER	XhinLiang random api	142	END	1544861116480	1544861123878
REQUEST	233		random	1544861118751	1544861123882	OK	 
USER	XhinLiang random api	233	END	1544861118750	1544861123883
REQUEST	392		random	1544861122730	1544861123892	OK	 
USER	XhinLiang random api	392	END	1544861122729	1544861123893
REQUEST	371		random	1544861122201	1544861123953	OK	 
USER	XhinLiang random api	371	END	1544861122200	1544861123954
REQUEST	290		random	1544861120180	1544861123962	OK	 
USER	XhinLiang random api	290	END	1544861120180	1544861123962
REQUEST	346		random	1544861121581	1544861123999	OK	 
USER	XhinLiang random api	346	END	1544861121580	1544861124000
REQUEST	382		random	1544861122481	1544861124031	OK	 
USER	XhinLiang random api	382	END	1544861122480	1544861124032
REQUEST	293		random	1544861120261	1544861124039	OK	 
USER	XhinLiang random api	293	END	1544861120260	1544861124040
REQUEST	374		random	1544861122281	1544861124041	OK	 
USER	XhinLiang random api	374	END	1544861122280	1544861124042
REQUEST	294		random	1544861120281	1544861124078	OK	 
USER	XhinLiang random api	294	END	1544861120280	1544861124079
REQUEST	303		random	1544861120511	1544861124091	OK	 
USER	XhinLiang random api	303	END	1544861120510	1544861124092
REQUEST	332		random	1544861121230	1544861124100	OK	 
USER	XhinLiang random api	332	END	1544861121229	1544861124102
REQUEST	381		random	1544861122451	1544861124159	OK	 
USER	XhinLiang random api	381	END	1544861122450	1544861124160
REQUEST	199		random	1544861117911	1544861124189	OK	 
USER	XhinLiang random api	199	END	1544861117910	1544861124190
REQUEST	267		random	1544861119611	1544861124199	OK	 
USER	XhinLiang random api	267	END	1544861119610	1544861124200
REQUEST	185		random	1544861117561	1544861124260	OK	 
USER	XhinLiang random api	185	END	1544861117560	1544861124261
REQUEST	165		random	1544861117061	1544861124329	OK	 
USER	XhinLiang random api	165	END	1544861117060	1544861124330
REQUEST	398		random	1544861122880	1544861124338	OK	 
USER	XhinLiang random api	398	END	1544861122880	1544861124339
REQUEST	307		random	1544861120611	1544861124390	OK	 
USER	XhinLiang random api	307	END	1544861120610	1544861124392
REQUEST	141		random	1544861116460	1544861124400	OK	 
USER	XhinLiang random api	141	END	1544861116460	1544861124401
REQUEST	390		random	1544861122681	1544861124411	OK	 
USER	XhinLiang random api	390	END	1544861122680	1544861124412
REQUEST	326		random	1544861121081	1544861124442	OK	 
USER	XhinLiang random api	326	END	1544861121080	1544861124443
REQUEST	176		random	1544861117330	1544861124444	OK	 
USER	XhinLiang random api	176	END	1544861117330	1544861124445
REQUEST	205		random	1544861118050	1544861124509	OK	 
USER	XhinLiang random api	205	END	1544861118050	1544861124510
REQUEST	188		random	1544861117630	1544861124529	OK	 
USER	XhinLiang random api	188	END	1544861117630	1544861124530
REQUEST	180		random	1544861117431	1544861124535	OK	 
USER	XhinLiang random api	180	END	1544861117430	1544861124536
REQUEST	300		random	1544861120431	1544861124544	OK	 
USER	XhinLiang random api	300	END	1544861120430	1544861124545
REQUEST	396		random	1544861122831	1544861124552	OK	 
USER	XhinLiang random api	396	END	1544861122830	1544861124553
REQUEST	380		random	1544861122430	1544861124559	OK	 
USER	XhinLiang random api	380	END	1544861122429	1544861124560
REQUEST	208		random	1544861118131	1544861124619	OK	 
USER	XhinLiang random api	208	END	1544861118130	1544861124619
REQUEST	206		random	1544861118081	1544861124629	OK	 
USER	XhinLiang random api	206	END	1544861118080	1544861124630
REQUEST	351		random	1544861121710	1544861124670	OK	 
REQUEST	283		random	1544861120010	1544861124669	OK	 
USER	XhinLiang random api	351	END	1544861121710	1544861124670
USER	XhinLiang random api	283	END	1544861120010	1544861124670
REQUEST	327		random	1544861121110	1544861124694	OK	 
USER	XhinLiang random api	327	END	1544861121110	1544861124695
REQUEST	378		random	1544861122380	1544861124717	OK	 
USER	XhinLiang random api	378	END	1544861122380	1544861124718
REQUEST	314		random	1544861120780	1544861124760	OK	 
USER	XhinLiang random api	314	END	1544861120780	1544861124761
REQUEST	82		random	1544861114980	1544861124988	KO	j.n.s.SSLException: handshake timed out
USER	XhinLiang random api	82	END	1544861114980	1544861125015
REQUEST	90		random	1544861115181	1544861125189	KO	j.n.s.SSLException: handshake timed out
USER	XhinLiang random api	90	END	1544861115180	1544861125191
REQUEST	97		random	1544861115361	1544861125370	KO	j.n.s.SSLException: handshake timed out
USER	XhinLiang random api	97	END	1544861115360	1544861125372
REQUEST	102		random	1544861115480	1544861125489	KO	j.n.s.SSLException: handshake timed out
USER	XhinLiang random api	102	END	1544861115479	1544861125490
REQUEST	105		random	1544861115561	1544861125569	KO	j.n.s.SSLException: handshake timed out
USER	XhinLiang random api	105	END	1544861115560	1544861125570
REQUEST	114		random	1544861115781	1544861125789	KO	j.n.s.SSLException: handshake timed out
USER	XhinLiang random api	114	END	1544861115780	1544861125791
REQUEST	115		random	1544861115811	1544861125820	KO	j.n.s.SSLException: handshake timed out
USER	XhinLiang random api	115	END	1544861115810	1544861125821
REQUEST	117		random	1544861115861	1544861125869	KO	j.n.s.SSLException: handshake timed out
USER	XhinLiang random api	117	END	1544861115860	1544861125871
REQUEST	129		random	1544861116161	1544861126170	KO	j.n.s.SSLException: handshake timed out
USER	XhinLiang random api	129	END	1544861116160	1544861126172
REQUEST	130		random	1544861116181	1544861126189	KO	j.n.s.SSLException: handshake timed out
USER	XhinLiang random api	130	END	1544861116180	1544861126192
REQUEST	132		random	1544861116231	1544861126240	KO	j.n.s.SSLException: handshake timed out
USER	XhinLiang random api	132	END	1544861116230	1544861126241
REQUEST	136		random	1544861116331	1544861126339	KO	j.n.s.SSLException: handshake timed out
USER	XhinLiang random api	136	END	1544861116330	1544861126341
REQUEST	144		random	1544861116530	1544861126538	KO	j.n.s.SSLException: handshake timed out
USER	XhinLiang random api	144	END	1544861116530	1544861126540
REQUEST	146		random	1544861116580	1544861126588	KO	j.n.s.SSLException: handshake timed out
USER	XhinLiang random api	146	END	1544861116579	1544861126589
REQUEST	226		random	1544861118581	1544861126931	OK	 
USER	XhinLiang random api	226	END	1544861118580	1544861126932
REQUEST	168		random	1544861117131	1544861127143	KO	j.n.s.SSLException: handshake timed out
USER	XhinLiang random api	168	END	1544861117130	1544861127145
REQUEST	172		random	1544861117231	1544861127243	KO	j.n.s.SSLException: handshake timed out
USER	XhinLiang random api	172	END	1544861117230	1544861127245
REQUEST	177		random	1544861117361	1544861127369	KO	j.n.s.SSLException: handshake timed out
USER	XhinLiang random api	177	END	1544861117360	1544861127370
REQUEST	237		random	1544861118850	1544861127372	OK	 
REQUEST	369		random	1544861122151	1544861127372	OK	 
USER	XhinLiang random api	369	END	1544861122150	1544861127373
USER	XhinLiang random api	237	END	1544861118850	1544861127373
REQUEST	263		random	1544861119510	1544861127374	OK	 
REQUEST	357		random	1544861121861	1544861127374	OK	 
REQUEST	353		random	1544861121760	1544861127374	OK	 
USER	XhinLiang random api	357	END	1544861121860	1544861127375
USER	XhinLiang random api	263	END	1544861119510	1544861127375
REQUEST	341		random	1544861121461	1544861127375	OK	 
REQUEST	399		random	1544861122901	1544861127375	OK	 
USER	XhinLiang random api	353	END	1544861121760	1544861127375
REQUEST	347		random	1544861121610	1544861127375	OK	 
USER	XhinLiang random api	347	END	1544861121609	1544861127376
USER	XhinLiang random api	399	END	1544861122900	1544861127376
USER	XhinLiang random api	341	END	1544861121460	1544861127376
REQUEST	221		random	1544861118451	1544861127376	OK	 
REQUEST	363		random	1544861122001	1544861127376	OK	 
USER	XhinLiang random api	363	END	1544861122000	1544861127377
USER	XhinLiang random api	221	END	1544861118450	1544861127377
REQUEST	147		random	1544861116610	1544861127377	OK	 
USER	XhinLiang random api	147	END	1544861116610	1544861127378
REQUEST	212		random	1544861118230	1544861127378	OK	 
REQUEST	335		random	1544861121310	1544861127378	OK	 
USER	XhinLiang random api	212	END	1544861118230	1544861127379
USER	XhinLiang random api	335	END	1544861121310	1544861127379
REQUEST	348		random	1544861121630	1544861127379	OK	 
REQUEST	391		random	1544861122701	1544861127379	OK	 
REQUEST	259		random	1544861119411	1544861127379	OK	 
USER	XhinLiang random api	259	END	1544861119410	1544861127380
USER	XhinLiang random api	391	END	1544861122700	1544861127380
USER	XhinLiang random api	348	END	1544861121630	1544861127380
REQUEST	238		random	1544861118881	1544861127380	OK	 
REQUEST	388		random	1544861122630	1544861127380	OK	 
REQUEST	239		random	1544861118901	1544861127380	OK	 
USER	XhinLiang random api	239	END	1544861118900	1544861127381
USER	XhinLiang random api	388	END	1544861122629	1544861127381
REQUEST	379		random	1544861122401	1544861127380	OK	 
REQUEST	140		random	1544861116431	1544861127381	OK	 
REQUEST	400		random	1544861122931	1544861127381	OK	 
REQUEST	375		random	1544861122300	1544861127381	OK	 
USER	XhinLiang random api	375	END	1544861122299	1544861127381
USER	XhinLiang random api	140	END	1544861116430	1544861127381
USER	XhinLiang random api	379	END	1544861122400	1544861127381
REQUEST	92		random	1544861115230	1544861127382	OK	 
USER	XhinLiang random api	238	END	1544861118880	1544861127382
REQUEST	201		random	1544861117961	1544861127375	OK	 
USER	XhinLiang random api	92	END	1544861115229	1544861127382
REQUEST	350		random	1544861121680	1544861127382	OK	 
USER	XhinLiang random api	201	END	1544861117960	1544861127383
USER	XhinLiang random api	350	END	1544861121680	1544861127383
REQUEST	372		random	1544861122231	1544861127383	OK	 
REQUEST	361		random	1544861121961	1544861127383	OK	 
USER	XhinLiang random api	400	END	1544861122930	1544861127383
USER	XhinLiang random api	361	END	1544861121960	1544861127383
REQUEST	209		random	1544861118151	1544861127384	OK	 
REQUEST	389		random	1544861122650	1544861127384	OK	 
USER	XhinLiang random api	372	END	1544861122230	1544861127384
USER	XhinLiang random api	209	END	1544861118150	1544861127384
USER	XhinLiang random api	389	END	1544861122650	1544861127385
REQUEST	373		random	1544861122250	1544861127385	OK	 
REQUEST	260		random	1544861119431	1544861127385	OK	 
REQUEST	265		random	1544861119561	1544861127385	OK	 
USER	XhinLiang random api	373	END	1544861122250	1544861127386
REQUEST	173		random	1544861117260	1544861127386	OK	 
USER	XhinLiang random api	260	END	1544861119430	1544861127387
USER	XhinLiang random api	173	END	1544861117259	1544861127387
REQUEST	352		random	1544861121731	1544861127387	OK	 
USER	XhinLiang random api	265	END	1544861119560	1544861127387
REQUEST	308		random	1544861120631	1544861127387	OK	 
REQUEST	249		random	1544861119160	1544861127388	OK	 
USER	XhinLiang random api	308	END	1544861120630	1544861127389
USER	XhinLiang random api	352	END	1544861121730	1544861127390
REQUEST	356		random	1544861121831	1544861127389	OK	 
REQUEST	322		random	1544861120981	1544861127390	OK	 
REQUEST	232		random	1544861118731	1544861127391	OK	 
USER	XhinLiang random api	356	END	1544861121830	1544861127390
REQUEST	358		random	1544861121880	1544861127383	OK	 
USER	XhinLiang random api	322	END	1544861120980	1544861127392
USER	XhinLiang random api	358	END	1544861121880	1544861127393
REQUEST	270		random	1544861119681	1544861127393	OK	 
USER	XhinLiang random api	249	END	1544861119160	1544861127394
USER	XhinLiang random api	232	END	1544861118730	1544861127394
REQUEST	304		random	1544861120531	1544861127395	OK	 
REQUEST	225		random	1544861118550	1544861127395	OK	 
USER	XhinLiang random api	225	END	1544861118550	1544861127396
USER	XhinLiang random api	270	END	1544861119680	1544861127397
REQUEST	393		random	1544861122750	1544861127397	OK	 
REQUEST	366		random	1544861122081	1544861127397	OK	 
REQUEST	210		random	1544861118180	1544861127393	OK	 
USER	XhinLiang random api	210	END	1544861118180	1544861127398
USER	XhinLiang random api	393	END	1544861122750	1544861127399
USER	XhinLiang random api	304	END	1544861120530	1544861127400
USER	XhinLiang random api	366	END	1544861122080	1544861127402
REQUEST	354		random	1544861121781	1544861127399	OK	 
REQUEST	370		random	1544861122180	1544861127404	OK	 
USER	XhinLiang random api	354	END	1544861121780	1544861127404
USER	XhinLiang random api	370	END	1544861122180	1544861127405
REQUEST	256		random	1544861119331	1544861127400	OK	 
USER	XhinLiang random api	256	END	1544861119330	1544861127406
REQUEST	376		random	1544861122331	1544861127407	OK	 
USER	XhinLiang random api	376	END	1544861122330	1544861127410
REQUEST	266		random	1544861119580	1544861127406	OK	 
USER	XhinLiang random api	266	END	1544861119580	1544861127411
REQUEST	298		random	1544861120381	1544861127411	OK	 
USER	XhinLiang random api	298	END	1544861120380	1544861127412
REQUEST	394		random	1544861122781	1544861127413	OK	 
USER	XhinLiang random api	394	END	1544861122780	1544861127414
REQUEST	258		random	1544861119381	1544861127414	OK	 
USER	XhinLiang random api	258	END	1544861119380	1544861127415
REQUEST	218		random	1544861118381	1544861127415	OK	 
USER	XhinLiang random api	218	END	1544861118380	1544861127415
REQUEST	179		random	1544861117411	1544861127419	KO	j.n.s.SSLException: handshake timed out
USER	XhinLiang random api	179	END	1544861117410	1544861127420
REQUEST	182		random	1544861117481	1544861127491	KO	j.n.s.SSLException: handshake timed out
USER	XhinLiang random api	182	END	1544861117480	1544861127492
REQUEST	186		random	1544861117580	1544861127589	KO	j.n.s.SSLException: handshake timed out
USER	XhinLiang random api	186	END	1544861117580	1544861127590
REQUEST	193		random	1544861117761	1544861127769	KO	j.n.s.SSLException: handshake timed out
USER	XhinLiang random api	193	END	1544861117760	1544861127770
REQUEST	195		random	1544861117811	1544861127820	KO	j.n.s.SSLException: handshake timed out
USER	XhinLiang random api	195	END	1544861117810	1544861127821
REQUEST	207		random	1544861118101	1544861128109	KO	j.n.s.SSLException: handshake timed out
USER	XhinLiang random api	207	END	1544861118100	1544861128110
REQUEST	223		random	1544861118501	1544861128510	KO	j.n.s.SSLException: handshake timed out
USER	XhinLiang random api	223	END	1544861118500	1544861128512
REQUEST	230		random	1544861118681	1544861128690	KO	j.n.s.SSLException: handshake timed out
USER	XhinLiang random api	230	END	1544861118680	1544861128692
REQUEST	242		random	1544861118980	1544861128989	KO	j.n.s.SSLException: handshake timed out
USER	XhinLiang random api	242	END	1544861118980	1544861128991
REQUEST	279		random	1544861119911	1544861147577	OK	 
USER	XhinLiang random api	279	END	1544861119910	1544861147578
REQUEST	252		random	1544861119230	1544861147593	OK	 
REQUEST	269		random	1544861119660	1544861147593	OK	 
REQUEST	287		random	1544861120110	1544861147594	OK	 
REQUEST	286		random	1544861120080	1544861147594	OK	 
REQUEST	276		random	1544861119830	1544861147595	OK	 
USER	XhinLiang random api	252	END	1544861119229	1544861147594
USER	XhinLiang random api	286	END	1544861120079	1544861147595
USER	XhinLiang random api	287	END	1544861120110	1544861147595
REQUEST	262		random	1544861119481	1544861147596	OK	 
REQUEST	343		random	1544861121511	1544861147596	OK	 
REQUEST	329		random	1544861121161	1544861147596	OK	 
USER	XhinLiang random api	269	END	1544861119660	1544861147597
USER	XhinLiang random api	262	END	1544861119480	1544861147597
USER	XhinLiang random api	343	END	1544861121510	1544861147597
USER	XhinLiang random api	329	END	1544861121160	1544861147597
REQUEST	275		random	1544861119811	1544861147597	OK	 
REQUEST	281		random	1544861119961	1544861147597	OK	 
REQUEST	349		random	1544861121661	1544861147597	OK	 
USER	XhinLiang random api	281	END	1544861119960	1544861147598
USER	XhinLiang random api	275	END	1544861119810	1544861147598
REQUEST	273		random	1544861119761	1544861147599	OK	 
REQUEST	302		random	1544861120481	1544861147599	OK	 
REQUEST	291		random	1544861120211	1544861147599	OK	 
USER	XhinLiang random api	276	END	1544861119829	1544861147598
REQUEST	285		random	1544861120061	1544861147599	OK	 
USER	XhinLiang random api	349	END	1544861121660	1544861147599
REQUEST	301		random	1544861120461	1544861147600	OK	 
USER	XhinLiang random api	291	END	1544861120210	1544861147600
REQUEST	274		random	1544861119780	1544861147600	OK	 
USER	XhinLiang random api	285	END	1544861120060	1544861147600
USER	XhinLiang random api	273	END	1544861119760	1544861147600
USER	XhinLiang random api	302	END	1544861120480	1544861147600
REQUEST	323		random	1544861121010	1544861147601	OK	 
USER	XhinLiang random api	274	END	1544861119780	1544861147601
USER	XhinLiang random api	301	END	1544861120460	1544861147601
USER	XhinLiang random api	323	END	1544861121009	1544861147602
REQUEST	306		random	1544861120581	1544861147601	OK	 
REQUEST	331		random	1544861121211	1544861147602	OK	 
REQUEST	309		random	1544861120661	1544861147602	OK	 
REQUEST	330		random	1544861121180	1544861147603	OK	 
REQUEST	310		random	1544861120681	1544861147614	OK	 
REQUEST	227		random	1544861118600	1544861147614	OK	 
USER	XhinLiang random api	306	END	1544861120580	1544861147602
USER	XhinLiang random api	331	END	1544861121210	1544861147603
USER	XhinLiang random api	309	END	1544861120660	1544861147603
USER	XhinLiang random api	330	END	1544861121180	1544861147615
USER	XhinLiang random api	227	END	1544861118600	1544861147615
USER	XhinLiang random api	310	END	1544861120680	1544861147615
REQUEST	280		random	1544861119931	1544861147616	OK	 
REQUEST	318		random	1544861120881	1544861147615	OK	 
USER	XhinLiang random api	280	END	1544861119930	1544861147617
REQUEST	360		random	1544861121931	1544861147617	OK	 
USER	XhinLiang random api	360	END	1544861121930	1544861147618
USER	XhinLiang random api	318	END	1544861120880	1544861147618
REQUEST	334		random	1544861121281	1544861147618	OK	 
REQUEST	328		random	1544861121130	1544861147618	OK	 
USER	XhinLiang random api	328	END	1544861121130	1544861147619
REQUEST	344		random	1544861121531	1544861147619	OK	 
USER	XhinLiang random api	334	END	1544861121280	1544861147619
USER	XhinLiang random api	344	END	1544861121530	1544861147620
REQUEST	325		random	1544861121060	1544861147620	OK	 
USER	XhinLiang random api	325	END	1544861121060	1544861147621
REQUEST	333		random	1544861121260	1544861147621	OK	 
USER	XhinLiang random api	333	END	1544861121260	1544861147622
