RUN	com.xhinliang.startup.gatling.ComputerWorld	computerworld	1544856649439	 	3.0.1
USER	Computer Scenario	1	START	1544856651041	1544856651041
USER	Computer Scenario	2	START	1544856651587	1544856651587
REQUEST	1		getComputers	1544856651082	1544856651904	OK	 
REQUEST	2		getComputers	1544856651589	1544856651966	OK	 
USER	Computer Scenario	3	START	1544856652092	1544856652092
REQUEST	2		addNewComputer	1544856652090	1544856652282	OK	 
REQUEST	3		getComputers	1544856652093	1544856652467	OK	 
REQUEST	2		postComputers	1544856652301	1544856652491	OK	 
USER	Computer Scenario	4	START	1544856652587	1544856652587
REQUEST	3		addNewComputer	1544856652481	1544856652667	OK	 
REQUEST	3		postComputers	1544856652670	1544856652864	OK	 
REQUEST	4		getComputers	1544856652589	1544856653054	OK	 
REQUEST	3		postComputers Redirect 1	1544856652865	1544856653057	OK	 
USER	Computer Scenario	3	END	1544856652092	1544856653069
USER	Computer Scenario	5	START	1544856653087	1544856653087
REQUEST	1		addNewComputer	1544856652092	1544856653139	OK	 
REQUEST	1		postComputers	1544856653141	1544856653386	OK	 
REQUEST	5		getComputers	1544856653088	1544856653459	OK	 
USER	Computer Scenario	6	START	1544856653538	1544856653538
REQUEST	4		addNewComputer	1544856653062	1544856653587	OK	 
REQUEST	2		postComputers Redirect 1	1544856652513	1544856653588	OK	 
USER	Computer Scenario	2	END	1544856651587	1544856653590
REQUEST	1		postComputers Redirect 1	1544856653388	1544856653623	OK	 
USER	Computer Scenario	1	END	1544856651041	1544856653625
REQUEST	5		addNewComputer	1544856653471	1544856653658	OK	 
REQUEST	4		postComputers	1544856653590	1544856653827	OK	 
REQUEST	5		postComputers	1544856653660	1544856653850	OK	 
USER	Computer Scenario	7	START	1544856654037	1544856654037
REQUEST	4		postComputers Redirect 1	1544856653829	1544856654068	OK	 
USER	Computer Scenario	4	END	1544856652587	1544856654071
REQUEST	5		postComputers Redirect 1	1544856653852	1544856654232	OK	 
USER	Computer Scenario	5	END	1544856653087	1544856654235
USER	Computer Scenario	8	START	1544856654537	1544856654537
REQUEST	7		getComputers	1544856654039	1544856654966	OK	 
USER	Computer Scenario	9	START	1544856655037	1544856655037
REQUEST	7		addNewComputer	1544856654974	1544856655205	OK	 
REQUEST	6		getComputers	1544856653539	1544856655204	OK	 
REQUEST	7		postComputers	1544856655207	1544856655441	OK	 
USER	Computer Scenario	10	START	1544856655537	1544856655537
REQUEST	9		getComputers	1544856655039	1544856655640	OK	 
REQUEST	7		postComputers Redirect 1	1544856655444	1544856655679	OK	 
USER	Computer Scenario	7	END	1544856654037	1544856655682
REQUEST	10		getComputers	1544856655539	1544856656023	OK	 
USER	Computer Scenario	11	START	1544856656037	1544856656037
REQUEST	9		addNewComputer	1544856655646	1544856656083	OK	 
REQUEST	8		getComputers	1544856654539	1544856656177	OK	 
REQUEST	6		addNewComputer	1544856655209	1544856656244	OK	 
REQUEST	9		postComputers	1544856656085	1544856656272	OK	 
REQUEST	6		postComputers	1544856656247	1544856656486	OK	 
REQUEST	10		addNewComputer	1544856656028	1544856656492	OK	 
REQUEST	11		getComputers	1544856656038	1544856656518	OK	 
USER	Computer Scenario	12	START	1544856656537	1544856656537
REQUEST	10		postComputers	1544856656498	1544856656737	OK	 
REQUEST	12		getComputers	1544856656539	1544856656922	OK	 
REQUEST	11		addNewComputer	1544856656524	1544856656983	OK	 
USER	Computer Scenario	13	START	1544856657037	1544856657037
REQUEST	12		addNewComputer	1544856656926	1544856657113	OK	 
REQUEST	8		addNewComputer	1544856656181	1544856657175	OK	 
REQUEST	11		postComputers	1544856656988	1544856657219	OK	 
REQUEST	12		postComputers	1544856657116	1544856657319	OK	 
REQUEST	8		postComputers	1544856657177	1544856657364	OK	 
REQUEST	11		postComputers Redirect 1	1544856657222	1544856657464	OK	 
USER	Computer Scenario	11	END	1544856656037	1544856657467
REQUEST	12		postComputers Redirect 1	1544856657321	1544856657506	OK	 
USER	Computer Scenario	12	END	1544856656537	1544856657509
REQUEST	9		postComputers Redirect 1	1544856656274	1544856657518	OK	 
USER	Computer Scenario	9	END	1544856655037	1544856657521
USER	Computer Scenario	14	START	1544856657537	1544856657537
REQUEST	13		getComputers	1544856657038	1544856657746	OK	 
REQUEST	6		postComputers Redirect 1	1544856656488	1544856657781	OK	 
USER	Computer Scenario	6	END	1544856653538	1544856657783
USER	Computer Scenario	15	START	1544856658038	1544856658038
REQUEST	14		getComputers	1544856657539	1544856658190	OK	 
REQUEST	8		postComputers Redirect 1	1544856657366	1544856658221	OK	 
USER	Computer Scenario	8	END	1544856654537	1544856658223
REQUEST	10		postComputers Redirect 1	1544856656740	1544856658318	OK	 
USER	Computer Scenario	10	END	1544856655537	1544856658320
REQUEST	14		addNewComputer	1544856658194	1544856658386	OK	 
REQUEST	15		getComputers	1544856658039	1544856658413	OK	 
USER	Computer Scenario	16	START	1544856658537	1544856658537
REQUEST	14		postComputers	1544856658388	1544856658582	OK	 
REQUEST	14		postComputers Redirect 1	1544856658584	1544856658780	OK	 
USER	Computer Scenario	14	END	1544856657537	1544856658783
REQUEST	13		addNewComputer	1544856657750	1544856658799	OK	 
USER	Computer Scenario	17	START	1544856659037	1544856659037
REQUEST	13		postComputers	1544856658801	1544856659041	OK	 
REQUEST	15		addNewComputer	1544856658416	1544856659317	OK	 
REQUEST	15		postComputers	1544856659319	1544856659511	OK	 
USER	Computer Scenario	18	START	1544856659537	1544856659537
REQUEST	16		getComputers	1544856658539	1544856659823	OK	 
USER	Computer Scenario	19	START	1544856660037	1544856660037
REQUEST	16		addNewComputer	1544856659828	1544856660059	OK	 
REQUEST	18		getComputers	1544856659539	1544856660295	OK	 
REQUEST	16		postComputers	1544856660061	1544856660299	OK	 
REQUEST	19		getComputers	1544856660039	1544856660417	OK	 
REQUEST	18		addNewComputer	1544856660300	1544856660485	OK	 
REQUEST	17		getComputers	1544856659039	1544856660532	OK	 
USER	Computer Scenario	20	START	1544856660537	1544856660537
REQUEST	16		postComputers Redirect 1	1544856660301	1544856660538	OK	 
USER	Computer Scenario	16	END	1544856658537	1544856660540
REQUEST	19		addNewComputer	1544856660421	1544856660610	OK	 
REQUEST	18		postComputers	1544856660487	1544856660676	OK	 
REQUEST	19		postComputers	1544856660612	1544856660799	OK	 
REQUEST	19		postComputers Redirect 1	1544856660801	1544856660988	OK	 
USER	Computer Scenario	19	END	1544856660037	1544856660990
REQUEST	20		getComputers	1544856660539	1544856661004	OK	 
USER	Computer Scenario	21	START	1544856661038	1544856661038
REQUEST	20		addNewComputer	1544856661009	1544856661239	OK	 
REQUEST	20		postComputers	1544856661241	1544856661483	OK	 
REQUEST	18		postComputers Redirect 1	1544856660678	1544856661521	OK	 
USER	Computer Scenario	18	END	1544856659537	1544856661524
USER	Computer Scenario	22	START	1544856661537	1544856661537
REQUEST	13		postComputers Redirect 1	1544856659043	1544856661680	OK	 
USER	Computer Scenario	13	END	1544856657037	1544856661682
REQUEST	20		postComputers Redirect 1	1544856661485	1544856661716	OK	 
USER	Computer Scenario	20	END	1544856660537	1544856661718
REQUEST	17		addNewComputer	1544856660536	1544856661741	OK	 
REQUEST	15		postComputers Redirect 1	1544856659513	1544856661864	OK	 
USER	Computer Scenario	15	END	1544856658038	1544856661866
REQUEST	17		postComputers	1544856661743	1544856661984	OK	 
REQUEST	22		getComputers	1544856661539	1544856662006	OK	 
USER	Computer Scenario	23	START	1544856662038	1544856662038
REQUEST	22		addNewComputer	1544856662010	1544856662482	OK	 
REQUEST	23		getComputers	1544856662039	1544856662508	OK	 
USER	Computer Scenario	24	START	1544856662538	1544856662538
REQUEST	21		getComputers	1544856661039	1544856662642	OK	 
REQUEST	22		postComputers	1544856662485	1544856662727	OK	 
REQUEST	21		addNewComputer	1544856662645	1544856662837	OK	 
REQUEST	24		getComputers	1544856662539	1544856662916	OK	 
REQUEST	22		postComputers Redirect 1	1544856662729	1544856662970	OK	 
USER	Computer Scenario	22	END	1544856661537	1544856662971
REQUEST	23		addNewComputer	1544856662511	1544856662976	OK	 
USER	Computer Scenario	25	START	1544856663037	1544856663037
REQUEST	17		postComputers Redirect 1	1544856661985	1544856663070	OK	 
USER	Computer Scenario	17	END	1544856659037	1544856663072
REQUEST	23		postComputers	1544856662978	1544856663219	OK	 
REQUEST	24		addNewComputer	1544856662919	1544856663289	OK	 
REQUEST	25		getComputers	1544856663038	1544856663411	OK	 
REQUEST	24		postComputers	1544856663291	1544856663484	OK	 
USER	Computer Scenario	26	START	1544856663537	1544856663537
REQUEST	25		addNewComputer	1544856663416	1544856663607	OK	 
REQUEST	23		postComputers Redirect 1	1544856663221	1544856663743	OK	 
USER	Computer Scenario	23	END	1544856662038	1544856663745
USER	Computer Scenario	27	START	1544856664038	1544856664038
REQUEST	21		postComputers	1544856662839	1544856664075	OK	 
REQUEST	25		postComputers	1544856663609	1544856664319	OK	 
REQUEST	24		postComputers Redirect 1	1544856663486	1544856664331	OK	 
USER	Computer Scenario	24	END	1544856662538	1544856664333
REQUEST	21		postComputers Redirect 1	1544856664077	1544856664451	OK	 
USER	Computer Scenario	21	END	1544856661038	1544856664453
REQUEST	25		postComputers Redirect 1	1544856664321	1544856664512	OK	 
USER	Computer Scenario	25	END	1544856663037	1544856664515
REQUEST	27		getComputers	1544856664039	1544856664512	OK	 
USER	Computer Scenario	28	START	1544856664537	1544856664537
REQUEST	27		addNewComputer	1544856664517	1544856664752	OK	 
REQUEST	26		getComputers	1544856663538	1544856664789	OK	 
REQUEST	27		postComputers	1544856664753	1544856664990	OK	 
USER	Computer Scenario	29	START	1544856665037	1544856665037
REQUEST	28		getComputers	1544856664538	1544856665156	OK	 
REQUEST	27		postComputers Redirect 1	1544856664991	1544856665229	OK	 
USER	Computer Scenario	27	END	1544856664038	1544856665234
REQUEST	26		addNewComputer	1544856664793	1544856665258	OK	 
REQUEST	28		addNewComputer	1544856665159	1544856665345	OK	 
REQUEST	26		postComputers	1544856665260	1544856665498	OK	 
USER	Computer Scenario	30	START	1544856665537	1544856665537
REQUEST	26		postComputers Redirect 1	1544856665499	1544856665970	OK	 
USER	Computer Scenario	26	END	1544856663537	1544856665973
USER	Computer Scenario	31	START	1544856666037	1544856666037
REQUEST	28		postComputers	1544856665347	1544856666063	OK	 
REQUEST	28		postComputers Redirect 1	1544856666064	1544856666253	OK	 
USER	Computer Scenario	28	END	1544856664537	1544856666255
USER	Computer Scenario	32	START	1544856666537	1544856666537
REQUEST	29		getComputers	1544856665039	1544856666734	OK	 
REQUEST	29		addNewComputer	1544856666737	1544856666972	OK	 
USER	Computer Scenario	33	START	1544856667037	1544856667037
REQUEST	30		getComputers	1544856665538	1544856667075	OK	 
REQUEST	29		postComputers	1544856666973	1544856667213	OK	 
REQUEST	31		getComputers	1544856666039	1544856667218	OK	 
REQUEST	30		addNewComputer	1544856667079	1544856667274	OK	 
REQUEST	31		addNewComputer	1544856667223	1544856667408	OK	 
REQUEST	33		getComputers	1544856667038	1544856667411	OK	 
REQUEST	29		postComputers Redirect 1	1544856667214	1544856667455	OK	 
USER	Computer Scenario	29	END	1544856665037	1544856667457
REQUEST	30		postComputers	1544856667277	1544856667462	OK	 
USER	Computer Scenario	34	START	1544856667538	1544856667538
REQUEST	31		postComputers	1544856667410	1544856667598	OK	 
REQUEST	33		addNewComputer	1544856667414	1544856667599	OK	 
REQUEST	30		postComputers Redirect 1	1544856667464	1544856667657	OK	 
USER	Computer Scenario	30	END	1544856665537	1544856667659
REQUEST	31		postComputers Redirect 1	1544856667601	1544856667789	OK	 
REQUEST	33		postComputers	1544856667601	1544856667789	OK	 
USER	Computer Scenario	31	END	1544856666037	1544856667790
REQUEST	33		postComputers Redirect 1	1544856667790	1544856667984	OK	 
USER	Computer Scenario	33	END	1544856667037	1544856667986
REQUEST	32		getComputers	1544856666538	1544856667997	OK	 
USER	Computer Scenario	35	START	1544856668038	1544856668038
REQUEST	34		getComputers	1544856667539	1544856668243	OK	 
REQUEST	32		addNewComputer	1544856668000	1544856668469	OK	 
REQUEST	34		addNewComputer	1544856668246	1544856668485	OK	 
USER	Computer Scenario	36	START	1544856668537	1544856668537
REQUEST	32		postComputers	1544856668471	1544856668703	OK	 
REQUEST	34		postComputers	1544856668486	1544856668716	OK	 
REQUEST	34		postComputers Redirect 1	1544856668717	1544856668955	OK	 
USER	Computer Scenario	34	END	1544856667538	1544856668957
USER	Computer Scenario	37	START	1544856669037	1544856669037
REQUEST	32		postComputers Redirect 1	1544856668704	1544856669179	OK	 
USER	Computer Scenario	32	END	1544856666537	1544856669182
USER	Computer Scenario	38	START	1544856669537	1544856669537
REQUEST	36		getComputers	1544856668539	1544856669714	OK	 
REQUEST	37		getComputers	1544856669038	1544856669791	OK	 
REQUEST	36		addNewComputer	1544856669717	1544856669903	OK	 
REQUEST	35		getComputers	1544856668039	1544856670003	OK	 
USER	Computer Scenario	39	START	1544856670037	1544856670037
REQUEST	37		addNewComputer	1544856669794	1544856670041	OK	 
REQUEST	36		postComputers	1544856669904	1544856670098	OK	 
REQUEST	37		postComputers	1544856670042	1544856670274	OK	 
REQUEST	36		postComputers Redirect 1	1544856670099	1544856670308	OK	 
USER	Computer Scenario	36	END	1544856668537	1544856670310
REQUEST	35		addNewComputer	1544856670005	1544856670472	OK	 
USER	Computer Scenario	40	START	1544856670537	1544856670537
REQUEST	39		getComputers	1544856670038	1544856670617	OK	 
REQUEST	35		postComputers	1544856670473	1544856670709	OK	 
REQUEST	37		postComputers Redirect 1	1544856670275	1544856670806	OK	 
USER	Computer Scenario	37	END	1544856669037	1544856670808
REQUEST	40		getComputers	1544856670539	1544856671009	OK	 
USER	Computer Scenario	41	START	1544856671038	1544856671038
REQUEST	35		postComputers Redirect 1	1544856670710	1544856671475	OK	 
USER	Computer Scenario	35	END	1544856668038	1544856671477
REQUEST	40		addNewComputer	1544856671012	1544856671485	OK	 
REQUEST	39		addNewComputer	1544856670621	1544856671507	OK	 
USER	Computer Scenario	42	START	1544856671538	1544856671538
REQUEST	38		getComputers	1544856669538	1544856671632	OK	 
REQUEST	39		postComputers	1544856671509	1544856671695	OK	 
REQUEST	40		postComputers	1544856671487	1544856671723	OK	 
REQUEST	42		getComputers	1544856671539	1544856671921	OK	 
REQUEST	38		addNewComputer	1544856671635	1544856672017	OK	 
USER	Computer Scenario	43	START	1544856672037	1544856672037
REQUEST	39		postComputers Redirect 1	1544856671696	1544856672078	OK	 
USER	Computer Scenario	39	END	1544856670037	1544856672079
REQUEST	42		addNewComputer	1544856671925	1544856672120	OK	 
REQUEST	38		postComputers	1544856672019	1544856672206	OK	 
REQUEST	42		postComputers	1544856672122	1544856672309	OK	 
REQUEST	43		getComputers	1544856672038	1544856672428	OK	 
REQUEST	42		postComputers Redirect 1	1544856672310	1544856672499	OK	 
USER	Computer Scenario	42	END	1544856671538	1544856672502
USER	Computer Scenario	44	START	1544856672537	1544856672537
REQUEST	38		postComputers Redirect 1	1544856672207	1544856672592	OK	 
USER	Computer Scenario	38	END	1544856669537	1544856672594
REQUEST	40		postComputers Redirect 1	1544856671725	1544856672780	OK	 
USER	Computer Scenario	40	END	1544856670537	1544856672782
REQUEST	44		getComputers	1544856672538	1544856673011	OK	 
USER	Computer Scenario	45	START	1544856673037	1544856673037
REQUEST	44		addNewComputer	1544856673016	1544856673250	OK	 
REQUEST	43		addNewComputer	1544856672431	1544856673363	OK	 
REQUEST	44		postComputers	1544856673251	1544856673496	OK	 
USER	Computer Scenario	46	START	1544856673537	1544856673537
REQUEST	43		postComputers	1544856673365	1544856673553	OK	 
REQUEST	41		getComputers	1544856671039	1544856673684	OK	 
REQUEST	43		postComputers Redirect 1	1544856673555	1544856673749	OK	 
USER	Computer Scenario	43	END	1544856672037	1544856673751
REQUEST	46		getComputers	1544856673539	1544856674016	OK	 
USER	Computer Scenario	47	START	1544856674038	1544856674038
REQUEST	45		getComputers	1544856673038	1544856674127	OK	 
REQUEST	41		addNewComputer	1544856673688	1544856674169	OK	 
REQUEST	46		addNewComputer	1544856674018	1544856674249	OK	 
REQUEST	41		postComputers	1544856674171	1544856674410	OK	 
REQUEST	46		postComputers	1544856674250	1544856674488	OK	 
USER	Computer Scenario	48	START	1544856674538	1544856674538
REQUEST	47		getComputers	1544856674039	1544856674736	OK	 
REQUEST	48		getComputers	1544856674539	1544856674917	OK	 
REQUEST	46		postComputers Redirect 1	1544856674489	1544856675024	OK	 
USER	Computer Scenario	46	END	1544856673537	1544856675026
USER	Computer Scenario	49	START	1544856675037	1544856675037
REQUEST	41		postComputers Redirect 1	1544856674411	1544856675109	OK	 
USER	Computer Scenario	41	END	1544856671038	1544856675111
REQUEST	48		addNewComputer	1544856674920	1544856675113	OK	 
REQUEST	45		addNewComputer	1544856674130	1544856675170	OK	 
REQUEST	47		addNewComputer	1544856674738	1544856675268	OK	 
REQUEST	48		postComputers	1544856675114	1544856675306	OK	 
REQUEST	45		postComputers	1544856675172	1544856675356	OK	 
REQUEST	47		postComputers	1544856675269	1544856675499	OK	 
REQUEST	48		postComputers Redirect 1	1544856675308	1544856675499	OK	 
USER	Computer Scenario	48	END	1544856674538	1544856675501
REQUEST	49		getComputers	1544856675038	1544856675513	OK	 
USER	Computer Scenario	50	START	1544856675537	1544856675537
REQUEST	45		postComputers Redirect 1	1544856675358	1544856675734	OK	 
USER	Computer Scenario	45	END	1544856673037	1544856675736
REQUEST	49		addNewComputer	1544856675515	1544856675753	OK	 
REQUEST	47		postComputers Redirect 1	1544856675500	1544856675969	OK	 
USER	Computer Scenario	47	END	1544856674038	1544856675971
REQUEST	49		postComputers	1544856675754	1544856675985	OK	 
USER	Computer Scenario	51	START	1544856676038	1544856676038
REQUEST	50		getComputers	1544856675538	1544856676102	OK	 
REQUEST	50		addNewComputer	1544856676104	1544856676290	OK	 
REQUEST	49		postComputers Redirect 1	1544856675986	1544856676452	OK	 
USER	Computer Scenario	49	END	1544856675037	1544856676455
REQUEST	44		postComputers Redirect 1	1544856673498	1544856676499	OK	 
USER	Computer Scenario	44	END	1544856672537	1544856676501
USER	Computer Scenario	52	START	1544856676537	1544856676537
REQUEST	51		getComputers	1544856676039	1544856676606	OK	 
REQUEST	50		postComputers	1544856676292	1544856677001	OK	 
REQUEST	51		addNewComputer	1544856676609	1544856677037	OK	 
USER	Computer Scenario	53	START	1544856677038	1544856677038
REQUEST	51		postComputers	1544856677038	1544856677225	OK	 
REQUEST	52		getComputers	1544856676538	1544856677305	OK	 
REQUEST	50		postComputers Redirect 1	1544856677004	1544856677433	OK	 
USER	Computer Scenario	50	END	1544856675537	1544856677435
USER	Computer Scenario	54	START	1544856677537	1544856677537
REQUEST	54		getComputers	1544856677539	1544856678018	OK	 
USER	Computer Scenario	55	START	1544856678038	1544856678038
USER	Computer Scenario	56	START	1544856678538	1544856678538
REQUEST	52		addNewComputer	1544856677308	1544856678901	OK	 
REQUEST	56		getComputers	1544856678539	1544856678918	OK	 
REQUEST	53		getComputers	1544856677038	1544856678976	OK	 
USER	Computer Scenario	57	START	1544856679037	1544856679037
REQUEST	51		postComputers Redirect 1	1544856677227	1544856679091	OK	 
USER	Computer Scenario	51	END	1544856676038	1544856679093
REQUEST	52		postComputers	1544856678903	1544856679137	OK	 
REQUEST	53		addNewComputer	1544856678979	1544856679170	OK	 
REQUEST	53		postComputers	1544856679172	1544856679367	OK	 
REQUEST	54		addNewComputer	1544856678020	1544856679486	OK	 
USER	Computer Scenario	58	START	1544856679537	1544856679537
REQUEST	55		getComputers	1544856678039	1544856679705	OK	 
REQUEST	54		postComputers	1544856679488	1544856679723	OK	 
REQUEST	56		addNewComputer	1544856678920	1544856679927	OK	 
REQUEST	58		getComputers	1544856679538	1544856680015	OK	 
USER	Computer Scenario	59	START	1544856680038	1544856680038
REQUEST	56		postComputers	1544856679929	1544856680121	OK	 
REQUEST	55		addNewComputer	1544856679708	1544856680179	OK	 
REQUEST	54		postComputers Redirect 1	1544856679725	1544856680203	OK	 
USER	Computer Scenario	54	END	1544856677537	1544856680205
REQUEST	58		addNewComputer	1544856680018	1544856680255	OK	 
REQUEST	56		postComputers Redirect 1	1544856680122	1544856680309	OK	 
USER	Computer Scenario	56	END	1544856678538	1544856680310
REQUEST	57		getComputers	1544856679038	1544856680409	OK	 
REQUEST	55		postComputers	1544856680181	1544856680414	OK	 
REQUEST	58		postComputers	1544856680257	1544856680492	OK	 
REQUEST	59		getComputers	1544856680038	1544856680503	OK	 
USER	Computer Scenario	60	START	1544856680537	1544856680537
REQUEST	53		postComputers Redirect 1	1544856679368	1544856680658	OK	 
USER	Computer Scenario	53	END	1544856677038	1544856680660
REQUEST	52		postComputers Redirect 1	1544856679139	1544856680666	OK	 
USER	Computer Scenario	52	END	1544856676537	1544856680668
REQUEST	58		postComputers Redirect 1	1544856680494	1544856680725	OK	 
USER	Computer Scenario	58	END	1544856679537	1544856680727
REQUEST	57		addNewComputer	1544856680412	1544856680790	OK	 
REQUEST	60		getComputers	1544856680538	1544856680914	OK	 
REQUEST	55		postComputers Redirect 1	1544856680416	1544856680934	OK	 
USER	Computer Scenario	55	END	1544856678038	1544856680936
REQUEST	57		postComputers	1544856680793	1544856680988	OK	 
USER	Computer Scenario	61	START	1544856681038	1544856681038
REQUEST	60		addNewComputer	1544856680916	1544856681112	OK	 
REQUEST	60		postComputers	1544856681113	1544856681310	OK	 
REQUEST	61		getComputers	1544856681039	1544856681513	OK	 
USER	Computer Scenario	62	START	1544856681537	1544856681537
REQUEST	60		postComputers Redirect 1	1544856681311	1544856681740	OK	 
USER	Computer Scenario	60	END	1544856680537	1544856681742
REQUEST	61		addNewComputer	1544856681516	1544856681756	OK	 
REQUEST	57		postComputers Redirect 1	1544856680989	1544856681868	OK	 
USER	Computer Scenario	57	END	1544856679037	1544856681870
REQUEST	62		getComputers	1544856681538	1544856681917	OK	 
REQUEST	61		postComputers	1544856681758	1544856681996	OK	 
USER	Computer Scenario	63	START	1544856682037	1544856682037
REQUEST	62		addNewComputer	1544856681920	1544856682110	OK	 
REQUEST	61		postComputers Redirect 1	1544856681998	1544856682230	OK	 
USER	Computer Scenario	61	END	1544856681038	1544856682233
REQUEST	63		getComputers	1544856682038	1544856682415	OK	 
USER	Computer Scenario	64	START	1544856682538	1544856682538
REQUEST	63		addNewComputer	1544856682418	1544856682601	OK	 
REQUEST	62		postComputers	1544856682111	1544856682786	OK	 
REQUEST	63		postComputers	1544856682603	1544856682794	OK	 
REQUEST	63		postComputers Redirect 1	1544856682796	1544856682980	OK	 
USER	Computer Scenario	63	END	1544856682037	1544856682982
USER	Computer Scenario	65	START	1544856683037	1544856683037
REQUEST	59		addNewComputer	1544856680506	1544856683186	OK	 
REQUEST	64		getComputers	1544856682539	1544856683298	OK	 
USER	Computer Scenario	66	START	1544856683538	1544856683538
REQUEST	62		postComputers Redirect 1	1544856682787	1544856683730	OK	 
USER	Computer Scenario	62	END	1544856681537	1544856683732
REQUEST	64		addNewComputer	1544856683301	1544856683773	OK	 
REQUEST	66		getComputers	1544856683539	1544856684009	OK	 
REQUEST	64		postComputers	1544856683775	1544856684013	OK	 
USER	Computer Scenario	67	START	1544856684037	1544856684037
REQUEST	59		postComputers	1544856683187	1544856684067	OK	 
REQUEST	66		addNewComputer	1544856684013	1544856684259	OK	 
REQUEST	64		postComputers Redirect 1	1544856684015	1544856684496	OK	 
USER	Computer Scenario	64	END	1544856682538	1544856684498
REQUEST	66		postComputers	1544856684261	1544856684502	OK	 
USER	Computer Scenario	68	START	1544856684537	1544856684537
REQUEST	66		postComputers Redirect 1	1544856684504	1544856684742	OK	 
USER	Computer Scenario	66	END	1544856683538	1544856684743
REQUEST	67		getComputers	1544856684039	1544856684790	OK	 
REQUEST	68		getComputers	1544856684538	1544856684940	OK	 
REQUEST	65		getComputers	1544856683038	1544856684965	OK	 
USER	Computer Scenario	69	START	1544856685037	1544856685037
REQUEST	59		postComputers Redirect 1	1544856684068	1544856685067	OK	 
USER	Computer Scenario	59	END	1544856680038	1544856685069
REQUEST	67		addNewComputer	1544856684793	1544856685260	OK	 
REQUEST	65		addNewComputer	1544856684968	1544856685334	OK	 
REQUEST	67		postComputers	1544856685262	1544856685504	OK	 
REQUEST	65		postComputers	1544856685336	1544856685530	OK	 
USER	Computer Scenario	70	START	1544856685537	1544856685537
REQUEST	69		getComputers	1544856685038	1544856685807	OK	 
REQUEST	68		addNewComputer	1544856684942	1544856685835	OK	 
REQUEST	65		postComputers Redirect 1	1544856685531	1544856685905	OK	 
USER	Computer Scenario	65	END	1544856683037	1544856685907
REQUEST	70		getComputers	1544856685539	1544856685916	OK	 
REQUEST	67		postComputers Redirect 1	1544856685505	1544856685970	OK	 
USER	Computer Scenario	67	END	1544856684037	1544856685972
REQUEST	68		postComputers	1544856685837	1544856686021	OK	 
USER	Computer Scenario	71	START	1544856686038	1544856686038
REQUEST	69		addNewComputer	1544856685810	1544856686041	OK	 
REQUEST	70		addNewComputer	1544856685919	1544856686110	OK	 
REQUEST	69		postComputers	1544856686042	1544856686274	OK	 
REQUEST	70		postComputers	1544856686112	1544856686302	OK	 
REQUEST	70		postComputers Redirect 1	1544856686303	1544856686490	OK	 
USER	Computer Scenario	70	END	1544856685537	1544856686491
USER	Computer Scenario	72	START	1544856686538	1544856686538
REQUEST	71		getComputers	1544856686039	1544856686607	OK	 
REQUEST	68		postComputers Redirect 1	1544856686023	1544856686778	OK	 
USER	Computer Scenario	68	END	1544856684537	1544856686779
REQUEST	71		addNewComputer	1544856686609	1544856686794	OK	 
REQUEST	69		postComputers Redirect 1	1544856686276	1544856686975	OK	 
USER	Computer Scenario	69	END	1544856685037	1544856686977
REQUEST	71		postComputers	1544856686796	1544856686989	OK	 
REQUEST	72		getComputers	1544856686539	1544856687005	OK	 
USER	Computer Scenario	73	START	1544856687037	1544856687037
REQUEST	71		postComputers Redirect 1	1544856686990	1544856687184	OK	 
USER	Computer Scenario	71	END	1544856686038	1544856687185
USER	Computer Scenario	74	START	1544856687537	1544856687537
REQUEST	73		getComputers	1544856687038	1544856687729	OK	 
REQUEST	74		getComputers	1544856687538	1544856687913	OK	 
REQUEST	73		addNewComputer	1544856687731	1544856687969	OK	 
USER	Computer Scenario	75	START	1544856688037	1544856688037
REQUEST	74		addNewComputer	1544856687915	1544856688106	OK	 
REQUEST	73		postComputers	1544856687971	1544856688208	OK	 
REQUEST	74		postComputers	1544856688107	1544856688291	OK	 
REQUEST	73		postComputers Redirect 1	1544856688210	1544856688447	OK	 
USER	Computer Scenario	73	END	1544856687037	1544856688448
USER	Computer Scenario	76	START	1544856688538	1544856688538
REQUEST	75		getComputers	1544856688038	1544856688598	OK	 
REQUEST	74		postComputers Redirect 1	1544856688292	1544856688669	OK	 
USER	Computer Scenario	74	END	1544856687537	1544856688671
REQUEST	75		addNewComputer	1544856688601	1544856688791	OK	 
REQUEST	75		postComputers	1544856688792	1544856688986	OK	 
REQUEST	76		getComputers	1544856688539	1544856689001	OK	 
USER	Computer Scenario	77	START	1544856689037	1544856689037
REQUEST	76		addNewComputer	1544856689003	1544856689241	OK	 
REQUEST	75		postComputers Redirect 1	1544856688987	1544856689370	OK	 
USER	Computer Scenario	75	END	1544856688037	1544856689372
REQUEST	77		getComputers	1544856689038	1544856689414	OK	 
REQUEST	76		postComputers	1544856689242	1544856689478	OK	 
USER	Computer Scenario	78	START	1544856689537	1544856689537
REQUEST	77		addNewComputer	1544856689417	1544856689602	OK	 
REQUEST	77		postComputers	1544856689603	1544856689790	OK	 
REQUEST	72		addNewComputer	1544856687008	1544856689822	OK	 
REQUEST	76		postComputers Redirect 1	1544856689480	1544856689950	OK	 
USER	Computer Scenario	76	END	1544856688538	1544856689952
REQUEST	78		getComputers	1544856689538	1544856690003	OK	 
USER	Computer Scenario	79	START	1544856690037	1544856690037
REQUEST	72		postComputers	1544856689823	1544856690053	OK	 
REQUEST	77		postComputers Redirect 1	1544856689791	1544856690165	OK	 
USER	Computer Scenario	77	END	1544856689037	1544856690167
REQUEST	78		addNewComputer	1544856690005	1544856690475	OK	 
USER	Computer Scenario	80	START	1544856690538	1544856690538
REQUEST	78		postComputers	1544856690477	1544856690709	OK	 
REQUEST	79		getComputers	1544856690038	1544856690742	OK	 
REQUEST	79		addNewComputer	1544856690745	1544856690982	OK	 
REQUEST	72		postComputers Redirect 1	1544856690054	1544856690988	OK	 
USER	Computer Scenario	72	END	1544856686538	1544856690989
USER	Computer Scenario	81	START	1544856691037	1544856691037
REQUEST	79		postComputers	1544856690984	1544856691213	OK	 
REQUEST	78		postComputers Redirect 1	1544856690710	1544856691405	OK	 
USER	Computer Scenario	78	END	1544856689537	1544856691406
USER	Computer Scenario	82	START	1544856691537	1544856691537
REQUEST	81		getComputers	1544856691038	1544856691600	OK	 
REQUEST	79		postComputers Redirect 1	1544856691214	1544856691682	OK	 
USER	Computer Scenario	79	END	1544856690037	1544856691684
USER	Computer Scenario	83	START	1544856692037	1544856692037
REQUEST	81		addNewComputer	1544856691603	1544856692169	OK	 
REQUEST	81		postComputers	1544856692170	1544856692361	OK	 
REQUEST	80		getComputers	1544856690539	1544856692486	OK	 
REQUEST	83		getComputers	1544856692038	1544856692527	OK	 
USER	Computer Scenario	84	START	1544856692537	1544856692537
REQUEST	81		postComputers Redirect 1	1544856692362	1544856692750	OK	 
USER	Computer Scenario	81	END	1544856691037	1544856692752
REQUEST	83		addNewComputer	1544856692530	1544856693031	OK	 
USER	Computer Scenario	85	START	1544856693038	1544856693038
REQUEST	84		getComputers	1544856692538	1544856693125	OK	 
REQUEST	83		postComputers	1544856693033	1544856693274	OK	 
REQUEST	82		getComputers	1544856691538	1544856693412	OK	 
REQUEST	84		addNewComputer	1544856693128	1544856693504	OK	 
REQUEST	85		getComputers	1544856693039	1544856693510	OK	 
USER	Computer Scenario	86	START	1544856693537	1544856693537
REQUEST	84		postComputers	1544856693506	1544856693697	OK	 
REQUEST	85		addNewComputer	1544856693514	1544856693744	OK	 
REQUEST	82		addNewComputer	1544856693415	1544856693888	OK	 
REQUEST	86		getComputers	1544856693538	1544856693907	OK	 
REQUEST	85		postComputers	1544856693745	1544856693980	OK	 
USER	Computer Scenario	87	START	1544856694037	1544856694037
REQUEST	84		postComputers Redirect 1	1544856693699	1544856694072	OK	 
USER	Computer Scenario	84	END	1544856692537	1544856694073
REQUEST	82		postComputers	1544856693890	1544856694125	OK	 
REQUEST	85		postComputers Redirect 1	1544856693981	1544856694212	OK	 
USER	Computer Scenario	85	END	1544856693038	1544856694213
REQUEST	87		getComputers	1544856694038	1544856694416	OK	 
USER	Computer Scenario	88	START	1544856694537	1544856694537
REQUEST	83		postComputers Redirect 1	1544856693275	1544856694634	OK	 
USER	Computer Scenario	83	END	1544856692037	1544856694635
REQUEST	82		postComputers Redirect 1	1544856694126	1544856694886	OK	 
USER	Computer Scenario	82	END	1544856691537	1544856694887
USER	Computer Scenario	89	START	1544856695037	1544856695037
REQUEST	87		addNewComputer	1544856694419	1544856695172	OK	 
REQUEST	87		postComputers	1544856695174	1544856695367	OK	 
REQUEST	89		getComputers	1544856695038	1544856695503	OK	 
USER	Computer Scenario	90	START	1544856695537	1544856695537
REQUEST	87		postComputers Redirect 1	1544856695368	1544856695792	OK	 
USER	Computer Scenario	87	END	1544856694037	1544856695794
USER	Computer Scenario	91	START	1544856696037	1544856696037
REQUEST	90		getComputers	1544856695538	1544856696088	OK	 
REQUEST	86		addNewComputer	1544856693909	1544856696161	OK	 
REQUEST	89		addNewComputer	1544856695505	1544856696205	OK	 
REQUEST	90		addNewComputer	1544856696091	1544856696278	OK	 
REQUEST	86		postComputers	1544856696162	1544856696346	OK	 
REQUEST	91		getComputers	1544856696038	1544856696423	OK	 
REQUEST	89		postComputers	1544856696206	1544856696440	OK	 
REQUEST	90		postComputers	1544856696280	1544856696463	OK	 
USER	Computer Scenario	92	START	1544856696537	1544856696537
REQUEST	91		addNewComputer	1544856696425	1544856696612	OK	 
REQUEST	89		postComputers Redirect 1	1544856696441	1544856696676	OK	 
USER	Computer Scenario	89	END	1544856695037	1544856696677
REQUEST	91		postComputers	1544856696613	1544856696805	OK	 
REQUEST	90		postComputers Redirect 1	1544856696464	1544856696843	OK	 
USER	Computer Scenario	90	END	1544856695537	1544856696844
REQUEST	88		getComputers	1544856694538	1544856696895	OK	 
REQUEST	91		postComputers Redirect 1	1544856696806	1544856696999	OK	 
USER	Computer Scenario	91	END	1544856696037	1544856697001
USER	Computer Scenario	93	START	1544856697037	1544856697037
REQUEST	88		addNewComputer	1544856696898	1544856697130	OK	 
REQUEST	88		postComputers	1544856697132	1544856697405	OK	 
REQUEST	86		postComputers Redirect 1	1544856696347	1544856697431	OK	 
USER	Computer Scenario	86	END	1544856693537	1544856697432
USER	Computer Scenario	94	START	1544856697538	1544856697538
REQUEST	93		getComputers	1544856697038	1544856697601	OK	 
REQUEST	93		addNewComputer	1544856697603	1544856697796	OK	 
REQUEST	80		addNewComputer	1544856692489	1544856697867	OK	 
REQUEST	88		postComputers Redirect 1	1544856697406	1544856697879	OK	 
USER	Computer Scenario	88	END	1544856694537	1544856697882
REQUEST	93		postComputers	1544856697798	1544856697993	OK	 
REQUEST	94		getComputers	1544856697540	1544856698010	OK	 
USER	Computer Scenario	95	START	1544856698037	1544856698037
REQUEST	80		postComputers	1544856697868	1544856698341	OK	 
REQUEST	95		getComputers	1544856698038	1544856698414	OK	 
REQUEST	93		postComputers Redirect 1	1544856697994	1544856698424	OK	 
USER	Computer Scenario	93	END	1544856697037	1544856698426
REQUEST	92		getComputers	1544856696538	1544856698437	OK	 
REQUEST	94		addNewComputer	1544856698014	1544856698481	OK	 
USER	Computer Scenario	96	START	1544856698537	1544856698537
REQUEST	80		postComputers Redirect 1	1544856698342	1544856698575	OK	 
USER	Computer Scenario	80	END	1544856690538	1544856698576
REQUEST	92		addNewComputer	1544856698440	1544856698676	OK	 
REQUEST	94		postComputers	1544856698482	1544856698719	OK	 
REQUEST	95		addNewComputer	1544856698416	1544856698781	OK	 
REQUEST	92		postComputers	1544856698678	1544856698915	OK	 
REQUEST	95		postComputers	1544856698782	1544856698973	OK	 
REQUEST	96		getComputers	1544856698538	1544856699006	OK	 
USER	Computer Scenario	97	START	1544856699037	1544856699037
REQUEST	92		postComputers Redirect 1	1544856698916	1544856699148	OK	 
USER	Computer Scenario	92	END	1544856696537	1544856699149
REQUEST	94		postComputers Redirect 1	1544856698720	1544856699185	OK	 
USER	Computer Scenario	94	END	1544856697538	1544856699186
REQUEST	96		addNewComputer	1544856699009	1544856699241	OK	 
REQUEST	96		postComputers	1544856699242	1544856699475	OK	 
USER	Computer Scenario	98	START	1544856699537	1544856699537
REQUEST	97		getComputers	1544856699038	1544856699592	OK	 
REQUEST	96		postComputers Redirect 1	1544856699477	1544856699944	OK	 
USER	Computer Scenario	96	END	1544856698537	1544856699945
REQUEST	97		addNewComputer	1544856699594	1544856699960	OK	 
USER	Computer Scenario	99	START	1544856700037	1544856700037
REQUEST	97		postComputers	1544856699961	1544856700157	OK	 
USER	Computer Scenario	100	START	1544856700538	1544856700538
REQUEST	97		postComputers Redirect 1	1544856700158	1544856700710	OK	 
USER	Computer Scenario	97	END	1544856699037	1544856700711
REQUEST	95		postComputers Redirect 1	1544856698974	1544856700778	OK	 
USER	Computer Scenario	95	END	1544856698037	1544856700779
REQUEST	100		getComputers	1544856700539	1544856700968	OK	 
USER	Computer Scenario	101	START	1544856701037	1544856701037
REQUEST	98		getComputers	1544856699538	1544856701156	OK	 
REQUEST	101		getComputers	1544856701038	1544856701518	OK	 
REQUEST	99		getComputers	1544856700038	1544856701518	OK	 
USER	Computer Scenario	102	START	1544856701537	1544856701537
REQUEST	99		addNewComputer	1544856701521	1544856701758	OK	 
REQUEST	101		addNewComputer	1544856701521	1544856701759	OK	 
REQUEST	99		postComputers	1544856701759	1544856701999	OK	 
REQUEST	101		postComputers	1544856701760	1544856702005	OK	 
REQUEST	98		addNewComputer	1544856701158	1544856702037	OK	 
USER	Computer Scenario	103	START	1544856702038	1544856702038
REQUEST	98		postComputers	1544856702038	1544856702224	OK	 
REQUEST	102		getComputers	1544856701538	1544856702235	OK	 
REQUEST	99		postComputers Redirect 1	1544856702000	1544856702464	OK	 
USER	Computer Scenario	99	END	1544856700037	1544856702466
REQUEST	102		addNewComputer	1544856702237	1544856702471	OK	 
USER	Computer Scenario	104	START	1544856702537	1544856702537
REQUEST	103		getComputers	1544856702038	1544856702596	OK	 
REQUEST	98		postComputers Redirect 1	1544856702225	1544856702605	OK	 
USER	Computer Scenario	98	END	1544856699537	1544856702606
REQUEST	102		postComputers	1544856702472	1544856702707	OK	 
REQUEST	103		addNewComputer	1544856702599	1544856702786	OK	 
REQUEST	100		addNewComputer	1544856700970	1544856702827	OK	 
REQUEST	102		postComputers Redirect 1	1544856702708	1544856702943	OK	 
USER	Computer Scenario	102	END	1544856701537	1544856702944
REQUEST	103		postComputers	1544856702787	1544856702978	OK	 
REQUEST	100		postComputers	1544856702828	1544856703018	OK	 
USER	Computer Scenario	105	START	1544856703038	1544856703038
REQUEST	101		postComputers Redirect 1	1544856702006	1544856703056	OK	 
USER	Computer Scenario	101	END	1544856701037	1544856703057
REQUEST	104		getComputers	1544856702538	1544856703101	OK	 
REQUEST	103		postComputers Redirect 1	1544856702979	1544856703357	OK	 
USER	Computer Scenario	103	END	1544856702038	1544856703359
REQUEST	105		getComputers	1544856703038	1544856703499	OK	 
REQUEST	104		addNewComputer	1544856703103	1544856703528	OK	 
USER	Computer Scenario	106	START	1544856703538	1544856703538
REQUEST	105		addNewComputer	1544856703501	1544856704038	OK	 
USER	Computer Scenario	107	START	1544856704038	1544856704038
REQUEST	100		postComputers Redirect 1	1544856703019	1544856704105	OK	 
USER	Computer Scenario	100	END	1544856700538	1544856704107
REQUEST	104		postComputers	1544856703530	1544856704239	OK	 
REQUEST	105		postComputers	1544856704040	1544856704270	OK	 
REQUEST	106		getComputers	1544856703539	1544856704469	OK	 
USER	Computer Scenario	108	START	1544856704537	1544856704537
REQUEST	107		getComputers	1544856704039	1544856704592	OK	 
REQUEST	106		addNewComputer	1544856704472	1544856704938	OK	 
USER	Computer Scenario	109	START	1544856705038	1544856705038
REQUEST	106		postComputers	1544856704940	1544856705171	OK	 
REQUEST	105		postComputers Redirect 1	1544856704271	1544856705290	OK	 
USER	Computer Scenario	105	END	1544856703038	1544856705292
REQUEST	107		addNewComputer	1544856704595	1544856705458	OK	 
REQUEST	104		postComputers Redirect 1	1544856704240	1544856705468	OK	 
USER	Computer Scenario	104	END	1544856702537	1544856705469
USER	Computer Scenario	110	START	1544856705537	1544856705537
REQUEST	107		postComputers	1544856705459	1544856705654	OK	 
REQUEST	108		getComputers	1544856704538	1544856705717	OK	 
REQUEST	110		getComputers	1544856705538	1544856705913	OK	 
REQUEST	108		addNewComputer	1544856705719	1544856705951	OK	 
REQUEST	107		postComputers Redirect 1	1544856705655	1544856706034	OK	 
USER	Computer Scenario	107	END	1544856704038	1544856706036
USER	Computer Scenario	111	START	1544856706037	1544856706037
REQUEST	110		addNewComputer	1544856705915	1544856706108	OK	 
REQUEST	110		postComputers	1544856706109	1544856706305	OK	 
REQUEST	111		getComputers	1544856706038	1544856706515	OK	 
USER	Computer Scenario	112	START	1544856706537	1544856706537
REQUEST	106		postComputers Redirect 1	1544856705172	1544856706648	OK	 
USER	Computer Scenario	106	END	1544856703538	1544856706650
REQUEST	111		addNewComputer	1544856706517	1544856706749	OK	 
REQUEST	108		postComputers	1544856705953	1544856706826	OK	 
REQUEST	111		postComputers	1544856706750	1544856706989	OK	 
USER	Computer Scenario	113	START	1544856707038	1544856707038
REQUEST	110		postComputers Redirect 1	1544856706306	1544856707180	OK	 
USER	Computer Scenario	110	END	1544856705537	1544856707181
REQUEST	109		getComputers	1544856705039	1544856707374	OK	 
USER	Computer Scenario	114	START	1544856707538	1544856707538
REQUEST	113		getComputers	1544856707039	1544856707737	OK	 
REQUEST	108		postComputers Redirect 1	1544856706827	1544856707758	OK	 
USER	Computer Scenario	108	END	1544856704537	1544856707760
REQUEST	112		getComputers	1544856706539	1544856707904	OK	 
REQUEST	111		postComputers Redirect 1	1544856706990	1544856707931	OK	 
USER	Computer Scenario	111	END	1544856706037	1544856707932
REQUEST	113		addNewComputer	1544856707739	1544856707975	OK	 
REQUEST	114		getComputers	1544856707539	1544856708007	OK	 
USER	Computer Scenario	115	START	1544856708038	1544856708038
REQUEST	113		postComputers	1544856707976	1544856708209	OK	 
REQUEST	112		addNewComputer	1544856707917	1544856708339	OK	 
REQUEST	113		postComputers Redirect 1	1544856708210	1544856708449	OK	 
USER	Computer Scenario	113	END	1544856707038	1544856708451
REQUEST	114		addNewComputer	1544856708009	1544856708475	OK	 
REQUEST	109		addNewComputer	1544856707376	1544856708508	OK	 
REQUEST	112		postComputers	1544856708340	1544856708537	OK	 
USER	Computer Scenario	116	START	1544856708537	1544856708537
REQUEST	109		postComputers	1544856708509	1544856708701	OK	 
REQUEST	114		postComputers	1544856708477	1544856708709	OK	 
REQUEST	112		postComputers Redirect 1	1544856708538	1544856708731	OK	 
USER	Computer Scenario	112	END	1544856706537	1544856708733
REQUEST	114		postComputers Redirect 1	1544856708711	1544856708946	OK	 
USER	Computer Scenario	114	END	1544856707538	1544856708948
REQUEST	116		getComputers	1544856708538	1544856709005	OK	 
USER	Computer Scenario	117	START	1544856709037	1544856709037
REQUEST	116		addNewComputer	1544856709007	1544856709244	OK	 
REQUEST	109		postComputers Redirect 1	1544856708702	1544856709256	OK	 
USER	Computer Scenario	109	END	1544856705038	1544856709258
REQUEST	117		getComputers	1544856709038	1544856709427	OK	 
USER	Computer Scenario	118	START	1544856709537	1544856709537
REQUEST	117		addNewComputer	1544856709429	1544856709619	OK	 
REQUEST	115		getComputers	1544856708039	1544856709736	OK	 
REQUEST	117		postComputers	1544856709620	1544856709812	OK	 
REQUEST	117		postComputers Redirect 1	1544856709813	1544856710003	OK	 
USER	Computer Scenario	117	END	1544856709037	1544856710004
USER	Computer Scenario	119	START	1544856710037	1544856710037
REQUEST	118		getComputers	1544856709538	1544856710115	OK	 
REQUEST	115		addNewComputer	1544856709738	1544856710124	OK	 
REQUEST	116		postComputers	1544856709245	1544856710137	OK	 
REQUEST	118		addNewComputer	1544856710117	1544856710490	OK	 
USER	Computer Scenario	120	START	1544856710538	1544856710538
REQUEST	118		postComputers	1544856710491	1544856710681	OK	 
REQUEST	115		postComputers	1544856710126	1544856710820	OK	 
REQUEST	116		postComputers Redirect 1	1544856710138	1544856710843	OK	 
USER	Computer Scenario	116	END	1544856708537	1544856710845
REQUEST	120		getComputers	1544856710539	1544856711017	OK	 
REQUEST	118		postComputers Redirect 1	1544856710683	1544856711064	OK	 
USER	Computer Scenario	118	END	1544856709537	1544856711066
REQUEST	120		addNewComputer	1544856711018	1544856711562	OK	 
REQUEST	119		getComputers	1544856710039	1544856711562	OK	 
REQUEST	120		postComputers	1544856711563	1544856711808	OK	 
REQUEST	115		postComputers Redirect 1	1544856710821	1544856711857	OK	 
USER	Computer Scenario	115	END	1544856708038	1544856711859
REQUEST	119		addNewComputer	1544856711565	1544856712034	OK	 
REQUEST	120		postComputers Redirect 1	1544856711809	1544856712048	OK	 
USER	Computer Scenario	120	END	1544856710538	1544856712049
REQUEST	119		postComputers	1544856712035	1544856712295	OK	 
REQUEST	119		postComputers Redirect 1	1544856712296	1544856712528	OK	 
USER	Computer Scenario	119	END	1544856710037	1544856712529
